<?xml version="1.0" encoding="UTF-8"?>
<testsuite name="org.spotifumtp37.model.album.SongTest" tests="26" skipped="0" failures="0" errors="0" timestamp="2026-05-08T23:44:07" hostname="MacBook-Air-de-Diogo.local" time="0.008">
  <properties/>
  <testcase name="setTimesPlayed()" classname="org.spotifumtp37.model.album.SongTest" time="0.001"/>
  <testcase name="testCopyConstructor()" classname="org.spotifumtp37.model.album.SongTest" time="0.0"/>
  <testcase name="setPublisher()" classname="org.spotifumtp37.model.album.SongTest" time="0.0"/>
  <testcase name="testClone()" classname="org.spotifumtp37.model.album.SongTest" time="0.001"/>
  <testcase name="testToString()" classname="org.spotifumtp37.model.album.SongTest" time="0.0"/>
  <testcase name="isMultimedia()" classname="org.spotifumtp37.model.album.SongTest" time="0.0"/>
  <testcase name="setDurationInSeconds()" classname="org.spotifumtp37.model.album.SongTest" time="0.0"/>
  <testcase name="getTimesPlayed()" classname="org.spotifumtp37.model.album.SongTest" time="0.0"/>
  <testcase name="getName()" classname="org.spotifumtp37.model.album.SongTest" time="0.0"/>
  <testcase name="setArtist()" classname="org.spotifumtp37.model.album.SongTest" time="0.0"/>
  <testcase name="getDurationInSeconds()" classname="org.spotifumtp37.model.album.SongTest" time="0.001"/>
  <testcase name="getArtist()" classname="org.spotifumtp37.model.album.SongTest" time="0.0"/>
  <testcase name="setLyrics()" classname="org.spotifumtp37.model.album.SongTest" time="0.0"/>
  <testcase name="incrementTimesPlayed()" classname="org.spotifumtp37.model.album.SongTest" time="0.0"/>
  <testcase name="getLyrics()" classname="org.spotifumtp37.model.album.SongTest" time="0.0"/>
  <testcase name="testHashCode()" classname="org.spotifumtp37.model.album.SongTest" time="0.0"/>
  <testcase name="getMusicalNotes()" classname="org.spotifumtp37.model.album.SongTest" time="0.0"/>
  <testcase name="getVideoLink()" classname="org.spotifumtp37.model.album.SongTest" time="0.001"/>
  <testcase name="testEquals()" classname="org.spotifumtp37.model.album.SongTest" time="0.0"/>
  <testcase name="setGenre()" classname="org.spotifumtp37.model.album.SongTest" time="0.0"/>
  <testcase name="getPublisher()" classname="org.spotifumtp37.model.album.SongTest" time="0.0"/>
  <testcase name="isExplicit()" classname="org.spotifumtp37.model.album.SongTest" time="0.0"/>
  <testcase name="setMusicalNotes()" classname="org.spotifumtp37.model.album.SongTest" time="0.0"/>
  <testcase name="getGenre()" classname="org.spotifumtp37.model.album.SongTest" time="0.0"/>
  <testcase name="setName()" classname="org.spotifumtp37.model.album.SongTest" time="0.001"/>
  <testcase name="testDefaultConstructor()" classname="org.spotifumtp37.model.album.SongTest" time="0.0"/>
  <system-out><![CDATA[]]></system-out>
  <system-err><![CDATA[]]></system-err>
</testsuite>
