<?xml version="1.0" encoding="UTF-8"?>
<testsuite name="org.spotifumtp37.model.user.UserTest" tests="28" skipped="0" failures="0" errors="0" timestamp="2026-05-08T23:44:07" hostname="MacBook-Air-de-Diogo.local" time="0.021">
  <properties/>
  <testcase name="createTopGenrePlaylist()" classname="org.spotifumtp37.model.user.UserTest" time="0.001"/>
  <testcase name="constructors()" classname="org.spotifumtp37.model.user.UserTest" time="0.0"/>
  <testcase name="getSubscriptionPlan()" classname="org.spotifumtp37.model.user.UserTest" time="0.0"/>
  <testcase name="testGetTopGenreWithNullOrEmptyHistory()" classname="org.spotifumtp37.model.user.UserTest" time="0.0"/>
  <testcase name="testCreatePlaylistsWithNullConditions()" classname="org.spotifumtp37.model.user.UserTest" time="0.011"/>
  <testcase name="createTopGenreExplicitPlaylist()" classname="org.spotifumtp37.model.user.UserTest" time="0.001"/>
  <testcase name="testGetTopGenreWithNullSongOrNullGenre()" classname="org.spotifumtp37.model.user.UserTest" time="0.001"/>
  <testcase name="createTopGenrePlaylistWithinTime()" classname="org.spotifumtp37.model.user.UserTest" time="0.0"/>
  <testcase name="testClone()" classname="org.spotifumtp37.model.user.UserTest" time="0.0"/>
  <testcase name="setPassword()" classname="org.spotifumtp37.model.user.UserTest" time="0.001"/>
  <testcase name="testToString()" classname="org.spotifumtp37.model.user.UserTest" time="0.0"/>
  <testcase name="getPassword()" classname="org.spotifumtp37.model.user.UserTest" time="0.0"/>
  <testcase name="updatePremiumTop()" classname="org.spotifumtp37.model.user.UserTest" time="0.001"/>
  <testcase name="updateHistory()" classname="org.spotifumtp37.model.user.UserTest" time="0.0"/>
  <testcase name="setHistory()" classname="org.spotifumtp37.model.user.UserTest" time="0.0"/>
  <testcase name="getAddress()" classname="org.spotifumtp37.model.user.UserTest" time="0.0"/>
  <testcase name="addPoints()" classname="org.spotifumtp37.model.user.UserTest" time="0.0"/>
  <testcase name="getName()" classname="org.spotifumtp37.model.user.UserTest" time="0.001"/>
  <testcase name="setPontos()" classname="org.spotifumtp37.model.user.UserTest" time="0.0"/>
  <testcase name="getPontos()" classname="org.spotifumtp37.model.user.UserTest" time="0.0"/>
  <testcase name="setSubscriptionPlan()" classname="org.spotifumtp37.model.user.UserTest" time="0.0"/>
  <testcase name="getTopGenre()" classname="org.spotifumtp37.model.user.UserTest" time="0.0"/>
  <testcase name="testEquals()" classname="org.spotifumtp37.model.user.UserTest" time="0.0"/>
  <testcase name="setEmail()" classname="org.spotifumtp37.model.user.UserTest" time="0.0"/>
  <testcase name="setAddress()" classname="org.spotifumtp37.model.user.UserTest" time="0.001"/>
  <testcase name="getEmail()" classname="org.spotifumtp37.model.user.UserTest" time="0.0"/>
  <testcase name="getHistory()" classname="org.spotifumtp37.model.user.UserTest" time="0.0"/>
  <testcase name="setName()" classname="org.spotifumtp37.model.user.UserTest" time="0.0"/>
  <system-out><![CDATA[]]></system-out>
  <system-err><![CDATA[]]></system-err>
</testsuite>
