<?xml version="1.0" encoding="UTF-8"?>
<testsuite name="org.spotifumtp37.model.playlist.PlaylistTest" tests="16" skipped="0" failures="0" errors="0" timestamp="2026-05-08T23:44:07" hostname="MacBook-Air-de-Diogo.local" time="0.078">
  <properties/>
  <testcase name="testGettersAndSetters()" classname="org.spotifumtp37.model.playlist.PlaylistTest" time="0.001"/>
  <testcase name="testAddSong()" classname="org.spotifumtp37.model.playlist.PlaylistTest" time="0.001"/>
  <testcase name="testNextShuffle()" classname="org.spotifumtp37.model.playlist.PlaylistTest" time="0.001"/>
  <testcase name="testNextEarlyReturns()" classname="org.spotifumtp37.model.playlist.PlaylistTest" time="0.001"/>
  <testcase name="testNextWithoutBrowse()" classname="org.spotifumtp37.model.playlist.PlaylistTest" time="0.0"/>
  <testcase name="testPlay()" classname="org.spotifumtp37.model.playlist.PlaylistTest" time="0.005"/>
  <testcase name="testUnreachableBranchesWithReflection()" classname="org.spotifumtp37.model.playlist.PlaylistTest" time="0.06"/>
  <testcase name="testNextWithBrowse()" classname="org.spotifumtp37.model.playlist.PlaylistTest" time="0.001"/>
  <testcase name="testPrevious()" classname="org.spotifumtp37.model.playlist.PlaylistTest" time="0.001"/>
  <testcase name="testEqualsAndToString()" classname="org.spotifumtp37.model.playlist.PlaylistTest" time="0.001"/>
  <testcase name="testEqualsAndToStringBranches()" classname="org.spotifumtp37.model.playlist.PlaylistTest" time="0.001"/>
  <testcase name="testDeleteSong()" classname="org.spotifumtp37.model.playlist.PlaylistTest" time="0.001"/>
  <testcase name="testSetSongsLogic()" classname="org.spotifumtp37.model.playlist.PlaylistTest" time="0.0"/>
  <testcase name="testConstructorsNullAndEmpty()" classname="org.spotifumtp37.model.playlist.PlaylistTest" time="0.001"/>
  <testcase name="testShortCircuitsAndNulls()" classname="org.spotifumtp37.model.playlist.PlaylistTest" time="0.001"/>
  <testcase name="testCloneWithPopulatedSongs()" classname="org.spotifumtp37.model.playlist.PlaylistTest" time="0.001"/>
  <system-out><![CDATA[]]></system-out>
  <system-err><![CDATA[]]></system-err>
</testsuite>
