-------------------------------------------------------------------------------
Test set: org.Model.Music.MusicTest
-------------------------------------------------------------------------------
Tests run: 9, Failures: 1, Errors: 0, Skipped: 0, Time elapsed: 0.008 s <<< FAILURE! - in org.Model.Music.MusicTest
testEquals_VariousConditions_ReturnsExpectedBoolean  Time elapsed: 0.004 s  <<< FAILURE!
org.opentest4j.AssertionFailedError: expected: <false> but was: <true>
	at org.Model.Music.MusicTest.testEquals_VariousConditions_ReturnsExpectedBoolean(MusicTest.java:169)

