<?xml version="1.0" encoding="UTF-8"?>
<testsuite xmlns:xsi="http://www.w3.org/2001/XMLSchema-instance" xsi:noNamespaceSchemaLocation="https://maven.apache.org/surefire/maven-surefire-plugin/xsd/surefire-test-report-3.0.xsd" version="3.0" name="org.View.StatisticsMenu_ESTest" time="4.409" tests="26" errors="0" skipped="0" failures="0">
  <properties>
[...]
</properties>
  <testcase name="test19" classname="org.View.StatisticsMenu_ESTest" time="3.034">
    <system-out><![CDATA[Erro ao limpar o terminal: Security manager blocks ("java.io.FilePermission" "<<ALL FILES>>" "execute")
java.lang.Thread.getStackTrace(Thread.java:1564)
org.evosuite.runtime.sandbox.MSecurityManager.checkPermission(MSecurityManager.java:434)
java.lang.SecurityManager.checkExec(SecurityManager.java:799)
java.lang.ProcessBuilder.start(ProcessBuilder.java:1018)
org.View.Menu.cleanTerminal(Menu.java:113)
org.View.Menu.<init>(Menu.java:29)
org.View.LoginMenu.<init>(LoginMenu.java:16)
org.View.MenuManager.<init>(MenuManager.java:16)
org.View.StatisticsMenu_ESTest$20.run(StatisticsMenu_ESTest.java:425)
java.util.concurrent.Executors$RunnableAdapter.call(Executors.java:511)
java.util.concurrent.FutureTask.run(FutureTask.java:266)
java.util.concurrent.ThreadPoolExecutor.runWorker(ThreadPoolExecutor.java:1149)
java.util.concurrent.ThreadPoolExecutor$Worker.run(ThreadPoolExecutor.java:624)
java.lang.Thread.run(Thread.java:750)

Erro ao limpar o terminal: Security manager blocks ("java.io.FilePermission" "<<ALL FILES>>" "execute")
java.lang.Thread.getStackTrace(Thread.java:1564)
org.evosuite.runtime.sandbox.MSecurityManager.checkPermission(MSecurityManager.java:434)
java.lang.SecurityManager.checkExec(SecurityManager.java:799)
java.lang.ProcessBuilder.start(ProcessBuilder.java:1018)
org.View.Menu.cleanTerminal(Menu.java:113)
org.View.Menu.<init>(Menu.java:29)
org.View.StatisticsMenu.<init>(StatisticsMenu.java:19)
org.View.StatisticsMenu_ESTest$20.run(StatisticsMenu_ESTest.java:426)
java.util.concurrent.Executors$RunnableAdapter.call(Executors.java:511)
java.util.concurrent.FutureTask.run(FutureTask.java:266)
java.util.concurrent.ThreadPoolExecutor.runWorker(ThreadPoolExecutor.java:1149)
java.util.concurrent.ThreadPoolExecutor$Worker.run(ThreadPoolExecutor.java:624)
java.lang.Thread.run(Thread.java:750)

Erro ao limpar o terminal: Security manager blocks ("java.io.FilePermission" "<<ALL FILES>>" "execute")
java.lang.Thread.getStackTrace(Thread.java:1564)
org.evosuite.runtime.sandbox.MSecurityManager.checkPermission(MSecurityManager.java:434)
java.lang.SecurityManager.checkExec(SecurityManager.java:799)
java.lang.ProcessBuilder.start(ProcessBuilder.java:1018)
org.View.Menu.cleanTerminal(Menu.java:113)
org.View.StatisticsMenu.handleInput(StatisticsMenu.java:48)
org.View.StatisticsMenu_ESTest$20.run(StatisticsMenu_ESTest.java:427)
java.util.concurrent.Executors$RunnableAdapter.call(Executors.java:511)
java.util.concurrent.FutureTask.run(FutureTask.java:266)
java.util.concurrent.ThreadPoolExecutor.runWorker(ThreadPoolExecutor.java:1149)
java.util.concurrent.ThreadPoolExecutor$Worker.run(ThreadPoolExecutor.java:624)
java.lang.Thread.run(Thread.java:750)

❌ Erro ao obter o artista mais reproduzido: Não existem artistas na base de dados.
]]></system-out>
    <system-err><![CDATA[SLF4J: Failed to load class "org.slf4j.impl.StaticLoggerBinder".
SLF4J: Defaulting to no-operation (NOP) logger implementation
SLF4J: See http://www.slf4j.org/codes.html#StaticLoggerBinder for further details.
]]></system-err>
  </testcase>
  <testcase name="test17" classname="org.View.StatisticsMenu_ESTest" time="0.019">
    <system-out><![CDATA[Erro ao limpar o terminal: Security manager blocks ("java.io.FilePermission" "<<ALL FILES>>" "execute")
java.lang.Thread.getStackTrace(Thread.java:1564)
org.evosuite.runtime.sandbox.MSecurityManager.checkPermission(MSecurityManager.java:434)
java.lang.SecurityManager.checkExec(SecurityManager.java:799)
java.lang.ProcessBuilder.start(ProcessBuilder.java:1018)
org.View.Menu.cleanTerminal(Menu.java:113)
org.View.Menu.<init>(Menu.java:29)
org.View.LoginMenu.<init>(LoginMenu.java:16)
org.View.MenuManager.<init>(MenuManager.java:16)
org.View.StatisticsMenu_ESTest$18.run(StatisticsMenu_ESTest.java:386)
java.util.concurrent.Executors$RunnableAdapter.call(Executors.java:511)
java.util.concurrent.FutureTask.run(FutureTask.java:266)
java.util.concurrent.ThreadPoolExecutor.runWorker(ThreadPoolExecutor.java:1149)
java.util.concurrent.ThreadPoolExecutor$Worker.run(ThreadPoolExecutor.java:624)
java.lang.Thread.run(Thread.java:750)

Erro ao limpar o terminal: Security manager blocks ("java.io.FilePermission" "<<ALL FILES>>" "execute")
java.lang.Thread.getStackTrace(Thread.java:1564)
org.evosuite.runtime.sandbox.MSecurityManager.checkPermission(MSecurityManager.java:434)
java.lang.SecurityManager.checkExec(SecurityManager.java:799)
java.lang.ProcessBuilder.start(ProcessBuilder.java:1018)
org.View.Menu.cleanTerminal(Menu.java:113)
org.View.Menu.<init>(Menu.java:29)
org.View.StatisticsMenu.<init>(StatisticsMenu.java:19)
org.View.StatisticsMenu_ESTest$18.run(StatisticsMenu_ESTest.java:387)
java.util.concurrent.Executors$RunnableAdapter.call(Executors.java:511)
java.util.concurrent.FutureTask.run(FutureTask.java:266)
java.util.concurrent.ThreadPoolExecutor.runWorker(ThreadPoolExecutor.java:1149)
java.util.concurrent.ThreadPoolExecutor$Worker.run(ThreadPoolExecutor.java:624)
java.lang.Thread.run(Thread.java:750)

Erro ao limpar o terminal: Security manager blocks ("java.io.FilePermission" "<<ALL FILES>>" "execute")
java.lang.Thread.getStackTrace(Thread.java:1564)
org.evosuite.runtime.sandbox.MSecurityManager.checkPermission(MSecurityManager.java:434)
java.lang.SecurityManager.checkExec(SecurityManager.java:799)
java.lang.ProcessBuilder.start(ProcessBuilder.java:1018)
org.View.Menu.cleanTerminal(Menu.java:113)
org.View.StatisticsMenu.handleInput(StatisticsMenu.java:48)
org.View.StatisticsMenu_ESTest$18.run(StatisticsMenu_ESTest.java:388)
java.util.concurrent.Executors$RunnableAdapter.call(Executors.java:511)
java.util.concurrent.FutureTask.run(FutureTask.java:266)
java.util.concurrent.ThreadPoolExecutor.runWorker(ThreadPoolExecutor.java:1149)
java.util.concurrent.ThreadPoolExecutor$Worker.run(ThreadPoolExecutor.java:624)
java.lang.Thread.run(Thread.java:750)

❌ Erro ao obter o género mais reproduzido: Não existem reproduções na base de dados.
]]></system-out>
  </testcase>
  <testcase name="test18" classname="org.View.StatisticsMenu_ESTest" time="0.019">
    <system-out><![CDATA[Erro ao limpar o terminal: Security manager blocks ("java.io.FilePermission" "<<ALL FILES>>" "execute")
java.lang.Thread.getStackTrace(Thread.java:1564)
org.evosuite.runtime.sandbox.MSecurityManager.checkPermission(MSecurityManager.java:434)
java.lang.SecurityManager.checkExec(SecurityManager.java:799)
java.lang.ProcessBuilder.start(ProcessBuilder.java:1018)
org.View.Menu.cleanTerminal(Menu.java:113)
org.View.Menu.<init>(Menu.java:29)
org.View.LoginMenu.<init>(LoginMenu.java:16)
org.View.MenuManager.<init>(MenuManager.java:16)
org.View.StatisticsMenu_ESTest$19.run(StatisticsMenu_ESTest.java:401)
java.util.concurrent.Executors$RunnableAdapter.call(Executors.java:511)
java.util.concurrent.FutureTask.run(FutureTask.java:266)
java.util.concurrent.ThreadPoolExecutor.runWorker(ThreadPoolExecutor.java:1149)
java.util.concurrent.ThreadPoolExecutor$Worker.run(ThreadPoolExecutor.java:624)
java.lang.Thread.run(Thread.java:750)

Erro ao limpar o terminal: Security manager blocks ("java.io.FilePermission" "<<ALL FILES>>" "execute")
java.lang.Thread.getStackTrace(Thread.java:1564)
org.evosuite.runtime.sandbox.MSecurityManager.checkPermission(MSecurityManager.java:434)
java.lang.SecurityManager.checkExec(SecurityManager.java:799)
java.lang.ProcessBuilder.start(ProcessBuilder.java:1018)
org.View.Menu.cleanTerminal(Menu.java:113)
org.View.Menu.<init>(Menu.java:29)
org.View.StatisticsMenu.<init>(StatisticsMenu.java:19)
org.View.StatisticsMenu_ESTest$19.run(StatisticsMenu_ESTest.java:402)
java.util.concurrent.Executors$RunnableAdapter.call(Executors.java:511)
java.util.concurrent.FutureTask.run(FutureTask.java:266)
java.util.concurrent.ThreadPoolExecutor.runWorker(ThreadPoolExecutor.java:1149)
java.util.concurrent.ThreadPoolExecutor$Worker.run(ThreadPoolExecutor.java:624)
java.lang.Thread.run(Thread.java:750)

Erro ao limpar o terminal: Security manager blocks ("java.io.FilePermission" "<<ALL FILES>>" "execute")
java.lang.Thread.getStackTrace(Thread.java:1564)
org.evosuite.runtime.sandbox.MSecurityManager.checkPermission(MSecurityManager.java:434)
java.lang.SecurityManager.checkExec(SecurityManager.java:799)
java.lang.ProcessBuilder.start(ProcessBuilder.java:1018)
org.View.Menu.cleanTerminal(Menu.java:113)
org.View.StatisticsMenu.handleInput(StatisticsMenu.java:48)
org.View.StatisticsMenu_ESTest$19.run(StatisticsMenu_ESTest.java:405)
java.util.concurrent.Executors$RunnableAdapter.call(Executors.java:511)
java.util.concurrent.FutureTask.run(FutureTask.java:266)
java.util.concurrent.ThreadPoolExecutor.runWorker(ThreadPoolExecutor.java:1149)
java.util.concurrent.ThreadPoolExecutor$Worker.run(ThreadPoolExecutor.java:624)
java.lang.Thread.run(Thread.java:750)

Deseja ver as reproduções num certo intervalo de tempo? (s/n)
⚠️ Entrada inválida. Por favor insere apenas números.
]]></system-out>
  </testcase>
  <testcase name="test11" classname="org.View.StatisticsMenu_ESTest" time="0.015">
    <system-out><![CDATA[Erro ao limpar o terminal: Security manager blocks ("java.io.FilePermission" "<<ALL FILES>>" "execute")
java.lang.Thread.getStackTrace(Thread.java:1564)
org.evosuite.runtime.sandbox.MSecurityManager.checkPermission(MSecurityManager.java:434)
java.lang.SecurityManager.checkExec(SecurityManager.java:799)
java.lang.ProcessBuilder.start(ProcessBuilder.java:1018)
org.View.Menu.cleanTerminal(Menu.java:113)
org.View.Menu.<init>(Menu.java:29)
org.View.LoginMenu.<init>(LoginMenu.java:16)
org.View.MenuManager.<init>(MenuManager.java:16)
org.View.StatisticsMenu_ESTest$12.run(StatisticsMenu_ESTest.java:288)
java.util.concurrent.Executors$RunnableAdapter.call(Executors.java:511)
java.util.concurrent.FutureTask.run(FutureTask.java:266)
java.util.concurrent.ThreadPoolExecutor.runWorker(ThreadPoolExecutor.java:1149)
java.util.concurrent.ThreadPoolExecutor$Worker.run(ThreadPoolExecutor.java:624)
java.lang.Thread.run(Thread.java:750)

Erro ao limpar o terminal: Security manager blocks ("java.io.FilePermission" "<<ALL FILES>>" "execute")
java.lang.Thread.getStackTrace(Thread.java:1564)
org.evosuite.runtime.sandbox.MSecurityManager.checkPermission(MSecurityManager.java:434)
java.lang.SecurityManager.checkExec(SecurityManager.java:799)
java.lang.ProcessBuilder.start(ProcessBuilder.java:1018)
org.View.Menu.cleanTerminal(Menu.java:113)
org.View.Menu.<init>(Menu.java:29)
org.View.StatisticsMenu.<init>(StatisticsMenu.java:19)
org.View.StatisticsMenu_ESTest$12.run(StatisticsMenu_ESTest.java:290)
java.util.concurrent.Executors$RunnableAdapter.call(Executors.java:511)
java.util.concurrent.FutureTask.run(FutureTask.java:266)
java.util.concurrent.ThreadPoolExecutor.runWorker(ThreadPoolExecutor.java:1149)
java.util.concurrent.ThreadPoolExecutor$Worker.run(ThreadPoolExecutor.java:624)
java.lang.Thread.run(Thread.java:750)

Deseja ver as reproduções num certo intervalo de tempo? (s/n)
❌ Erro ao obter o utilizador que ouviu mais músicas: Não existem utilizadores na base de dados.
]]></system-out>
  </testcase>
  <testcase name="test12" classname="org.View.StatisticsMenu_ESTest" time="0.038">
    <system-out><![CDATA[Erro ao limpar o terminal: Security manager blocks ("java.io.FilePermission" "<<ALL FILES>>" "execute")
java.lang.Thread.getStackTrace(Thread.java:1564)
org.evosuite.runtime.sandbox.MSecurityManager.checkPermission(MSecurityManager.java:434)
java.lang.SecurityManager.checkExec(SecurityManager.java:799)
java.lang.ProcessBuilder.start(ProcessBuilder.java:1018)
org.View.Menu.cleanTerminal(Menu.java:113)
org.View.Menu.<init>(Menu.java:29)
org.View.StatisticsMenu.<init>(StatisticsMenu.java:19)
org.View.StatisticsMenu_ESTest$13.run(StatisticsMenu_ESTest.java:304)
java.util.concurrent.Executors$RunnableAdapter.call(Executors.java:511)
java.util.concurrent.FutureTask.run(FutureTask.java:266)
java.util.concurrent.ThreadPoolExecutor.runWorker(ThreadPoolExecutor.java:1149)
java.util.concurrent.ThreadPoolExecutor$Worker.run(ThreadPoolExecutor.java:624)
java.lang.Thread.run(Thread.java:750)

Deseja ver as reproduções num certo intervalo de tempo? (s/n)
Insira o intervalo de tempo inicial no formato DD-MM-YYYY: ❌ Data inválida! Por favor insira uma data no formato correto (DD-MM-YYYY).
]]></system-out>
  </testcase>
  <testcase name="test10" classname="org.View.StatisticsMenu_ESTest" time="0.019">
    <system-out><![CDATA[Erro ao limpar o terminal: Security manager blocks ("java.io.FilePermission" "<<ALL FILES>>" "execute")
java.lang.Thread.getStackTrace(Thread.java:1564)
org.evosuite.runtime.sandbox.MSecurityManager.checkPermission(MSecurityManager.java:434)
java.lang.SecurityManager.checkExec(SecurityManager.java:799)
java.lang.ProcessBuilder.start(ProcessBuilder.java:1018)
org.View.Menu.cleanTerminal(Menu.java:113)
org.View.Menu.<init>(Menu.java:29)
org.View.LoginMenu.<init>(LoginMenu.java:16)
org.View.MenuManager.<init>(MenuManager.java:16)
org.View.StatisticsMenu_ESTest$11.run(StatisticsMenu_ESTest.java:274)
java.util.concurrent.Executors$RunnableAdapter.call(Executors.java:511)
java.util.concurrent.FutureTask.run(FutureTask.java:266)
java.util.concurrent.ThreadPoolExecutor.runWorker(ThreadPoolExecutor.java:1149)
java.util.concurrent.ThreadPoolExecutor$Worker.run(ThreadPoolExecutor.java:624)
java.lang.Thread.run(Thread.java:750)

Erro ao limpar o terminal: Security manager blocks ("java.io.FilePermission" "<<ALL FILES>>" "execute")
java.lang.Thread.getStackTrace(Thread.java:1564)
org.evosuite.runtime.sandbox.MSecurityManager.checkPermission(MSecurityManager.java:434)
java.lang.SecurityManager.checkExec(SecurityManager.java:799)
java.lang.ProcessBuilder.start(ProcessBuilder.java:1018)
org.View.Menu.cleanTerminal(Menu.java:113)
org.View.Menu.<init>(Menu.java:29)
org.View.StatisticsMenu.<init>(StatisticsMenu.java:19)
org.View.StatisticsMenu_ESTest$11.run(StatisticsMenu_ESTest.java:275)
java.util.concurrent.Executors$RunnableAdapter.call(Executors.java:511)
java.util.concurrent.FutureTask.run(FutureTask.java:266)
java.util.concurrent.ThreadPoolExecutor.runWorker(ThreadPoolExecutor.java:1149)
java.util.concurrent.ThreadPoolExecutor$Worker.run(ThreadPoolExecutor.java:624)
java.lang.Thread.run(Thread.java:750)

Erro ao limpar o terminal: Security manager blocks ("java.io.FilePermission" "<<ALL FILES>>" "execute")
java.lang.Thread.getStackTrace(Thread.java:1564)
org.evosuite.runtime.sandbox.MSecurityManager.checkPermission(MSecurityManager.java:434)
java.lang.SecurityManager.checkExec(SecurityManager.java:799)
java.lang.ProcessBuilder.start(ProcessBuilder.java:1018)
org.View.Menu.cleanTerminal(Menu.java:113)
org.View.StatisticsMenu.handleInput(StatisticsMenu.java:48)
org.View.StatisticsMenu_ESTest$11.run(StatisticsMenu_ESTest.java:276)
java.util.concurrent.Executors$RunnableAdapter.call(Executors.java:511)
java.util.concurrent.FutureTask.run(FutureTask.java:266)
java.util.concurrent.ThreadPoolExecutor.runWorker(ThreadPoolExecutor.java:1149)
java.util.concurrent.ThreadPoolExecutor$Worker.run(ThreadPoolExecutor.java:624)
java.lang.Thread.run(Thread.java:750)

📊 Número de playlists públicas: 0
]]></system-out>
  </testcase>
  <testcase name="test15" classname="org.View.StatisticsMenu_ESTest" time="0.021">
    <system-out><![CDATA[Erro ao limpar o terminal: Security manager blocks ("java.io.FilePermission" "<<ALL FILES>>" "execute")
java.lang.Thread.getStackTrace(Thread.java:1564)
org.evosuite.runtime.sandbox.MSecurityManager.checkPermission(MSecurityManager.java:434)
java.lang.SecurityManager.checkExec(SecurityManager.java:799)
java.lang.ProcessBuilder.start(ProcessBuilder.java:1018)
org.View.Menu.cleanTerminal(Menu.java:113)
org.View.Menu.<init>(Menu.java:29)
org.View.LoginMenu.<init>(LoginMenu.java:16)
org.View.MenuManager.<init>(MenuManager.java:16)
org.View.StatisticsMenu_ESTest$16.run(StatisticsMenu_ESTest.java:356)
java.util.concurrent.Executors$RunnableAdapter.call(Executors.java:511)
java.util.concurrent.FutureTask.run(FutureTask.java:266)
java.util.concurrent.ThreadPoolExecutor.runWorker(ThreadPoolExecutor.java:1149)
java.util.concurrent.ThreadPoolExecutor$Worker.run(ThreadPoolExecutor.java:624)
java.lang.Thread.run(Thread.java:750)

Erro ao limpar o terminal: Security manager blocks ("java.io.FilePermission" "<<ALL FILES>>" "execute")
java.lang.Thread.getStackTrace(Thread.java:1564)
org.evosuite.runtime.sandbox.MSecurityManager.checkPermission(MSecurityManager.java:434)
java.lang.SecurityManager.checkExec(SecurityManager.java:799)
java.lang.ProcessBuilder.start(ProcessBuilder.java:1018)
org.View.Menu.cleanTerminal(Menu.java:113)
org.View.Menu.<init>(Menu.java:29)
org.View.StatisticsMenu.<init>(StatisticsMenu.java:19)
org.View.StatisticsMenu_ESTest$16.run(StatisticsMenu_ESTest.java:357)
java.util.concurrent.Executors$RunnableAdapter.call(Executors.java:511)
java.util.concurrent.FutureTask.run(FutureTask.java:266)
java.util.concurrent.ThreadPoolExecutor.runWorker(ThreadPoolExecutor.java:1149)
java.util.concurrent.ThreadPoolExecutor$Worker.run(ThreadPoolExecutor.java:624)
java.lang.Thread.run(Thread.java:750)

Erro ao limpar o terminal: Security manager blocks ("java.io.FilePermission" "<<ALL FILES>>" "execute")
java.lang.Thread.getStackTrace(Thread.java:1564)
org.evosuite.runtime.sandbox.MSecurityManager.checkPermission(MSecurityManager.java:434)
java.lang.SecurityManager.checkExec(SecurityManager.java:799)
java.lang.ProcessBuilder.start(ProcessBuilder.java:1018)
org.View.Menu.cleanTerminal(Menu.java:113)
org.View.StatisticsMenu.handleInput(StatisticsMenu.java:48)
org.View.StatisticsMenu_ESTest$16.run(StatisticsMenu_ESTest.java:358)
java.util.concurrent.Executors$RunnableAdapter.call(Executors.java:511)
java.util.concurrent.FutureTask.run(FutureTask.java:266)
java.util.concurrent.ThreadPoolExecutor.runWorker(ThreadPoolExecutor.java:1149)
java.util.concurrent.ThreadPoolExecutor$Worker.run(ThreadPoolExecutor.java:624)
java.lang.Thread.run(Thread.java:750)

❌ Opção inválida. Por favor tenta novamente!
]]></system-out>
  </testcase>
  <testcase name="test16" classname="org.View.StatisticsMenu_ESTest" time="0.008">
    <system-out><![CDATA[Erro ao limpar o terminal: Security manager blocks ("java.io.FilePermission" "<<ALL FILES>>" "execute")
java.lang.Thread.getStackTrace(Thread.java:1564)
org.evosuite.runtime.sandbox.MSecurityManager.checkPermission(MSecurityManager.java:434)
java.lang.SecurityManager.checkExec(SecurityManager.java:799)
java.lang.ProcessBuilder.start(ProcessBuilder.java:1018)
org.View.Menu.cleanTerminal(Menu.java:113)
org.View.Menu.<init>(Menu.java:29)
org.View.LoginMenu.<init>(LoginMenu.java:16)
org.View.MenuManager.<init>(MenuManager.java:16)
org.View.StatisticsMenu_ESTest$17.run(StatisticsMenu_ESTest.java:371)
java.util.concurrent.Executors$RunnableAdapter.call(Executors.java:511)
java.util.concurrent.FutureTask.run(FutureTask.java:266)
java.util.concurrent.ThreadPoolExecutor.runWorker(ThreadPoolExecutor.java:1149)
java.util.concurrent.ThreadPoolExecutor$Worker.run(ThreadPoolExecutor.java:624)
java.lang.Thread.run(Thread.java:750)

Erro ao limpar o terminal: Security manager blocks ("java.io.FilePermission" "<<ALL FILES>>" "execute")
java.lang.Thread.getStackTrace(Thread.java:1564)
org.evosuite.runtime.sandbox.MSecurityManager.checkPermission(MSecurityManager.java:434)
java.lang.SecurityManager.checkExec(SecurityManager.java:799)
java.lang.ProcessBuilder.start(ProcessBuilder.java:1018)
org.View.Menu.cleanTerminal(Menu.java:113)
org.View.Menu.<init>(Menu.java:29)
org.View.StatisticsMenu.<init>(StatisticsMenu.java:19)
org.View.StatisticsMenu_ESTest$17.run(StatisticsMenu_ESTest.java:372)
java.util.concurrent.Executors$RunnableAdapter.call(Executors.java:511)
java.util.concurrent.FutureTask.run(FutureTask.java:266)
java.util.concurrent.ThreadPoolExecutor.runWorker(ThreadPoolExecutor.java:1149)
java.util.concurrent.ThreadPoolExecutor$Worker.run(ThreadPoolExecutor.java:624)
java.lang.Thread.run(Thread.java:750)

Erro ao limpar o terminal: Security manager blocks ("java.io.FilePermission" "<<ALL FILES>>" "execute")
java.lang.Thread.getStackTrace(Thread.java:1564)
org.evosuite.runtime.sandbox.MSecurityManager.checkPermission(MSecurityManager.java:434)
java.lang.SecurityManager.checkExec(SecurityManager.java:799)
java.lang.ProcessBuilder.start(ProcessBuilder.java:1018)
org.View.Menu.cleanTerminal(Menu.java:113)
org.View.StatisticsMenu.handleInput(StatisticsMenu.java:48)
org.View.StatisticsMenu_ESTest$17.run(StatisticsMenu_ESTest.java:373)
java.util.concurrent.Executors$RunnableAdapter.call(Executors.java:511)
java.util.concurrent.FutureTask.run(FutureTask.java:266)
java.util.concurrent.ThreadPoolExecutor.runWorker(ThreadPoolExecutor.java:1149)
java.util.concurrent.ThreadPoolExecutor$Worker.run(ThreadPoolExecutor.java:624)
java.lang.Thread.run(Thread.java:750)

❌ Erro ao obter o utilizador com mais playlists: Não existem utilizadores na base de dados.
]]></system-out>
  </testcase>
  <testcase name="test13" classname="org.View.StatisticsMenu_ESTest" time="0.012">
    <system-out><![CDATA[Erro ao limpar o terminal: Security manager blocks ("java.io.FilePermission" "<<ALL FILES>>" "execute")
java.lang.Thread.getStackTrace(Thread.java:1564)
org.evosuite.runtime.sandbox.MSecurityManager.checkPermission(MSecurityManager.java:434)
java.lang.SecurityManager.checkExec(SecurityManager.java:799)
java.lang.ProcessBuilder.start(ProcessBuilder.java:1018)
org.View.Menu.cleanTerminal(Menu.java:113)
org.View.Menu.<init>(Menu.java:29)
org.View.StatisticsMenu.<init>(StatisticsMenu.java:19)
org.View.StatisticsMenu_ESTest$14.run(StatisticsMenu_ESTest.java:317)
java.util.concurrent.Executors$RunnableAdapter.call(Executors.java:511)
java.util.concurrent.FutureTask.run(FutureTask.java:266)
java.util.concurrent.ThreadPoolExecutor.runWorker(ThreadPoolExecutor.java:1149)
java.util.concurrent.ThreadPoolExecutor$Worker.run(ThreadPoolExecutor.java:624)
java.lang.Thread.run(Thread.java:750)

Deseja ver as reproduções num certo intervalo de tempo? (s/n)
Insira o intervalo de tempo inicial no formato DD-MM-YYYY: ]]></system-out>
  </testcase>
  <testcase name="test14" classname="org.View.StatisticsMenu_ESTest" time="0.008">
    <system-out><![CDATA[Erro ao limpar o terminal: Security manager blocks ("java.io.FilePermission" "<<ALL FILES>>" "execute")
java.lang.Thread.getStackTrace(Thread.java:1564)
org.evosuite.runtime.sandbox.MSecurityManager.checkPermission(MSecurityManager.java:434)
java.lang.SecurityManager.checkExec(SecurityManager.java:799)
java.lang.ProcessBuilder.start(ProcessBuilder.java:1018)
org.View.Menu.cleanTerminal(Menu.java:113)
org.View.Menu.<init>(Menu.java:29)
org.View.LoginMenu.<init>(LoginMenu.java:16)
org.View.MenuManager.<init>(MenuManager.java:16)
org.View.StatisticsMenu_ESTest$15.run(StatisticsMenu_ESTest.java:341)
java.util.concurrent.Executors$RunnableAdapter.call(Executors.java:511)
java.util.concurrent.FutureTask.run(FutureTask.java:266)
java.util.concurrent.ThreadPoolExecutor.runWorker(ThreadPoolExecutor.java:1149)
java.util.concurrent.ThreadPoolExecutor$Worker.run(ThreadPoolExecutor.java:624)
java.lang.Thread.run(Thread.java:750)

Erro ao limpar o terminal: Security manager blocks ("java.io.FilePermission" "<<ALL FILES>>" "execute")
java.lang.Thread.getStackTrace(Thread.java:1564)
org.evosuite.runtime.sandbox.MSecurityManager.checkPermission(MSecurityManager.java:434)
java.lang.SecurityManager.checkExec(SecurityManager.java:799)
java.lang.ProcessBuilder.start(ProcessBuilder.java:1018)
org.View.Menu.cleanTerminal(Menu.java:113)
org.View.Menu.<init>(Menu.java:29)
org.View.StatisticsMenu.<init>(StatisticsMenu.java:19)
org.View.StatisticsMenu_ESTest$15.run(StatisticsMenu_ESTest.java:342)
java.util.concurrent.Executors$RunnableAdapter.call(Executors.java:511)
java.util.concurrent.FutureTask.run(FutureTask.java:266)
java.util.concurrent.ThreadPoolExecutor.runWorker(ThreadPoolExecutor.java:1149)
java.util.concurrent.ThreadPoolExecutor$Worker.run(ThreadPoolExecutor.java:624)
java.lang.Thread.run(Thread.java:750)

Erro ao limpar o terminal: Security manager blocks ("java.io.FilePermission" "<<ALL FILES>>" "execute")
java.lang.Thread.getStackTrace(Thread.java:1564)
org.evosuite.runtime.sandbox.MSecurityManager.checkPermission(MSecurityManager.java:434)
java.lang.SecurityManager.checkExec(SecurityManager.java:799)
java.lang.ProcessBuilder.start(ProcessBuilder.java:1018)
org.View.Menu.cleanTerminal(Menu.java:113)
org.View.StatisticsMenu.handleInput(StatisticsMenu.java:48)
org.View.StatisticsMenu_ESTest$15.run(StatisticsMenu_ESTest.java:343)
java.util.concurrent.Executors$RunnableAdapter.call(Executors.java:511)
java.util.concurrent.FutureTask.run(FutureTask.java:266)
java.util.concurrent.ThreadPoolExecutor.runWorker(ThreadPoolExecutor.java:1149)
java.util.concurrent.ThreadPoolExecutor$Worker.run(ThreadPoolExecutor.java:624)
java.lang.Thread.run(Thread.java:750)

Deseja ver as reproduções num certo intervalo de tempo? (s/n)
❌ Opção inválida. Por favor tenta novamente!
]]></system-out>
  </testcase>
  <testcase name="test08" classname="org.View.StatisticsMenu_ESTest" time="0.005">
    <system-out><![CDATA[Erro ao limpar o terminal: Security manager blocks ("java.io.FilePermission" "<<ALL FILES>>" "execute")
java.lang.Thread.getStackTrace(Thread.java:1564)
org.evosuite.runtime.sandbox.MSecurityManager.checkPermission(MSecurityManager.java:434)
java.lang.SecurityManager.checkExec(SecurityManager.java:799)
java.lang.ProcessBuilder.start(ProcessBuilder.java:1018)
org.View.Menu.cleanTerminal(Menu.java:113)
org.View.Menu.<init>(Menu.java:29)
org.View.LoginMenu.<init>(LoginMenu.java:16)
org.View.MenuManager.<init>(MenuManager.java:16)
org.View.StatisticsMenu_ESTest$9.run(StatisticsMenu_ESTest.java:235)
java.util.concurrent.Executors$RunnableAdapter.call(Executors.java:511)
java.util.concurrent.FutureTask.run(FutureTask.java:266)
java.util.concurrent.ThreadPoolExecutor.runWorker(ThreadPoolExecutor.java:1149)
java.util.concurrent.ThreadPoolExecutor$Worker.run(ThreadPoolExecutor.java:624)
java.lang.Thread.run(Thread.java:750)

Erro ao limpar o terminal: Security manager blocks ("java.io.FilePermission" "<<ALL FILES>>" "execute")
java.lang.Thread.getStackTrace(Thread.java:1564)
org.evosuite.runtime.sandbox.MSecurityManager.checkPermission(MSecurityManager.java:434)
java.lang.SecurityManager.checkExec(SecurityManager.java:799)
java.lang.ProcessBuilder.start(ProcessBuilder.java:1018)
org.View.Menu.cleanTerminal(Menu.java:113)
org.View.Menu.<init>(Menu.java:29)
org.View.StatisticsMenu.<init>(StatisticsMenu.java:19)
org.View.StatisticsMenu_ESTest$9.run(StatisticsMenu_ESTest.java:236)
java.util.concurrent.Executors$RunnableAdapter.call(Executors.java:511)
java.util.concurrent.FutureTask.run(FutureTask.java:266)
java.util.concurrent.ThreadPoolExecutor.runWorker(ThreadPoolExecutor.java:1149)
java.util.concurrent.ThreadPoolExecutor$Worker.run(ThreadPoolExecutor.java:624)
java.lang.Thread.run(Thread.java:750)

Deseja ver as reproduções num certo intervalo de tempo? (s/n)
]]></system-out>
  </testcase>
  <testcase name="test09" classname="org.View.StatisticsMenu_ESTest" time="0.011">
    <system-out><![CDATA[Erro ao limpar o terminal: Security manager blocks ("java.io.FilePermission" "<<ALL FILES>>" "execute")
java.lang.Thread.getStackTrace(Thread.java:1564)
org.evosuite.runtime.sandbox.MSecurityManager.checkPermission(MSecurityManager.java:434)
java.lang.SecurityManager.checkExec(SecurityManager.java:799)
java.lang.ProcessBuilder.start(ProcessBuilder.java:1018)
org.View.Menu.cleanTerminal(Menu.java:113)
org.View.Menu.<init>(Menu.java:29)
org.View.LoginMenu.<init>(LoginMenu.java:16)
org.View.MenuManager.<init>(MenuManager.java:16)
org.View.StatisticsMenu_ESTest$10.run(StatisticsMenu_ESTest.java:259)
java.util.concurrent.Executors$RunnableAdapter.call(Executors.java:511)
java.util.concurrent.FutureTask.run(FutureTask.java:266)
java.util.concurrent.ThreadPoolExecutor.runWorker(ThreadPoolExecutor.java:1149)
java.util.concurrent.ThreadPoolExecutor$Worker.run(ThreadPoolExecutor.java:624)
java.lang.Thread.run(Thread.java:750)

Erro ao limpar o terminal: Security manager blocks ("java.io.FilePermission" "<<ALL FILES>>" "execute")
java.lang.Thread.getStackTrace(Thread.java:1564)
org.evosuite.runtime.sandbox.MSecurityManager.checkPermission(MSecurityManager.java:434)
java.lang.SecurityManager.checkExec(SecurityManager.java:799)
java.lang.ProcessBuilder.start(ProcessBuilder.java:1018)
org.View.Menu.cleanTerminal(Menu.java:113)
org.View.Menu.<init>(Menu.java:29)
org.View.StatisticsMenu.<init>(StatisticsMenu.java:19)
org.View.StatisticsMenu_ESTest$10.run(StatisticsMenu_ESTest.java:260)
java.util.concurrent.Executors$RunnableAdapter.call(Executors.java:511)
java.util.concurrent.FutureTask.run(FutureTask.java:266)
java.util.concurrent.ThreadPoolExecutor.runWorker(ThreadPoolExecutor.java:1149)
java.util.concurrent.ThreadPoolExecutor$Worker.run(ThreadPoolExecutor.java:624)
java.lang.Thread.run(Thread.java:750)

Deseja ver as reproduções num certo intervalo de tempo? (s/n)
❌ Opção inválida. Por favor tenta novamente!
]]></system-out>
  </testcase>
  <testcase name="test06" classname="org.View.StatisticsMenu_ESTest" time="0.03">
    <system-out><![CDATA[Erro ao limpar o terminal: Security manager blocks ("java.io.FilePermission" "<<ALL FILES>>" "execute")
java.lang.Thread.getStackTrace(Thread.java:1564)
org.evosuite.runtime.sandbox.MSecurityManager.checkPermission(MSecurityManager.java:434)
java.lang.SecurityManager.checkExec(SecurityManager.java:799)
java.lang.ProcessBuilder.start(ProcessBuilder.java:1018)
org.View.Menu.cleanTerminal(Menu.java:113)
org.View.Menu.<init>(Menu.java:29)
org.View.StatisticsMenu.<init>(StatisticsMenu.java:19)
org.View.StatisticsMenu_ESTest$7.run(StatisticsMenu_ESTest.java:186)
java.util.concurrent.Executors$RunnableAdapter.call(Executors.java:511)
java.util.concurrent.FutureTask.run(FutureTask.java:266)
java.util.concurrent.ThreadPoolExecutor.runWorker(ThreadPoolExecutor.java:1149)
java.util.concurrent.ThreadPoolExecutor$Worker.run(ThreadPoolExecutor.java:624)
java.lang.Thread.run(Thread.java:750)

⚠️ Entrada inválida. Por favor insere apenas números.
]]></system-out>
  </testcase>
  <testcase name="test07" classname="org.View.StatisticsMenu_ESTest" time="0.021">
    <system-out><![CDATA[Erro ao limpar o terminal: Security manager blocks ("java.io.FilePermission" "<<ALL FILES>>" "execute")
java.lang.Thread.getStackTrace(Thread.java:1564)
org.evosuite.runtime.sandbox.MSecurityManager.checkPermission(MSecurityManager.java:434)
java.lang.SecurityManager.checkExec(SecurityManager.java:799)
java.lang.ProcessBuilder.start(ProcessBuilder.java:1018)
org.View.Menu.cleanTerminal(Menu.java:113)
org.View.Menu.<init>(Menu.java:29)
org.View.LoginMenu.<init>(LoginMenu.java:16)
org.View.MenuManager.<init>(MenuManager.java:16)
org.View.StatisticsMenu_ESTest$8.run(StatisticsMenu_ESTest.java:209)
java.util.concurrent.Executors$RunnableAdapter.call(Executors.java:511)
java.util.concurrent.FutureTask.run(FutureTask.java:266)
java.util.concurrent.ThreadPoolExecutor.runWorker(ThreadPoolExecutor.java:1149)
java.util.concurrent.ThreadPoolExecutor$Worker.run(ThreadPoolExecutor.java:624)
java.lang.Thread.run(Thread.java:750)

Erro ao limpar o terminal: Security manager blocks ("java.io.FilePermission" "<<ALL FILES>>" "execute")
java.lang.Thread.getStackTrace(Thread.java:1564)
org.evosuite.runtime.sandbox.MSecurityManager.checkPermission(MSecurityManager.java:434)
java.lang.SecurityManager.checkExec(SecurityManager.java:799)
java.lang.ProcessBuilder.start(ProcessBuilder.java:1018)
org.View.Menu.cleanTerminal(Menu.java:113)
org.View.Menu.<init>(Menu.java:29)
org.View.StatisticsMenu.<init>(StatisticsMenu.java:19)
org.View.StatisticsMenu_ESTest$8.run(StatisticsMenu_ESTest.java:210)
java.util.concurrent.Executors$RunnableAdapter.call(Executors.java:511)
java.util.concurrent.FutureTask.run(FutureTask.java:266)
java.util.concurrent.ThreadPoolExecutor.runWorker(ThreadPoolExecutor.java:1149)
java.util.concurrent.ThreadPoolExecutor$Worker.run(ThreadPoolExecutor.java:624)
java.lang.Thread.run(Thread.java:750)

Deseja ver as reproduções num certo intervalo de tempo? (s/n)
]]></system-out>
  </testcase>
  <testcase name="test00" classname="org.View.StatisticsMenu_ESTest" time="0.015">
    <system-out><![CDATA[Erro ao limpar o terminal: Security manager blocks ("java.io.FilePermission" "<<ALL FILES>>" "execute")
java.lang.Thread.getStackTrace(Thread.java:1564)
org.evosuite.runtime.sandbox.MSecurityManager.checkPermission(MSecurityManager.java:434)
java.lang.SecurityManager.checkExec(SecurityManager.java:799)
java.lang.ProcessBuilder.start(ProcessBuilder.java:1018)
org.View.Menu.cleanTerminal(Menu.java:113)
org.View.Menu.<init>(Menu.java:29)
org.View.LoginMenu.<init>(LoginMenu.java:16)
org.View.MenuManager.<init>(MenuManager.java:16)
org.View.StatisticsMenu_ESTest$1.run(StatisticsMenu_ESTest.java:43)
java.util.concurrent.Executors$RunnableAdapter.call(Executors.java:511)
java.util.concurrent.FutureTask.run(FutureTask.java:266)
java.util.concurrent.ThreadPoolExecutor.runWorker(ThreadPoolExecutor.java:1149)
java.util.concurrent.ThreadPoolExecutor$Worker.run(ThreadPoolExecutor.java:624)
java.lang.Thread.run(Thread.java:750)

Erro ao limpar o terminal: Security manager blocks ("java.io.FilePermission" "<<ALL FILES>>" "execute")
java.lang.Thread.getStackTrace(Thread.java:1564)
org.evosuite.runtime.sandbox.MSecurityManager.checkPermission(MSecurityManager.java:434)
java.lang.SecurityManager.checkExec(SecurityManager.java:799)
java.lang.ProcessBuilder.start(ProcessBuilder.java:1018)
org.View.Menu.cleanTerminal(Menu.java:113)
org.View.Menu.<init>(Menu.java:29)
org.View.StatisticsMenu.<init>(StatisticsMenu.java:19)
org.View.StatisticsMenu_ESTest$1.run(StatisticsMenu_ESTest.java:44)
java.util.concurrent.Executors$RunnableAdapter.call(Executors.java:511)
java.util.concurrent.FutureTask.run(FutureTask.java:266)
java.util.concurrent.ThreadPoolExecutor.runWorker(ThreadPoolExecutor.java:1149)
java.util.concurrent.ThreadPoolExecutor$Worker.run(ThreadPoolExecutor.java:624)
java.lang.Thread.run(Thread.java:750)

❌ Data inválida! Por favor insira uma data no formato correto (DD-MM-YYYY).
]]></system-out>
  </testcase>
  <testcase name="test22" classname="org.View.StatisticsMenu_ESTest" time="0.02">
    <system-out><![CDATA[Erro ao limpar o terminal: Security manager blocks ("java.io.FilePermission" "<<ALL FILES>>" "execute")
java.lang.Thread.getStackTrace(Thread.java:1564)
org.evosuite.runtime.sandbox.MSecurityManager.checkPermission(MSecurityManager.java:434)
java.lang.SecurityManager.checkExec(SecurityManager.java:799)
java.lang.ProcessBuilder.start(ProcessBuilder.java:1018)
org.View.Menu.cleanTerminal(Menu.java:113)
org.View.Menu.<init>(Menu.java:29)
org.View.LoginMenu.<init>(LoginMenu.java:16)
org.View.MenuManager.<init>(MenuManager.java:16)
org.View.StatisticsMenu_ESTest$23.run(StatisticsMenu_ESTest.java:470)
java.util.concurrent.Executors$RunnableAdapter.call(Executors.java:511)
java.util.concurrent.FutureTask.run(FutureTask.java:266)
java.util.concurrent.ThreadPoolExecutor.runWorker(ThreadPoolExecutor.java:1149)
java.util.concurrent.ThreadPoolExecutor$Worker.run(ThreadPoolExecutor.java:624)
java.lang.Thread.run(Thread.java:750)

Erro ao limpar o terminal: Security manager blocks ("java.io.FilePermission" "<<ALL FILES>>" "execute")
java.lang.Thread.getStackTrace(Thread.java:1564)
org.evosuite.runtime.sandbox.MSecurityManager.checkPermission(MSecurityManager.java:434)
java.lang.SecurityManager.checkExec(SecurityManager.java:799)
java.lang.ProcessBuilder.start(ProcessBuilder.java:1018)
org.View.Menu.cleanTerminal(Menu.java:113)
org.View.Menu.<init>(Menu.java:29)
org.View.StatisticsMenu.<init>(StatisticsMenu.java:19)
org.View.StatisticsMenu_ESTest$23.run(StatisticsMenu_ESTest.java:471)
java.util.concurrent.Executors$RunnableAdapter.call(Executors.java:511)
java.util.concurrent.FutureTask.run(FutureTask.java:266)
java.util.concurrent.ThreadPoolExecutor.runWorker(ThreadPoolExecutor.java:1149)
java.util.concurrent.ThreadPoolExecutor$Worker.run(ThreadPoolExecutor.java:624)
java.lang.Thread.run(Thread.java:750)

Erro ao limpar o terminal: Security manager blocks ("java.io.FilePermission" "<<ALL FILES>>" "execute")
java.lang.Thread.getStackTrace(Thread.java:1564)
org.evosuite.runtime.sandbox.MSecurityManager.checkPermission(MSecurityManager.java:434)
java.lang.SecurityManager.checkExec(SecurityManager.java:799)
java.lang.ProcessBuilder.start(ProcessBuilder.java:1018)
org.View.Menu.cleanTerminal(Menu.java:113)
org.View.StatisticsMenu.handleInput(StatisticsMenu.java:48)
org.View.StatisticsMenu_ESTest$23.run(StatisticsMenu_ESTest.java:472)
java.util.concurrent.Executors$RunnableAdapter.call(Executors.java:511)
java.util.concurrent.FutureTask.run(FutureTask.java:266)
java.util.concurrent.ThreadPoolExecutor.runWorker(ThreadPoolExecutor.java:1149)
java.util.concurrent.ThreadPoolExecutor$Worker.run(ThreadPoolExecutor.java:624)
java.lang.Thread.run(Thread.java:750)

Erro ao limpar o terminal: Security manager blocks ("java.io.FilePermission" "<<ALL FILES>>" "execute")
java.lang.Thread.getStackTrace(Thread.java:1564)
org.evosuite.runtime.sandbox.MSecurityManager.checkPermission(MSecurityManager.java:434)
java.lang.SecurityManager.checkExec(SecurityManager.java:799)
java.lang.ProcessBuilder.start(ProcessBuilder.java:1018)
org.View.Menu.cleanTerminal(Menu.java:113)
org.View.Menu.<init>(Menu.java:29)
org.View.AdminMenu.<init>(AdminMenu.java:17)
org.View.StatisticsMenu.handleInput(StatisticsMenu.java:73)
org.View.StatisticsMenu_ESTest$23.run(StatisticsMenu_ESTest.java:472)
java.util.concurrent.Executors$RunnableAdapter.call(Executors.java:511)
java.util.concurrent.FutureTask.run(FutureTask.java:266)
java.util.concurrent.ThreadPoolExecutor.runWorker(ThreadPoolExecutor.java:1149)
java.util.concurrent.ThreadPoolExecutor$Worker.run(ThreadPoolExecutor.java:624)
java.lang.Thread.run(Thread.java:750)

]]></system-out>
  </testcase>
  <testcase name="test01" classname="org.View.StatisticsMenu_ESTest" time="0.013">
    <system-out><![CDATA[Erro ao limpar o terminal: Security manager blocks ("java.io.FilePermission" "<<ALL FILES>>" "execute")
java.lang.Thread.getStackTrace(Thread.java:1564)
org.evosuite.runtime.sandbox.MSecurityManager.checkPermission(MSecurityManager.java:434)
java.lang.SecurityManager.checkExec(SecurityManager.java:799)
java.lang.ProcessBuilder.start(ProcessBuilder.java:1018)
org.View.Menu.cleanTerminal(Menu.java:113)
org.View.Menu.<init>(Menu.java:29)
org.View.LoginMenu.<init>(LoginMenu.java:16)
org.View.MenuManager.<init>(MenuManager.java:16)
org.View.StatisticsMenu_ESTest$2.run(StatisticsMenu_ESTest.java:57)
java.util.concurrent.Executors$RunnableAdapter.call(Executors.java:511)
java.util.concurrent.FutureTask.run(FutureTask.java:266)
java.util.concurrent.ThreadPoolExecutor.runWorker(ThreadPoolExecutor.java:1149)
java.util.concurrent.ThreadPoolExecutor$Worker.run(ThreadPoolExecutor.java:624)
java.lang.Thread.run(Thread.java:750)

Erro ao limpar o terminal: Security manager blocks ("java.io.FilePermission" "<<ALL FILES>>" "execute")
java.lang.Thread.getStackTrace(Thread.java:1564)
org.evosuite.runtime.sandbox.MSecurityManager.checkPermission(MSecurityManager.java:434)
java.lang.SecurityManager.checkExec(SecurityManager.java:799)
java.lang.ProcessBuilder.start(ProcessBuilder.java:1018)
org.View.Menu.cleanTerminal(Menu.java:113)
org.View.Menu.<init>(Menu.java:29)
org.View.StatisticsMenu.<init>(StatisticsMenu.java:19)
org.View.StatisticsMenu_ESTest$2.run(StatisticsMenu_ESTest.java:58)
java.util.concurrent.Executors$RunnableAdapter.call(Executors.java:511)
java.util.concurrent.FutureTask.run(FutureTask.java:266)
java.util.concurrent.ThreadPoolExecutor.runWorker(ThreadPoolExecutor.java:1149)
java.util.concurrent.ThreadPoolExecutor$Worker.run(ThreadPoolExecutor.java:624)
java.lang.Thread.run(Thread.java:750)


📊━━━━━━━━━━━━━━━【 MENU DE ESTATÍSTICAS 】━━━━━━━━━━━━━━━📊

1️⃣   🎵 Música mais reproduzida
2️⃣   🎤 Intérprete mais reproduzido
3️⃣   🧑‍🎤 Utilizador que ouviu mais músicas
4️⃣   🏆 Utilizador com mais pontos
5️⃣   🎼 Tipo de música mais reproduzido
6️⃣   📚 Número de playlists públicas
7️⃣   👑 Utilizador com mais playlists
0️⃣   🔙 Voltar ao Menu De Administrador

👉 Escolhe uma opção: ⚠️ Entrada inválida. Por favor insere apenas números.
]]></system-out>
  </testcase>
  <testcase name="test23" classname="org.View.StatisticsMenu_ESTest" time="0.008">
    <system-out><![CDATA[Erro ao limpar o terminal: Security manager blocks ("java.io.FilePermission" "<<ALL FILES>>" "execute")
java.lang.Thread.getStackTrace(Thread.java:1564)
org.evosuite.runtime.sandbox.MSecurityManager.checkPermission(MSecurityManager.java:434)
java.lang.SecurityManager.checkExec(SecurityManager.java:799)
java.lang.ProcessBuilder.start(ProcessBuilder.java:1018)
org.View.Menu.cleanTerminal(Menu.java:113)
org.View.Menu.<init>(Menu.java:29)
org.View.LoginMenu.<init>(LoginMenu.java:16)
org.View.MenuManager.<init>(MenuManager.java:16)
org.View.StatisticsMenu_ESTest$24.run(StatisticsMenu_ESTest.java:484)
java.util.concurrent.Executors$RunnableAdapter.call(Executors.java:511)
java.util.concurrent.FutureTask.run(FutureTask.java:266)
java.util.concurrent.ThreadPoolExecutor.runWorker(ThreadPoolExecutor.java:1149)
java.util.concurrent.ThreadPoolExecutor$Worker.run(ThreadPoolExecutor.java:624)
java.lang.Thread.run(Thread.java:750)

Erro ao limpar o terminal: Security manager blocks ("java.io.FilePermission" "<<ALL FILES>>" "execute")
java.lang.Thread.getStackTrace(Thread.java:1564)
org.evosuite.runtime.sandbox.MSecurityManager.checkPermission(MSecurityManager.java:434)
java.lang.SecurityManager.checkExec(SecurityManager.java:799)
java.lang.ProcessBuilder.start(ProcessBuilder.java:1018)
org.View.Menu.cleanTerminal(Menu.java:113)
org.View.Menu.<init>(Menu.java:29)
org.View.StatisticsMenu.<init>(StatisticsMenu.java:19)
org.View.StatisticsMenu_ESTest$24.run(StatisticsMenu_ESTest.java:485)
java.util.concurrent.Executors$RunnableAdapter.call(Executors.java:511)
java.util.concurrent.FutureTask.run(FutureTask.java:266)
java.util.concurrent.ThreadPoolExecutor.runWorker(ThreadPoolExecutor.java:1149)
java.util.concurrent.ThreadPoolExecutor$Worker.run(ThreadPoolExecutor.java:624)
java.lang.Thread.run(Thread.java:750)


📊━━━━━━━━━━━━━━━【 MENU DE ESTATÍSTICAS 】━━━━━━━━━━━━━━━📊

1️⃣   🎵 Música mais reproduzida
2️⃣   🎤 Intérprete mais reproduzido
3️⃣   🧑‍🎤 Utilizador que ouviu mais músicas
4️⃣   🏆 Utilizador com mais pontos
5️⃣   🎼 Tipo de música mais reproduzido
6️⃣   📚 Número de playlists públicas
7️⃣   👑 Utilizador com mais playlists
0️⃣   🔙 Voltar ao Menu De Administrador

👉 Escolhe uma opção: ⚠️ Entrada inválida. Por favor insere apenas números.
]]></system-out>
  </testcase>
  <testcase name="test20" classname="org.View.StatisticsMenu_ESTest" time="0.006">
    <system-out><![CDATA[Erro ao limpar o terminal: Security manager blocks ("java.io.FilePermission" "<<ALL FILES>>" "execute")
java.lang.Thread.getStackTrace(Thread.java:1564)
org.evosuite.runtime.sandbox.MSecurityManager.checkPermission(MSecurityManager.java:434)
java.lang.SecurityManager.checkExec(SecurityManager.java:799)
java.lang.ProcessBuilder.start(ProcessBuilder.java:1018)
org.View.Menu.cleanTerminal(Menu.java:113)
org.View.Menu.<init>(Menu.java:29)
org.View.LoginMenu.<init>(LoginMenu.java:16)
org.View.MenuManager.<init>(MenuManager.java:16)
org.View.StatisticsMenu_ESTest$21.run(StatisticsMenu_ESTest.java:440)
java.util.concurrent.Executors$RunnableAdapter.call(Executors.java:511)
java.util.concurrent.FutureTask.run(FutureTask.java:266)
java.util.concurrent.ThreadPoolExecutor.runWorker(ThreadPoolExecutor.java:1149)
java.util.concurrent.ThreadPoolExecutor$Worker.run(ThreadPoolExecutor.java:624)
java.lang.Thread.run(Thread.java:750)

Erro ao limpar o terminal: Security manager blocks ("java.io.FilePermission" "<<ALL FILES>>" "execute")
java.lang.Thread.getStackTrace(Thread.java:1564)
org.evosuite.runtime.sandbox.MSecurityManager.checkPermission(MSecurityManager.java:434)
java.lang.SecurityManager.checkExec(SecurityManager.java:799)
java.lang.ProcessBuilder.start(ProcessBuilder.java:1018)
org.View.Menu.cleanTerminal(Menu.java:113)
org.View.Menu.<init>(Menu.java:29)
org.View.StatisticsMenu.<init>(StatisticsMenu.java:19)
org.View.StatisticsMenu_ESTest$21.run(StatisticsMenu_ESTest.java:441)
java.util.concurrent.Executors$RunnableAdapter.call(Executors.java:511)
java.util.concurrent.FutureTask.run(FutureTask.java:266)
java.util.concurrent.ThreadPoolExecutor.runWorker(ThreadPoolExecutor.java:1149)
java.util.concurrent.ThreadPoolExecutor$Worker.run(ThreadPoolExecutor.java:624)
java.lang.Thread.run(Thread.java:750)

Erro ao limpar o terminal: Security manager blocks ("java.io.FilePermission" "<<ALL FILES>>" "execute")
java.lang.Thread.getStackTrace(Thread.java:1564)
org.evosuite.runtime.sandbox.MSecurityManager.checkPermission(MSecurityManager.java:434)
java.lang.SecurityManager.checkExec(SecurityManager.java:799)
java.lang.ProcessBuilder.start(ProcessBuilder.java:1018)
org.View.Menu.cleanTerminal(Menu.java:113)
org.View.StatisticsMenu.handleInput(StatisticsMenu.java:48)
org.View.StatisticsMenu_ESTest$21.run(StatisticsMenu_ESTest.java:442)
java.util.concurrent.Executors$RunnableAdapter.call(Executors.java:511)
java.util.concurrent.FutureTask.run(FutureTask.java:266)
java.util.concurrent.ThreadPoolExecutor.runWorker(ThreadPoolExecutor.java:1149)
java.util.concurrent.ThreadPoolExecutor$Worker.run(ThreadPoolExecutor.java:624)
java.lang.Thread.run(Thread.java:750)

❌ Erro ao obter a música mais reproduzida: Não existem músicas na base de dados.
]]></system-out>
  </testcase>
  <testcase name="test21" classname="org.View.StatisticsMenu_ESTest" time="0.008">
    <system-out><![CDATA[Erro ao limpar o terminal: Security manager blocks ("java.io.FilePermission" "<<ALL FILES>>" "execute")
java.lang.Thread.getStackTrace(Thread.java:1564)
org.evosuite.runtime.sandbox.MSecurityManager.checkPermission(MSecurityManager.java:434)
java.lang.SecurityManager.checkExec(SecurityManager.java:799)
java.lang.ProcessBuilder.start(ProcessBuilder.java:1018)
org.View.Menu.cleanTerminal(Menu.java:113)
org.View.Menu.<init>(Menu.java:29)
org.View.LoginMenu.<init>(LoginMenu.java:16)
org.View.MenuManager.<init>(MenuManager.java:16)
org.View.StatisticsMenu_ESTest$22.run(StatisticsMenu_ESTest.java:455)
java.util.concurrent.Executors$RunnableAdapter.call(Executors.java:511)
java.util.concurrent.FutureTask.run(FutureTask.java:266)
java.util.concurrent.ThreadPoolExecutor.runWorker(ThreadPoolExecutor.java:1149)
java.util.concurrent.ThreadPoolExecutor$Worker.run(ThreadPoolExecutor.java:624)
java.lang.Thread.run(Thread.java:750)

Erro ao limpar o terminal: Security manager blocks ("java.io.FilePermission" "<<ALL FILES>>" "execute")
java.lang.Thread.getStackTrace(Thread.java:1564)
org.evosuite.runtime.sandbox.MSecurityManager.checkPermission(MSecurityManager.java:434)
java.lang.SecurityManager.checkExec(SecurityManager.java:799)
java.lang.ProcessBuilder.start(ProcessBuilder.java:1018)
org.View.Menu.cleanTerminal(Menu.java:113)
org.View.Menu.<init>(Menu.java:29)
org.View.StatisticsMenu.<init>(StatisticsMenu.java:19)
org.View.StatisticsMenu_ESTest$22.run(StatisticsMenu_ESTest.java:456)
java.util.concurrent.Executors$RunnableAdapter.call(Executors.java:511)
java.util.concurrent.FutureTask.run(FutureTask.java:266)
java.util.concurrent.ThreadPoolExecutor.runWorker(ThreadPoolExecutor.java:1149)
java.util.concurrent.ThreadPoolExecutor$Worker.run(ThreadPoolExecutor.java:624)
java.lang.Thread.run(Thread.java:750)


📊━━━━━━━━━━━━━━━【 MENU DE ESTATÍSTICAS 】━━━━━━━━━━━━━━━📊

1️⃣   🎵 Música mais reproduzida
2️⃣   🎤 Intérprete mais reproduzido
3️⃣   🧑‍🎤 Utilizador que ouviu mais músicas
4️⃣   🏆 Utilizador com mais pontos
5️⃣   🎼 Tipo de música mais reproduzido
6️⃣   📚 Número de playlists públicas
7️⃣   👑 Utilizador com mais playlists
0️⃣   🔙 Voltar ao Menu De Administrador

👉 Escolhe uma opção: Erro ao limpar o terminal: Security manager blocks ("java.io.FilePermission" "<<ALL FILES>>" "execute")
java.lang.Thread.getStackTrace(Thread.java:1564)
org.evosuite.runtime.sandbox.MSecurityManager.checkPermission(MSecurityManager.java:434)
java.lang.SecurityManager.checkExec(SecurityManager.java:799)
java.lang.ProcessBuilder.start(ProcessBuilder.java:1018)
org.View.Menu.cleanTerminal(Menu.java:113)
org.View.StatisticsMenu.handleInput(StatisticsMenu.java:48)
org.View.StatisticsMenu.show(StatisticsMenu.java:37)
org.View.StatisticsMenu_ESTest$22.run(StatisticsMenu_ESTest.java:457)
java.util.concurrent.Executors$RunnableAdapter.call(Executors.java:511)
java.util.concurrent.FutureTask.run(FutureTask.java:266)
java.util.concurrent.ThreadPoolExecutor.runWorker(ThreadPoolExecutor.java:1149)
java.util.concurrent.ThreadPoolExecutor$Worker.run(ThreadPoolExecutor.java:624)
java.lang.Thread.run(Thread.java:750)

📊 Número de playlists públicas: 0
]]></system-out>
  </testcase>
  <testcase name="test04" classname="org.View.StatisticsMenu_ESTest" time="0.012">
    <system-out><![CDATA[Erro ao limpar o terminal: Security manager blocks ("java.io.FilePermission" "<<ALL FILES>>" "execute")
java.lang.Thread.getStackTrace(Thread.java:1564)
org.evosuite.runtime.sandbox.MSecurityManager.checkPermission(MSecurityManager.java:434)
java.lang.SecurityManager.checkExec(SecurityManager.java:799)
java.lang.ProcessBuilder.start(ProcessBuilder.java:1018)
org.View.Menu.cleanTerminal(Menu.java:113)
org.View.Menu.<init>(Menu.java:29)
org.View.LoginMenu.<init>(LoginMenu.java:16)
org.View.MenuManager.<init>(MenuManager.java:16)
org.View.StatisticsMenu_ESTest$5.run(StatisticsMenu_ESTest.java:132)
java.util.concurrent.Executors$RunnableAdapter.call(Executors.java:511)
java.util.concurrent.FutureTask.run(FutureTask.java:266)
java.util.concurrent.ThreadPoolExecutor.runWorker(ThreadPoolExecutor.java:1149)
java.util.concurrent.ThreadPoolExecutor$Worker.run(ThreadPoolExecutor.java:624)
java.lang.Thread.run(Thread.java:750)

Erro ao limpar o terminal: Security manager blocks ("java.io.FilePermission" "<<ALL FILES>>" "execute")
java.lang.Thread.getStackTrace(Thread.java:1564)
org.evosuite.runtime.sandbox.MSecurityManager.checkPermission(MSecurityManager.java:434)
java.lang.SecurityManager.checkExec(SecurityManager.java:799)
java.lang.ProcessBuilder.start(ProcessBuilder.java:1018)
org.View.Menu.cleanTerminal(Menu.java:113)
org.View.Menu.<init>(Menu.java:29)
org.View.StatisticsMenu.<init>(StatisticsMenu.java:19)
org.View.StatisticsMenu_ESTest$5.run(StatisticsMenu_ESTest.java:133)
java.util.concurrent.Executors$RunnableAdapter.call(Executors.java:511)
java.util.concurrent.FutureTask.run(FutureTask.java:266)
java.util.concurrent.ThreadPoolExecutor.runWorker(ThreadPoolExecutor.java:1149)
java.util.concurrent.ThreadPoolExecutor$Worker.run(ThreadPoolExecutor.java:624)
java.lang.Thread.run(Thread.java:750)

⚠️ Entrada inválida. Por favor insere apenas números.
]]></system-out>
  </testcase>
  <testcase name="test05" classname="org.View.StatisticsMenu_ESTest" time="0.004">
    <system-out><![CDATA[Erro ao limpar o terminal: Security manager blocks ("java.io.FilePermission" "<<ALL FILES>>" "execute")
java.lang.Thread.getStackTrace(Thread.java:1564)
org.evosuite.runtime.sandbox.MSecurityManager.checkPermission(MSecurityManager.java:434)
java.lang.SecurityManager.checkExec(SecurityManager.java:799)
java.lang.ProcessBuilder.start(ProcessBuilder.java:1018)
org.View.Menu.cleanTerminal(Menu.java:113)
org.View.Menu.<init>(Menu.java:29)
org.View.LoginMenu.<init>(LoginMenu.java:16)
org.View.MenuManager.<init>(MenuManager.java:16)
org.View.StatisticsMenu_ESTest$6.run(StatisticsMenu_ESTest.java:163)
java.util.concurrent.Executors$RunnableAdapter.call(Executors.java:511)
java.util.concurrent.FutureTask.run(FutureTask.java:266)
java.util.concurrent.ThreadPoolExecutor.runWorker(ThreadPoolExecutor.java:1149)
java.util.concurrent.ThreadPoolExecutor$Worker.run(ThreadPoolExecutor.java:624)
java.lang.Thread.run(Thread.java:750)

Erro ao limpar o terminal: Security manager blocks ("java.io.FilePermission" "<<ALL FILES>>" "execute")
java.lang.Thread.getStackTrace(Thread.java:1564)
org.evosuite.runtime.sandbox.MSecurityManager.checkPermission(MSecurityManager.java:434)
java.lang.SecurityManager.checkExec(SecurityManager.java:799)
java.lang.ProcessBuilder.start(ProcessBuilder.java:1018)
org.View.Menu.cleanTerminal(Menu.java:113)
org.View.Menu.<init>(Menu.java:29)
org.View.StatisticsMenu.<init>(StatisticsMenu.java:19)
org.View.StatisticsMenu_ESTest$6.run(StatisticsMenu_ESTest.java:164)
java.util.concurrent.Executors$RunnableAdapter.call(Executors.java:511)
java.util.concurrent.FutureTask.run(FutureTask.java:266)
java.util.concurrent.ThreadPoolExecutor.runWorker(ThreadPoolExecutor.java:1149)
java.util.concurrent.ThreadPoolExecutor$Worker.run(ThreadPoolExecutor.java:624)
java.lang.Thread.run(Thread.java:750)

⚠️ Entrada inválida. Por favor insere apenas números.
]]></system-out>
  </testcase>
  <testcase name="test02" classname="org.View.StatisticsMenu_ESTest" time="0.005">
    <system-out><![CDATA[Erro ao limpar o terminal: Security manager blocks ("java.io.FilePermission" "<<ALL FILES>>" "execute")
java.lang.Thread.getStackTrace(Thread.java:1564)
org.evosuite.runtime.sandbox.MSecurityManager.checkPermission(MSecurityManager.java:434)
java.lang.SecurityManager.checkExec(SecurityManager.java:799)
java.lang.ProcessBuilder.start(ProcessBuilder.java:1018)
org.View.Menu.cleanTerminal(Menu.java:113)
org.View.Menu.<init>(Menu.java:29)
org.View.LoginMenu.<init>(LoginMenu.java:16)
org.View.MenuManager.<init>(MenuManager.java:16)
org.View.StatisticsMenu_ESTest$3.run(StatisticsMenu_ESTest.java:81)
java.util.concurrent.Executors$RunnableAdapter.call(Executors.java:511)
java.util.concurrent.FutureTask.run(FutureTask.java:266)
java.util.concurrent.ThreadPoolExecutor.runWorker(ThreadPoolExecutor.java:1149)
java.util.concurrent.ThreadPoolExecutor$Worker.run(ThreadPoolExecutor.java:624)
java.lang.Thread.run(Thread.java:750)

Erro ao limpar o terminal: Security manager blocks ("java.io.FilePermission" "<<ALL FILES>>" "execute")
java.lang.Thread.getStackTrace(Thread.java:1564)
org.evosuite.runtime.sandbox.MSecurityManager.checkPermission(MSecurityManager.java:434)
java.lang.SecurityManager.checkExec(SecurityManager.java:799)
java.lang.ProcessBuilder.start(ProcessBuilder.java:1018)
org.View.Menu.cleanTerminal(Menu.java:113)
org.View.Menu.<init>(Menu.java:29)
org.View.StatisticsMenu.<init>(StatisticsMenu.java:19)
org.View.StatisticsMenu_ESTest$3.run(StatisticsMenu_ESTest.java:82)
java.util.concurrent.Executors$RunnableAdapter.call(Executors.java:511)
java.util.concurrent.FutureTask.run(FutureTask.java:266)
java.util.concurrent.ThreadPoolExecutor.runWorker(ThreadPoolExecutor.java:1149)
java.util.concurrent.ThreadPoolExecutor$Worker.run(ThreadPoolExecutor.java:624)
java.lang.Thread.run(Thread.java:750)


📊━━━━━━━━━━━━━━━【 MENU DE ESTATÍSTICAS 】━━━━━━━━━━━━━━━📊

1️⃣   🎵 Música mais reproduzida
2️⃣   🎤 Intérprete mais reproduzido
3️⃣   🧑‍🎤 Utilizador que ouviu mais músicas
4️⃣   🏆 Utilizador com mais pontos
5️⃣   🎼 Tipo de música mais reproduzido
6️⃣   📚 Número de playlists públicas
7️⃣   👑 Utilizador com mais playlists
0️⃣   🔙 Voltar ao Menu De Administrador

👉 Escolhe uma opção: ⚠️ Entrada inválida. Por favor insere apenas números.
]]></system-out>
  </testcase>
  <testcase name="test24" classname="org.View.StatisticsMenu_ESTest" time="0.005">
    <system-out><![CDATA[Erro ao limpar o terminal: Security manager blocks ("java.io.FilePermission" "<<ALL FILES>>" "execute")
java.lang.Thread.getStackTrace(Thread.java:1564)
org.evosuite.runtime.sandbox.MSecurityManager.checkPermission(MSecurityManager.java:434)
java.lang.SecurityManager.checkExec(SecurityManager.java:799)
java.lang.ProcessBuilder.start(ProcessBuilder.java:1018)
org.View.Menu.cleanTerminal(Menu.java:113)
org.View.Menu.<init>(Menu.java:29)
org.View.LoginMenu.<init>(LoginMenu.java:16)
org.View.MenuManager.<init>(MenuManager.java:16)
org.View.StatisticsMenu_ESTest$25.run(StatisticsMenu_ESTest.java:506)
java.util.concurrent.Executors$RunnableAdapter.call(Executors.java:511)
java.util.concurrent.FutureTask.run(FutureTask.java:266)
java.util.concurrent.ThreadPoolExecutor.runWorker(ThreadPoolExecutor.java:1149)
java.util.concurrent.ThreadPoolExecutor$Worker.run(ThreadPoolExecutor.java:624)
java.lang.Thread.run(Thread.java:750)

Erro ao limpar o terminal: Security manager blocks ("java.io.FilePermission" "<<ALL FILES>>" "execute")
java.lang.Thread.getStackTrace(Thread.java:1564)
org.evosuite.runtime.sandbox.MSecurityManager.checkPermission(MSecurityManager.java:434)
java.lang.SecurityManager.checkExec(SecurityManager.java:799)
java.lang.ProcessBuilder.start(ProcessBuilder.java:1018)
org.View.Menu.cleanTerminal(Menu.java:113)
org.View.Menu.<init>(Menu.java:29)
org.View.StatisticsMenu.<init>(StatisticsMenu.java:19)
org.View.StatisticsMenu_ESTest$25.run(StatisticsMenu_ESTest.java:507)
java.util.concurrent.Executors$RunnableAdapter.call(Executors.java:511)
java.util.concurrent.FutureTask.run(FutureTask.java:266)
java.util.concurrent.ThreadPoolExecutor.runWorker(ThreadPoolExecutor.java:1149)
java.util.concurrent.ThreadPoolExecutor$Worker.run(ThreadPoolExecutor.java:624)
java.lang.Thread.run(Thread.java:750)

]]></system-out>
  </testcase>
  <testcase name="test03" classname="org.View.StatisticsMenu_ESTest" time="0.014">
    <system-out><![CDATA[Erro ao limpar o terminal: Security manager blocks ("java.io.FilePermission" "<<ALL FILES>>" "execute")
java.lang.Thread.getStackTrace(Thread.java:1564)
org.evosuite.runtime.sandbox.MSecurityManager.checkPermission(MSecurityManager.java:434)
java.lang.SecurityManager.checkExec(SecurityManager.java:799)
java.lang.ProcessBuilder.start(ProcessBuilder.java:1018)
org.View.Menu.cleanTerminal(Menu.java:113)
org.View.Menu.<init>(Menu.java:29)
org.View.LoginMenu.<init>(LoginMenu.java:16)
org.View.MenuManager.<init>(MenuManager.java:16)
org.View.StatisticsMenu_ESTest$4.run(StatisticsMenu_ESTest.java:106)
java.util.concurrent.Executors$RunnableAdapter.call(Executors.java:511)
java.util.concurrent.FutureTask.run(FutureTask.java:266)
java.util.concurrent.ThreadPoolExecutor.runWorker(ThreadPoolExecutor.java:1149)
java.util.concurrent.ThreadPoolExecutor$Worker.run(ThreadPoolExecutor.java:624)
java.lang.Thread.run(Thread.java:750)

Erro ao limpar o terminal: Security manager blocks ("java.io.FilePermission" "<<ALL FILES>>" "execute")
java.lang.Thread.getStackTrace(Thread.java:1564)
org.evosuite.runtime.sandbox.MSecurityManager.checkPermission(MSecurityManager.java:434)
java.lang.SecurityManager.checkExec(SecurityManager.java:799)
java.lang.ProcessBuilder.start(ProcessBuilder.java:1018)
org.View.Menu.cleanTerminal(Menu.java:113)
org.View.Menu.<init>(Menu.java:29)
org.View.StatisticsMenu.<init>(StatisticsMenu.java:19)
org.View.StatisticsMenu_ESTest$4.run(StatisticsMenu_ESTest.java:107)
java.util.concurrent.Executors$RunnableAdapter.call(Executors.java:511)
java.util.concurrent.FutureTask.run(FutureTask.java:266)
java.util.concurrent.ThreadPoolExecutor.runWorker(ThreadPoolExecutor.java:1149)
java.util.concurrent.ThreadPoolExecutor$Worker.run(ThreadPoolExecutor.java:624)
java.lang.Thread.run(Thread.java:750)

⚠️ Entrada inválida. Por favor insere apenas números.
]]></system-out>
  </testcase>
  <testcase name="test25" classname="org.View.StatisticsMenu_ESTest" time="0.006">
    <system-out><![CDATA[Erro ao limpar o terminal: Security manager blocks ("java.io.FilePermission" "<<ALL FILES>>" "execute")
java.lang.Thread.getStackTrace(Thread.java:1564)
org.evosuite.runtime.sandbox.MSecurityManager.checkPermission(MSecurityManager.java:434)
java.lang.SecurityManager.checkExec(SecurityManager.java:799)
java.lang.ProcessBuilder.start(ProcessBuilder.java:1018)
org.View.Menu.cleanTerminal(Menu.java:113)
org.View.Menu.<init>(Menu.java:29)
org.View.LoginMenu.<init>(LoginMenu.java:16)
org.View.MenuManager.<init>(MenuManager.java:16)
org.View.StatisticsMenu_ESTest$26.run(StatisticsMenu_ESTest.java:529)
java.util.concurrent.Executors$RunnableAdapter.call(Executors.java:511)
java.util.concurrent.FutureTask.run(FutureTask.java:266)
java.util.concurrent.ThreadPoolExecutor.runWorker(ThreadPoolExecutor.java:1149)
java.util.concurrent.ThreadPoolExecutor$Worker.run(ThreadPoolExecutor.java:624)
java.lang.Thread.run(Thread.java:750)

Erro ao limpar o terminal: Security manager blocks ("java.io.FilePermission" "<<ALL FILES>>" "execute")
java.lang.Thread.getStackTrace(Thread.java:1564)
org.evosuite.runtime.sandbox.MSecurityManager.checkPermission(MSecurityManager.java:434)
java.lang.SecurityManager.checkExec(SecurityManager.java:799)
java.lang.ProcessBuilder.start(ProcessBuilder.java:1018)
org.View.Menu.cleanTerminal(Menu.java:113)
org.View.Menu.<init>(Menu.java:29)
org.View.StatisticsMenu.<init>(StatisticsMenu.java:19)
org.View.StatisticsMenu_ESTest$26.run(StatisticsMenu_ESTest.java:530)
java.util.concurrent.Executors$RunnableAdapter.call(Executors.java:511)
java.util.concurrent.FutureTask.run(FutureTask.java:266)
java.util.concurrent.ThreadPoolExecutor.runWorker(ThreadPoolExecutor.java:1149)
java.util.concurrent.ThreadPoolExecutor$Worker.run(ThreadPoolExecutor.java:624)
java.lang.Thread.run(Thread.java:750)

Deseja ver as reproduções num certo intervalo de tempo? (s/n)
]]></system-out>
  </testcase>
</testsuite>