<?xml version="1.0" encoding="UTF-8"?>
<testsuite xmlns:xsi="http://www.w3.org/2001/XMLSchema-instance" xsi:noNamespaceSchemaLocation="https://maven.apache.org/surefire/maven-surefire-plugin/xsd/surefire-test-report-3.0.xsd" version="3.0" name="org.View.AdminMenu_ESTest" time="4.137" tests="22" errors="0" skipped="0" failures="0">
  <properties>
[...]
</properties>
  <testcase name="test08" classname="org.View.AdminMenu_ESTest" time="3.042">
    <system-out><![CDATA[Erro ao limpar o terminal: Security manager blocks ("java.io.FilePermission" "<<ALL FILES>>" "execute")
java.lang.Thread.getStackTrace(Thread.java:1564)
org.evosuite.runtime.sandbox.MSecurityManager.checkPermission(MSecurityManager.java:434)
java.lang.SecurityManager.checkExec(SecurityManager.java:799)
java.lang.ProcessBuilder.start(ProcessBuilder.java:1018)
org.View.Menu.cleanTerminal(Menu.java:113)
org.View.Menu.<init>(Menu.java:29)
org.View.LoginMenu.<init>(LoginMenu.java:16)
org.View.MenuManager.<init>(MenuManager.java:16)
org.View.AdminMenu_ESTest$9.run(AdminMenu_ESTest.java:209)
java.util.concurrent.Executors$RunnableAdapter.call(Executors.java:511)
java.util.concurrent.FutureTask.run(FutureTask.java:266)
java.util.concurrent.ThreadPoolExecutor.runWorker(ThreadPoolExecutor.java:1149)
java.util.concurrent.ThreadPoolExecutor$Worker.run(ThreadPoolExecutor.java:624)
java.lang.Thread.run(Thread.java:750)

Erro ao limpar o terminal: Security manager blocks ("java.io.FilePermission" "<<ALL FILES>>" "execute")
java.lang.Thread.getStackTrace(Thread.java:1564)
org.evosuite.runtime.sandbox.MSecurityManager.checkPermission(MSecurityManager.java:434)
java.lang.SecurityManager.checkExec(SecurityManager.java:799)
java.lang.ProcessBuilder.start(ProcessBuilder.java:1018)
org.View.Menu.cleanTerminal(Menu.java:113)
org.View.Menu.<init>(Menu.java:29)
org.View.AdminMenu.<init>(AdminMenu.java:17)
org.View.AdminMenu_ESTest$9.run(AdminMenu_ESTest.java:210)
java.util.concurrent.Executors$RunnableAdapter.call(Executors.java:511)
java.util.concurrent.FutureTask.run(FutureTask.java:266)
java.util.concurrent.ThreadPoolExecutor.runWorker(ThreadPoolExecutor.java:1149)
java.util.concurrent.ThreadPoolExecutor$Worker.run(ThreadPoolExecutor.java:624)
java.lang.Thread.run(Thread.java:750)

Por favor, insira apenas Números.
]]></system-out>
    <system-err><![CDATA[SLF4J: Failed to load class "org.slf4j.impl.StaticLoggerBinder".
SLF4J: Defaulting to no-operation (NOP) logger implementation
SLF4J: See http://www.slf4j.org/codes.html#StaticLoggerBinder for further details.
]]></system-err>
  </testcase>
  <testcase name="test19" classname="org.View.AdminMenu_ESTest" time="0.02">
    <system-out><![CDATA[Erro ao limpar o terminal: Security manager blocks ("java.io.FilePermission" "<<ALL FILES>>" "execute")
java.lang.Thread.getStackTrace(Thread.java:1564)
org.evosuite.runtime.sandbox.MSecurityManager.checkPermission(MSecurityManager.java:434)
java.lang.SecurityManager.checkExec(SecurityManager.java:799)
java.lang.ProcessBuilder.start(ProcessBuilder.java:1018)
org.View.Menu.cleanTerminal(Menu.java:113)
org.View.Menu.<init>(Menu.java:29)
org.View.LoginMenu.<init>(LoginMenu.java:16)
org.View.MenuManager.<init>(MenuManager.java:16)
org.View.AdminMenu_ESTest$20.run(AdminMenu_ESTest.java:474)
java.util.concurrent.Executors$RunnableAdapter.call(Executors.java:511)
java.util.concurrent.FutureTask.run(FutureTask.java:266)
java.util.concurrent.ThreadPoolExecutor.runWorker(ThreadPoolExecutor.java:1149)
java.util.concurrent.ThreadPoolExecutor$Worker.run(ThreadPoolExecutor.java:624)
java.lang.Thread.run(Thread.java:750)

Erro ao limpar o terminal: Security manager blocks ("java.io.FilePermission" "<<ALL FILES>>" "execute")
java.lang.Thread.getStackTrace(Thread.java:1564)
org.evosuite.runtime.sandbox.MSecurityManager.checkPermission(MSecurityManager.java:434)
java.lang.SecurityManager.checkExec(SecurityManager.java:799)
java.lang.ProcessBuilder.start(ProcessBuilder.java:1018)
org.View.Menu.cleanTerminal(Menu.java:113)
org.View.Menu.<init>(Menu.java:29)
org.View.AdminMenu.<init>(AdminMenu.java:17)
org.View.AdminMenu_ESTest$20.run(AdminMenu_ESTest.java:475)
java.util.concurrent.Executors$RunnableAdapter.call(Executors.java:511)
java.util.concurrent.FutureTask.run(FutureTask.java:266)
java.util.concurrent.ThreadPoolExecutor.runWorker(ThreadPoolExecutor.java:1149)
java.util.concurrent.ThreadPoolExecutor$Worker.run(ThreadPoolExecutor.java:624)
java.lang.Thread.run(Thread.java:750)


🎧━━━━━━━━━━━━━━━【 MENU DE ADMINISTRADOR 】━━━━━━━━━━━━━━━🎧

1️⃣   📂 Importar Base de Dados existente.
2️⃣   💾 Exportar Base de Dados.
3️⃣   🎼 Adicionar Música ao sistema
4️⃣   📊 Mostrar Estatísticas.
0️⃣   🔙 Sair para o menu de login

👉 Escolhe uma opção: Por favor, insira apenas Números.
]]></system-out>
  </testcase>
  <testcase name="test09" classname="org.View.AdminMenu_ESTest" time="0.018">
    <system-out><![CDATA[Erro ao limpar o terminal: Security manager blocks ("java.io.FilePermission" "<<ALL FILES>>" "execute")
java.lang.Thread.getStackTrace(Thread.java:1564)
org.evosuite.runtime.sandbox.MSecurityManager.checkPermission(MSecurityManager.java:434)
java.lang.SecurityManager.checkExec(SecurityManager.java:799)
java.lang.ProcessBuilder.start(ProcessBuilder.java:1018)
org.View.Menu.cleanTerminal(Menu.java:113)
org.View.Menu.<init>(Menu.java:29)
org.View.LoginMenu.<init>(LoginMenu.java:16)
org.View.MenuManager.<init>(MenuManager.java:16)
org.View.AdminMenu_ESTest$10.run(AdminMenu_ESTest.java:233)
java.util.concurrent.Executors$RunnableAdapter.call(Executors.java:511)
java.util.concurrent.FutureTask.run(FutureTask.java:266)
java.util.concurrent.ThreadPoolExecutor.runWorker(ThreadPoolExecutor.java:1149)
java.util.concurrent.ThreadPoolExecutor$Worker.run(ThreadPoolExecutor.java:624)
java.lang.Thread.run(Thread.java:750)

Erro ao limpar o terminal: Security manager blocks ("java.io.FilePermission" "<<ALL FILES>>" "execute")
java.lang.Thread.getStackTrace(Thread.java:1564)
org.evosuite.runtime.sandbox.MSecurityManager.checkPermission(MSecurityManager.java:434)
java.lang.SecurityManager.checkExec(SecurityManager.java:799)
java.lang.ProcessBuilder.start(ProcessBuilder.java:1018)
org.View.Menu.cleanTerminal(Menu.java:113)
org.View.Menu.<init>(Menu.java:29)
org.View.AdminMenu.<init>(AdminMenu.java:17)
org.View.AdminMenu_ESTest$10.run(AdminMenu_ESTest.java:234)
java.util.concurrent.Executors$RunnableAdapter.call(Executors.java:511)
java.util.concurrent.FutureTask.run(FutureTask.java:266)
java.util.concurrent.ThreadPoolExecutor.runWorker(ThreadPoolExecutor.java:1149)
java.util.concurrent.ThreadPoolExecutor$Worker.run(ThreadPoolExecutor.java:624)
java.lang.Thread.run(Thread.java:750)

Por favor, insira apenas Números.
]]></system-out>
  </testcase>
  <testcase name="test06" classname="org.View.AdminMenu_ESTest" time="0.023">
    <system-out><![CDATA[Erro ao limpar o terminal: Security manager blocks ("java.io.FilePermission" "<<ALL FILES>>" "execute")
java.lang.Thread.getStackTrace(Thread.java:1564)
org.evosuite.runtime.sandbox.MSecurityManager.checkPermission(MSecurityManager.java:434)
java.lang.SecurityManager.checkExec(SecurityManager.java:799)
java.lang.ProcessBuilder.start(ProcessBuilder.java:1018)
org.View.Menu.cleanTerminal(Menu.java:113)
org.View.Menu.<init>(Menu.java:29)
org.View.LoginMenu.<init>(LoginMenu.java:16)
org.View.MenuManager.<init>(MenuManager.java:16)
org.View.AdminMenu_ESTest$7.run(AdminMenu_ESTest.java:157)
java.util.concurrent.Executors$RunnableAdapter.call(Executors.java:511)
java.util.concurrent.FutureTask.run(FutureTask.java:266)
java.util.concurrent.ThreadPoolExecutor.runWorker(ThreadPoolExecutor.java:1149)
java.util.concurrent.ThreadPoolExecutor$Worker.run(ThreadPoolExecutor.java:624)
java.lang.Thread.run(Thread.java:750)

Erro ao limpar o terminal: Security manager blocks ("java.io.FilePermission" "<<ALL FILES>>" "execute")
java.lang.Thread.getStackTrace(Thread.java:1564)
org.evosuite.runtime.sandbox.MSecurityManager.checkPermission(MSecurityManager.java:434)
java.lang.SecurityManager.checkExec(SecurityManager.java:799)
java.lang.ProcessBuilder.start(ProcessBuilder.java:1018)
org.View.Menu.cleanTerminal(Menu.java:113)
org.View.Menu.<init>(Menu.java:29)
org.View.AdminMenu.<init>(AdminMenu.java:17)
org.View.AdminMenu_ESTest$7.run(AdminMenu_ESTest.java:158)
java.util.concurrent.Executors$RunnableAdapter.call(Executors.java:511)
java.util.concurrent.FutureTask.run(FutureTask.java:266)
java.util.concurrent.ThreadPoolExecutor.runWorker(ThreadPoolExecutor.java:1149)
java.util.concurrent.ThreadPoolExecutor$Worker.run(ThreadPoolExecutor.java:624)
java.lang.Thread.run(Thread.java:750)

Por favor, insira apenas Números.
]]></system-out>
  </testcase>
  <testcase name="test17" classname="org.View.AdminMenu_ESTest" time="0.018">
    <system-out><![CDATA[Erro ao limpar o terminal: Security manager blocks ("java.io.FilePermission" "<<ALL FILES>>" "execute")
java.lang.Thread.getStackTrace(Thread.java:1564)
org.evosuite.runtime.sandbox.MSecurityManager.checkPermission(MSecurityManager.java:434)
java.lang.SecurityManager.checkExec(SecurityManager.java:799)
java.lang.ProcessBuilder.start(ProcessBuilder.java:1018)
org.View.Menu.cleanTerminal(Menu.java:113)
org.View.Menu.<init>(Menu.java:29)
org.View.AdminMenu.<init>(AdminMenu.java:17)
org.View.AdminMenu_ESTest$18.run(AdminMenu_ESTest.java:433)
java.util.concurrent.Executors$RunnableAdapter.call(Executors.java:511)
java.util.concurrent.FutureTask.run(FutureTask.java:266)
java.util.concurrent.ThreadPoolExecutor.runWorker(ThreadPoolExecutor.java:1149)
java.util.concurrent.ThreadPoolExecutor$Worker.run(ThreadPoolExecutor.java:624)
java.lang.Thread.run(Thread.java:750)


🎼================= Adicionar Nova Música =================🎼

🎵 Nome da nova música: 👤 Nome do artista: 🏷️  Editora: 📝 Letra da música: 🎼 Figuras musicais: 🎶 Género musical: 💿 Nome do álbum: ⚠️  O álbum não existe.

Deseja criar um novo álbum com esse nome? (s/n)
❌ Operação cancelada. Música não adicionada.
]]></system-out>
  </testcase>
  <testcase name="test07" classname="org.View.AdminMenu_ESTest" time="0.028">
    <system-out><![CDATA[Erro ao limpar o terminal: Security manager blocks ("java.io.FilePermission" "<<ALL FILES>>" "execute")
java.lang.Thread.getStackTrace(Thread.java:1564)
org.evosuite.runtime.sandbox.MSecurityManager.checkPermission(MSecurityManager.java:434)
java.lang.SecurityManager.checkExec(SecurityManager.java:799)
java.lang.ProcessBuilder.start(ProcessBuilder.java:1018)
org.View.Menu.cleanTerminal(Menu.java:113)
org.View.Menu.<init>(Menu.java:29)
org.View.AdminMenu.<init>(AdminMenu.java:17)
org.View.AdminMenu_ESTest$8.run(AdminMenu_ESTest.java:184)
java.util.concurrent.Executors$RunnableAdapter.call(Executors.java:511)
java.util.concurrent.FutureTask.run(FutureTask.java:266)
java.util.concurrent.ThreadPoolExecutor.runWorker(ThreadPoolExecutor.java:1149)
java.util.concurrent.ThreadPoolExecutor$Worker.run(ThreadPoolExecutor.java:624)
java.lang.Thread.run(Thread.java:750)

💾 Caminho do ficheiro onde guardar a base de dados: ❌ Erro ao exportar a base de dados: Erro ao exportar o objeto: null
Por favor, insira apenas Números.
]]></system-out>
  </testcase>
  <testcase name="test18" classname="org.View.AdminMenu_ESTest" time="0.01">
    <system-out><![CDATA[Erro ao limpar o terminal: Security manager blocks ("java.io.FilePermission" "<<ALL FILES>>" "execute")
java.lang.Thread.getStackTrace(Thread.java:1564)
org.evosuite.runtime.sandbox.MSecurityManager.checkPermission(MSecurityManager.java:434)
java.lang.SecurityManager.checkExec(SecurityManager.java:799)
java.lang.ProcessBuilder.start(ProcessBuilder.java:1018)
org.View.Menu.cleanTerminal(Menu.java:113)
org.View.Menu.<init>(Menu.java:29)
org.View.LoginMenu.<init>(LoginMenu.java:16)
org.View.MenuManager.<init>(MenuManager.java:16)
org.View.AdminMenu_ESTest$19.run(AdminMenu_ESTest.java:451)
java.util.concurrent.Executors$RunnableAdapter.call(Executors.java:511)
java.util.concurrent.FutureTask.run(FutureTask.java:266)
java.util.concurrent.ThreadPoolExecutor.runWorker(ThreadPoolExecutor.java:1149)
java.util.concurrent.ThreadPoolExecutor$Worker.run(ThreadPoolExecutor.java:624)
java.lang.Thread.run(Thread.java:750)

Erro ao limpar o terminal: Security manager blocks ("java.io.FilePermission" "<<ALL FILES>>" "execute")
java.lang.Thread.getStackTrace(Thread.java:1564)
org.evosuite.runtime.sandbox.MSecurityManager.checkPermission(MSecurityManager.java:434)
java.lang.SecurityManager.checkExec(SecurityManager.java:799)
java.lang.ProcessBuilder.start(ProcessBuilder.java:1018)
org.View.Menu.cleanTerminal(Menu.java:113)
org.View.Menu.<init>(Menu.java:29)
org.View.AdminMenu.<init>(AdminMenu.java:17)
org.View.AdminMenu_ESTest$19.run(AdminMenu_ESTest.java:452)
java.util.concurrent.Executors$RunnableAdapter.call(Executors.java:511)
java.util.concurrent.FutureTask.run(FutureTask.java:266)
java.util.concurrent.ThreadPoolExecutor.runWorker(ThreadPoolExecutor.java:1149)
java.util.concurrent.ThreadPoolExecutor$Worker.run(ThreadPoolExecutor.java:624)
java.lang.Thread.run(Thread.java:750)


🎼================= Adicionar Nova Música =================🎼

🎵 Nome da nova música: 👤 Nome do artista: 🏷️  Editora: 📝 Letra da música: 🎼 Figuras musicais: 🎶 Género musical: 💿 Nome do álbum: ⏱️  Duração da música (em segundos): ]]></system-out>
  </testcase>
  <testcase name="test00" classname="org.View.AdminMenu_ESTest" time="0.013">
    <system-out><![CDATA[Erro ao limpar o terminal: Security manager blocks ("java.io.FilePermission" "<<ALL FILES>>" "execute")
java.lang.Thread.getStackTrace(Thread.java:1564)
org.evosuite.runtime.sandbox.MSecurityManager.checkPermission(MSecurityManager.java:434)
java.lang.SecurityManager.checkExec(SecurityManager.java:799)
java.lang.ProcessBuilder.start(ProcessBuilder.java:1018)
org.View.Menu.cleanTerminal(Menu.java:113)
org.View.Menu.<init>(Menu.java:29)
org.View.LoginMenu.<init>(LoginMenu.java:16)
org.View.MenuManager.<init>(MenuManager.java:16)
org.View.AdminMenu_ESTest$1.run(AdminMenu_ESTest.java:41)
java.util.concurrent.Executors$RunnableAdapter.call(Executors.java:511)
java.util.concurrent.FutureTask.run(FutureTask.java:266)
java.util.concurrent.ThreadPoolExecutor.runWorker(ThreadPoolExecutor.java:1149)
java.util.concurrent.ThreadPoolExecutor$Worker.run(ThreadPoolExecutor.java:624)
java.lang.Thread.run(Thread.java:750)

Erro ao limpar o terminal: Security manager blocks ("java.io.FilePermission" "<<ALL FILES>>" "execute")
java.lang.Thread.getStackTrace(Thread.java:1564)
org.evosuite.runtime.sandbox.MSecurityManager.checkPermission(MSecurityManager.java:434)
java.lang.SecurityManager.checkExec(SecurityManager.java:799)
java.lang.ProcessBuilder.start(ProcessBuilder.java:1018)
org.View.Menu.cleanTerminal(Menu.java:113)
org.View.Menu.<init>(Menu.java:29)
org.View.AdminMenu.<init>(AdminMenu.java:17)
org.View.AdminMenu_ESTest$1.run(AdminMenu_ESTest.java:42)
java.util.concurrent.Executors$RunnableAdapter.call(Executors.java:511)
java.util.concurrent.FutureTask.run(FutureTask.java:266)
java.util.concurrent.ThreadPoolExecutor.runWorker(ThreadPoolExecutor.java:1149)
java.util.concurrent.ThreadPoolExecutor$Worker.run(ThreadPoolExecutor.java:624)
java.lang.Thread.run(Thread.java:750)

Por favor, insira apenas Números.
]]></system-out>
  </testcase>
  <testcase name="test11" classname="org.View.AdminMenu_ESTest" time="0.008">
    <system-out><![CDATA[Erro ao limpar o terminal: Security manager blocks ("java.io.FilePermission" "<<ALL FILES>>" "execute")
java.lang.Thread.getStackTrace(Thread.java:1564)
org.evosuite.runtime.sandbox.MSecurityManager.checkPermission(MSecurityManager.java:434)
java.lang.SecurityManager.checkExec(SecurityManager.java:799)
java.lang.ProcessBuilder.start(ProcessBuilder.java:1018)
org.View.Menu.cleanTerminal(Menu.java:113)
org.View.Menu.<init>(Menu.java:29)
org.View.LoginMenu.<init>(LoginMenu.java:16)
org.View.MenuManager.<init>(MenuManager.java:16)
org.View.AdminMenu_ESTest$12.run(AdminMenu_ESTest.java:287)
java.util.concurrent.Executors$RunnableAdapter.call(Executors.java:511)
java.util.concurrent.FutureTask.run(FutureTask.java:266)
java.util.concurrent.ThreadPoolExecutor.runWorker(ThreadPoolExecutor.java:1149)
java.util.concurrent.ThreadPoolExecutor$Worker.run(ThreadPoolExecutor.java:624)
java.lang.Thread.run(Thread.java:750)

Erro ao limpar o terminal: Security manager blocks ("java.io.FilePermission" "<<ALL FILES>>" "execute")
java.lang.Thread.getStackTrace(Thread.java:1564)
org.evosuite.runtime.sandbox.MSecurityManager.checkPermission(MSecurityManager.java:434)
java.lang.SecurityManager.checkExec(SecurityManager.java:799)
java.lang.ProcessBuilder.start(ProcessBuilder.java:1018)
org.View.Menu.cleanTerminal(Menu.java:113)
org.View.Menu.<init>(Menu.java:29)
org.View.AdminMenu.<init>(AdminMenu.java:17)
org.View.AdminMenu_ESTest$12.run(AdminMenu_ESTest.java:288)
java.util.concurrent.Executors$RunnableAdapter.call(Executors.java:511)
java.util.concurrent.FutureTask.run(FutureTask.java:266)
java.util.concurrent.ThreadPoolExecutor.runWorker(ThreadPoolExecutor.java:1149)
java.util.concurrent.ThreadPoolExecutor$Worker.run(ThreadPoolExecutor.java:624)
java.lang.Thread.run(Thread.java:750)

💾 Caminho do ficheiro onde guardar a base de dados: ]]></system-out>
  </testcase>
  <testcase name="test01" classname="org.View.AdminMenu_ESTest" time="0.009">
    <system-out><![CDATA[Erro ao limpar o terminal: Security manager blocks ("java.io.FilePermission" "<<ALL FILES>>" "execute")
java.lang.Thread.getStackTrace(Thread.java:1564)
org.evosuite.runtime.sandbox.MSecurityManager.checkPermission(MSecurityManager.java:434)
java.lang.SecurityManager.checkExec(SecurityManager.java:799)
java.lang.ProcessBuilder.start(ProcessBuilder.java:1018)
org.View.Menu.cleanTerminal(Menu.java:113)
org.View.Menu.<init>(Menu.java:29)
org.View.LoginMenu.<init>(LoginMenu.java:16)
org.View.MenuManager.<init>(MenuManager.java:16)
org.View.AdminMenu_ESTest$2.run(AdminMenu_ESTest.java:57)
java.util.concurrent.Executors$RunnableAdapter.call(Executors.java:511)
java.util.concurrent.FutureTask.run(FutureTask.java:266)
java.util.concurrent.ThreadPoolExecutor.runWorker(ThreadPoolExecutor.java:1149)
java.util.concurrent.ThreadPoolExecutor$Worker.run(ThreadPoolExecutor.java:624)
java.lang.Thread.run(Thread.java:750)

Erro ao limpar o terminal: Security manager blocks ("java.io.FilePermission" "<<ALL FILES>>" "execute")
java.lang.Thread.getStackTrace(Thread.java:1564)
org.evosuite.runtime.sandbox.MSecurityManager.checkPermission(MSecurityManager.java:434)
java.lang.SecurityManager.checkExec(SecurityManager.java:799)
java.lang.ProcessBuilder.start(ProcessBuilder.java:1018)
org.View.Menu.cleanTerminal(Menu.java:113)
org.View.Menu.<init>(Menu.java:29)
org.View.AdminMenu.<init>(AdminMenu.java:17)
org.View.AdminMenu_ESTest$2.run(AdminMenu_ESTest.java:58)
java.util.concurrent.Executors$RunnableAdapter.call(Executors.java:511)
java.util.concurrent.FutureTask.run(FutureTask.java:266)
java.util.concurrent.ThreadPoolExecutor.runWorker(ThreadPoolExecutor.java:1149)
java.util.concurrent.ThreadPoolExecutor$Worker.run(ThreadPoolExecutor.java:624)
java.lang.Thread.run(Thread.java:750)

📂 Caminho do ficheiro de base de dados a importar: ❌ Erro ao importar a base de dados: Erro ao importar o objeto: null
]]></system-out>
  </testcase>
  <testcase name="test12" classname="org.View.AdminMenu_ESTest" time="0.01">
    <system-out><![CDATA[Erro ao limpar o terminal: Security manager blocks ("java.io.FilePermission" "<<ALL FILES>>" "execute")
java.lang.Thread.getStackTrace(Thread.java:1564)
org.evosuite.runtime.sandbox.MSecurityManager.checkPermission(MSecurityManager.java:434)
java.lang.SecurityManager.checkExec(SecurityManager.java:799)
java.lang.ProcessBuilder.start(ProcessBuilder.java:1018)
org.View.Menu.cleanTerminal(Menu.java:113)
org.View.Menu.<init>(Menu.java:29)
org.View.LoginMenu.<init>(LoginMenu.java:16)
org.View.MenuManager.<init>(MenuManager.java:16)
org.View.AdminMenu_ESTest$13.run(AdminMenu_ESTest.java:311)
java.util.concurrent.Executors$RunnableAdapter.call(Executors.java:511)
java.util.concurrent.FutureTask.run(FutureTask.java:266)
java.util.concurrent.ThreadPoolExecutor.runWorker(ThreadPoolExecutor.java:1149)
java.util.concurrent.ThreadPoolExecutor$Worker.run(ThreadPoolExecutor.java:624)
java.lang.Thread.run(Thread.java:750)

Erro ao limpar o terminal: Security manager blocks ("java.io.FilePermission" "<<ALL FILES>>" "execute")
java.lang.Thread.getStackTrace(Thread.java:1564)
org.evosuite.runtime.sandbox.MSecurityManager.checkPermission(MSecurityManager.java:434)
java.lang.SecurityManager.checkExec(SecurityManager.java:799)
java.lang.ProcessBuilder.start(ProcessBuilder.java:1018)
org.View.Menu.cleanTerminal(Menu.java:113)
org.View.Menu.<init>(Menu.java:29)
org.View.AdminMenu.<init>(AdminMenu.java:17)
org.View.AdminMenu_ESTest$13.run(AdminMenu_ESTest.java:312)
java.util.concurrent.Executors$RunnableAdapter.call(Executors.java:511)
java.util.concurrent.FutureTask.run(FutureTask.java:266)
java.util.concurrent.ThreadPoolExecutor.runWorker(ThreadPoolExecutor.java:1149)
java.util.concurrent.ThreadPoolExecutor$Worker.run(ThreadPoolExecutor.java:624)
java.lang.Thread.run(Thread.java:750)

💾 Caminho do ficheiro onde guardar a base de dados: ]]></system-out>
  </testcase>
  <testcase name="test20" classname="org.View.AdminMenu_ESTest" time="0.014">
    <system-out><![CDATA[Erro ao limpar o terminal: Security manager blocks ("java.io.FilePermission" "<<ALL FILES>>" "execute")
java.lang.Thread.getStackTrace(Thread.java:1564)
org.evosuite.runtime.sandbox.MSecurityManager.checkPermission(MSecurityManager.java:434)
java.lang.SecurityManager.checkExec(SecurityManager.java:799)
java.lang.ProcessBuilder.start(ProcessBuilder.java:1018)
org.View.Menu.cleanTerminal(Menu.java:113)
org.View.Menu.<init>(Menu.java:29)
org.View.LoginMenu.<init>(LoginMenu.java:16)
org.View.MenuManager.<init>(MenuManager.java:16)
org.View.AdminMenu_ESTest$21.run(AdminMenu_ESTest.java:497)
java.util.concurrent.Executors$RunnableAdapter.call(Executors.java:511)
java.util.concurrent.FutureTask.run(FutureTask.java:266)
java.util.concurrent.ThreadPoolExecutor.runWorker(ThreadPoolExecutor.java:1149)
java.util.concurrent.ThreadPoolExecutor$Worker.run(ThreadPoolExecutor.java:624)
java.lang.Thread.run(Thread.java:750)

Erro ao limpar o terminal: Security manager blocks ("java.io.FilePermission" "<<ALL FILES>>" "execute")
java.lang.Thread.getStackTrace(Thread.java:1564)
org.evosuite.runtime.sandbox.MSecurityManager.checkPermission(MSecurityManager.java:434)
java.lang.SecurityManager.checkExec(SecurityManager.java:799)
java.lang.ProcessBuilder.start(ProcessBuilder.java:1018)
org.View.Menu.cleanTerminal(Menu.java:113)
org.View.Menu.<init>(Menu.java:29)
org.View.AdminMenu.<init>(AdminMenu.java:17)
org.View.AdminMenu_ESTest$21.run(AdminMenu_ESTest.java:498)
java.util.concurrent.Executors$RunnableAdapter.call(Executors.java:511)
java.util.concurrent.FutureTask.run(FutureTask.java:266)
java.util.concurrent.ThreadPoolExecutor.runWorker(ThreadPoolExecutor.java:1149)
java.util.concurrent.ThreadPoolExecutor$Worker.run(ThreadPoolExecutor.java:624)
java.lang.Thread.run(Thread.java:750)

💾 Caminho do ficheiro onde guardar a base de dados: ]]></system-out>
  </testcase>
  <testcase name="test10" classname="org.View.AdminMenu_ESTest" time="0.007">
    <system-out><![CDATA[Erro ao limpar o terminal: Security manager blocks ("java.io.FilePermission" "<<ALL FILES>>" "execute")
java.lang.Thread.getStackTrace(Thread.java:1564)
org.evosuite.runtime.sandbox.MSecurityManager.checkPermission(MSecurityManager.java:434)
java.lang.SecurityManager.checkExec(SecurityManager.java:799)
java.lang.ProcessBuilder.start(ProcessBuilder.java:1018)
org.View.Menu.cleanTerminal(Menu.java:113)
org.View.Menu.<init>(Menu.java:29)
org.View.AdminMenu.<init>(AdminMenu.java:17)
org.View.AdminMenu_ESTest$11.run(AdminMenu_ESTest.java:261)
java.util.concurrent.Executors$RunnableAdapter.call(Executors.java:511)
java.util.concurrent.FutureTask.run(FutureTask.java:266)
java.util.concurrent.ThreadPoolExecutor.runWorker(ThreadPoolExecutor.java:1149)
java.util.concurrent.ThreadPoolExecutor$Worker.run(ThreadPoolExecutor.java:624)
java.lang.Thread.run(Thread.java:750)

💾 Caminho do ficheiro onde guardar a base de dados: ❌ Erro ao exportar a base de dados: Erro ao exportar o objeto: null
💾 Caminho do ficheiro onde guardar a base de dados: ]]></system-out>
  </testcase>
  <testcase name="test21" classname="org.View.AdminMenu_ESTest" time="0.01">
    <system-out><![CDATA[Erro ao limpar o terminal: Security manager blocks ("java.io.FilePermission" "<<ALL FILES>>" "execute")
java.lang.Thread.getStackTrace(Thread.java:1564)
org.evosuite.runtime.sandbox.MSecurityManager.checkPermission(MSecurityManager.java:434)
java.lang.SecurityManager.checkExec(SecurityManager.java:799)
java.lang.ProcessBuilder.start(ProcessBuilder.java:1018)
org.View.Menu.cleanTerminal(Menu.java:113)
org.View.Menu.<init>(Menu.java:29)
org.View.LoginMenu.<init>(LoginMenu.java:16)
org.View.MenuManager.<init>(MenuManager.java:16)
org.View.AdminMenu_ESTest$22.run(AdminMenu_ESTest.java:520)
java.util.concurrent.Executors$RunnableAdapter.call(Executors.java:511)
java.util.concurrent.FutureTask.run(FutureTask.java:266)
java.util.concurrent.ThreadPoolExecutor.runWorker(ThreadPoolExecutor.java:1149)
java.util.concurrent.ThreadPoolExecutor$Worker.run(ThreadPoolExecutor.java:624)
java.lang.Thread.run(Thread.java:750)

Erro ao limpar o terminal: Security manager blocks ("java.io.FilePermission" "<<ALL FILES>>" "execute")
java.lang.Thread.getStackTrace(Thread.java:1564)
org.evosuite.runtime.sandbox.MSecurityManager.checkPermission(MSecurityManager.java:434)
java.lang.SecurityManager.checkExec(SecurityManager.java:799)
java.lang.ProcessBuilder.start(ProcessBuilder.java:1018)
org.View.Menu.cleanTerminal(Menu.java:113)
org.View.Menu.<init>(Menu.java:29)
org.View.AdminMenu.<init>(AdminMenu.java:17)
org.View.AdminMenu_ESTest$22.run(AdminMenu_ESTest.java:521)
java.util.concurrent.Executors$RunnableAdapter.call(Executors.java:511)
java.util.concurrent.FutureTask.run(FutureTask.java:266)
java.util.concurrent.ThreadPoolExecutor.runWorker(ThreadPoolExecutor.java:1149)
java.util.concurrent.ThreadPoolExecutor$Worker.run(ThreadPoolExecutor.java:624)
java.lang.Thread.run(Thread.java:750)

📂 Caminho do ficheiro de base de dados a importar: ]]></system-out>
  </testcase>
  <testcase name="test04" classname="org.View.AdminMenu_ESTest" time="0.008">
    <system-out><![CDATA[Erro ao limpar o terminal: Security manager blocks ("java.io.FilePermission" "<<ALL FILES>>" "execute")
java.lang.Thread.getStackTrace(Thread.java:1564)
org.evosuite.runtime.sandbox.MSecurityManager.checkPermission(MSecurityManager.java:434)
java.lang.SecurityManager.checkExec(SecurityManager.java:799)
java.lang.ProcessBuilder.start(ProcessBuilder.java:1018)
org.View.Menu.cleanTerminal(Menu.java:113)
org.View.Menu.<init>(Menu.java:29)
org.View.LoginMenu.<init>(LoginMenu.java:16)
org.View.MenuManager.<init>(MenuManager.java:16)
org.View.AdminMenu_ESTest$5.run(AdminMenu_ESTest.java:109)
java.util.concurrent.Executors$RunnableAdapter.call(Executors.java:511)
java.util.concurrent.FutureTask.run(FutureTask.java:266)
java.util.concurrent.ThreadPoolExecutor.runWorker(ThreadPoolExecutor.java:1149)
java.util.concurrent.ThreadPoolExecutor$Worker.run(ThreadPoolExecutor.java:624)
java.lang.Thread.run(Thread.java:750)

Erro ao limpar o terminal: Security manager blocks ("java.io.FilePermission" "<<ALL FILES>>" "execute")
java.lang.Thread.getStackTrace(Thread.java:1564)
org.evosuite.runtime.sandbox.MSecurityManager.checkPermission(MSecurityManager.java:434)
java.lang.SecurityManager.checkExec(SecurityManager.java:799)
java.lang.ProcessBuilder.start(ProcessBuilder.java:1018)
org.View.Menu.cleanTerminal(Menu.java:113)
org.View.Menu.<init>(Menu.java:29)
org.View.AdminMenu.<init>(AdminMenu.java:17)
org.View.AdminMenu_ESTest$5.run(AdminMenu_ESTest.java:110)
java.util.concurrent.Executors$RunnableAdapter.call(Executors.java:511)
java.util.concurrent.FutureTask.run(FutureTask.java:266)
java.util.concurrent.ThreadPoolExecutor.runWorker(ThreadPoolExecutor.java:1149)
java.util.concurrent.ThreadPoolExecutor$Worker.run(ThreadPoolExecutor.java:624)
java.lang.Thread.run(Thread.java:750)


🎧━━━━━━━━━━━━━━━【 MENU DE ADMINISTRADOR 】━━━━━━━━━━━━━━━🎧

1️⃣   📂 Importar Base de Dados existente.
2️⃣   💾 Exportar Base de Dados.
3️⃣   🎼 Adicionar Música ao sistema
4️⃣   📊 Mostrar Estatísticas.
0️⃣   🔙 Sair para o menu de login

👉 Escolhe uma opção: Por favor, insira apenas Números.
]]></system-out>
  </testcase>
  <testcase name="test15" classname="org.View.AdminMenu_ESTest" time="0.022">
    <system-out><![CDATA[Erro ao limpar o terminal: Security manager blocks ("java.io.FilePermission" "<<ALL FILES>>" "execute")
java.lang.Thread.getStackTrace(Thread.java:1564)
org.evosuite.runtime.sandbox.MSecurityManager.checkPermission(MSecurityManager.java:434)
java.lang.SecurityManager.checkExec(SecurityManager.java:799)
java.lang.ProcessBuilder.start(ProcessBuilder.java:1018)
org.View.Menu.cleanTerminal(Menu.java:113)
org.View.Menu.<init>(Menu.java:29)
org.View.AdminMenu.<init>(AdminMenu.java:17)
org.View.AdminMenu_ESTest$16.run(AdminMenu_ESTest.java:383)
java.util.concurrent.Executors$RunnableAdapter.call(Executors.java:511)
java.util.concurrent.FutureTask.run(FutureTask.java:266)
java.util.concurrent.ThreadPoolExecutor.runWorker(ThreadPoolExecutor.java:1149)
java.util.concurrent.ThreadPoolExecutor$Worker.run(ThreadPoolExecutor.java:624)
java.lang.Thread.run(Thread.java:750)


🎼================= Adicionar Nova Música =================🎼

🎵 Nome da nova música: ]]></system-out>
  </testcase>
  <testcase name="test05" classname="org.View.AdminMenu_ESTest" time="0.007">
    <system-out><![CDATA[Erro ao limpar o terminal: Security manager blocks ("java.io.FilePermission" "<<ALL FILES>>" "execute")
java.lang.Thread.getStackTrace(Thread.java:1564)
org.evosuite.runtime.sandbox.MSecurityManager.checkPermission(MSecurityManager.java:434)
java.lang.SecurityManager.checkExec(SecurityManager.java:799)
java.lang.ProcessBuilder.start(ProcessBuilder.java:1018)
org.View.Menu.cleanTerminal(Menu.java:113)
org.View.Menu.<init>(Menu.java:29)
org.View.LoginMenu.<init>(LoginMenu.java:16)
org.View.MenuManager.<init>(MenuManager.java:16)
org.View.AdminMenu_ESTest$6.run(AdminMenu_ESTest.java:133)
java.util.concurrent.Executors$RunnableAdapter.call(Executors.java:511)
java.util.concurrent.FutureTask.run(FutureTask.java:266)
java.util.concurrent.ThreadPoolExecutor.runWorker(ThreadPoolExecutor.java:1149)
java.util.concurrent.ThreadPoolExecutor$Worker.run(ThreadPoolExecutor.java:624)
java.lang.Thread.run(Thread.java:750)

Erro ao limpar o terminal: Security manager blocks ("java.io.FilePermission" "<<ALL FILES>>" "execute")
java.lang.Thread.getStackTrace(Thread.java:1564)
org.evosuite.runtime.sandbox.MSecurityManager.checkPermission(MSecurityManager.java:434)
java.lang.SecurityManager.checkExec(SecurityManager.java:799)
java.lang.ProcessBuilder.start(ProcessBuilder.java:1018)
org.View.Menu.cleanTerminal(Menu.java:113)
org.View.Menu.<init>(Menu.java:29)
org.View.AdminMenu.<init>(AdminMenu.java:17)
org.View.AdminMenu_ESTest$6.run(AdminMenu_ESTest.java:134)
java.util.concurrent.Executors$RunnableAdapter.call(Executors.java:511)
java.util.concurrent.FutureTask.run(FutureTask.java:266)
java.util.concurrent.ThreadPoolExecutor.runWorker(ThreadPoolExecutor.java:1149)
java.util.concurrent.ThreadPoolExecutor$Worker.run(ThreadPoolExecutor.java:624)
java.lang.Thread.run(Thread.java:750)

📂 Caminho do ficheiro de base de dados a importar: ]]></system-out>
  </testcase>
  <testcase name="test16" classname="org.View.AdminMenu_ESTest" time="0.004">
    <system-out><![CDATA[Erro ao limpar o terminal: Security manager blocks ("java.io.FilePermission" "<<ALL FILES>>" "execute")
java.lang.Thread.getStackTrace(Thread.java:1564)
org.evosuite.runtime.sandbox.MSecurityManager.checkPermission(MSecurityManager.java:434)
java.lang.SecurityManager.checkExec(SecurityManager.java:799)
java.lang.ProcessBuilder.start(ProcessBuilder.java:1018)
org.View.Menu.cleanTerminal(Menu.java:113)
org.View.Menu.<init>(Menu.java:29)
org.View.AdminMenu.<init>(AdminMenu.java:17)
org.View.AdminMenu_ESTest$17.run(AdminMenu_ESTest.java:406)
java.util.concurrent.Executors$RunnableAdapter.call(Executors.java:511)
java.util.concurrent.FutureTask.run(FutureTask.java:266)
java.util.concurrent.ThreadPoolExecutor.runWorker(ThreadPoolExecutor.java:1149)
java.util.concurrent.ThreadPoolExecutor$Worker.run(ThreadPoolExecutor.java:624)
java.lang.Thread.run(Thread.java:750)


🎼================= Adicionar Nova Música =================🎼

🎵 Nome da nova música: ]]></system-out>
  </testcase>
  <testcase name="test02" classname="org.View.AdminMenu_ESTest" time="0.009">
    <system-out><![CDATA[Erro ao limpar o terminal: Security manager blocks ("java.io.FilePermission" "<<ALL FILES>>" "execute")
java.lang.Thread.getStackTrace(Thread.java:1564)
org.evosuite.runtime.sandbox.MSecurityManager.checkPermission(MSecurityManager.java:434)
java.lang.SecurityManager.checkExec(SecurityManager.java:799)
java.lang.ProcessBuilder.start(ProcessBuilder.java:1018)
org.View.Menu.cleanTerminal(Menu.java:113)
org.View.Menu.<init>(Menu.java:29)
org.View.LoginMenu.<init>(LoginMenu.java:16)
org.View.MenuManager.<init>(MenuManager.java:16)
org.View.AdminMenu_ESTest$3.run(AdminMenu_ESTest.java:71)
java.util.concurrent.Executors$RunnableAdapter.call(Executors.java:511)
java.util.concurrent.FutureTask.run(FutureTask.java:266)
java.util.concurrent.ThreadPoolExecutor.runWorker(ThreadPoolExecutor.java:1149)
java.util.concurrent.ThreadPoolExecutor$Worker.run(ThreadPoolExecutor.java:624)
java.lang.Thread.run(Thread.java:750)

Erro ao limpar o terminal: Security manager blocks ("java.io.FilePermission" "<<ALL FILES>>" "execute")
java.lang.Thread.getStackTrace(Thread.java:1564)
org.evosuite.runtime.sandbox.MSecurityManager.checkPermission(MSecurityManager.java:434)
java.lang.SecurityManager.checkExec(SecurityManager.java:799)
java.lang.ProcessBuilder.start(ProcessBuilder.java:1018)
org.View.Menu.cleanTerminal(Menu.java:113)
org.View.Menu.<init>(Menu.java:29)
org.View.AdminMenu.<init>(AdminMenu.java:17)
org.View.AdminMenu_ESTest$3.run(AdminMenu_ESTest.java:73)
java.util.concurrent.Executors$RunnableAdapter.call(Executors.java:511)
java.util.concurrent.FutureTask.run(FutureTask.java:266)
java.util.concurrent.ThreadPoolExecutor.runWorker(ThreadPoolExecutor.java:1149)
java.util.concurrent.ThreadPoolExecutor$Worker.run(ThreadPoolExecutor.java:624)
java.lang.Thread.run(Thread.java:750)


🎧━━━━━━━━━━━━━━━【 MENU DE ADMINISTRADOR 】━━━━━━━━━━━━━━━🎧

1️⃣   📂 Importar Base de Dados existente.
2️⃣   💾 Exportar Base de Dados.
3️⃣   🎼 Adicionar Música ao sistema
4️⃣   📊 Mostrar Estatísticas.
0️⃣   🔙 Sair para o menu de login

👉 Escolhe uma opção: Por favor, insira apenas Números.
]]></system-out>
  </testcase>
  <testcase name="test13" classname="org.View.AdminMenu_ESTest" time="0.006">
    <system-out><![CDATA[Erro ao limpar o terminal: Security manager blocks ("java.io.FilePermission" "<<ALL FILES>>" "execute")
java.lang.Thread.getStackTrace(Thread.java:1564)
org.evosuite.runtime.sandbox.MSecurityManager.checkPermission(MSecurityManager.java:434)
java.lang.SecurityManager.checkExec(SecurityManager.java:799)
java.lang.ProcessBuilder.start(ProcessBuilder.java:1018)
org.View.Menu.cleanTerminal(Menu.java:113)
org.View.Menu.<init>(Menu.java:29)
org.View.AdminMenu.<init>(AdminMenu.java:17)
org.View.AdminMenu_ESTest$14.run(AdminMenu_ESTest.java:335)
java.util.concurrent.Executors$RunnableAdapter.call(Executors.java:511)
java.util.concurrent.FutureTask.run(FutureTask.java:266)
java.util.concurrent.ThreadPoolExecutor.runWorker(ThreadPoolExecutor.java:1149)
java.util.concurrent.ThreadPoolExecutor$Worker.run(ThreadPoolExecutor.java:624)
java.lang.Thread.run(Thread.java:750)


🎼================= Adicionar Nova Música =================🎼

🎵 Nome da nova música: ]]></system-out>
  </testcase>
  <testcase name="test03" classname="org.View.AdminMenu_ESTest" time="0.015">
    <system-out><![CDATA[Erro ao limpar o terminal: Security manager blocks ("java.io.FilePermission" "<<ALL FILES>>" "execute")
java.lang.Thread.getStackTrace(Thread.java:1564)
org.evosuite.runtime.sandbox.MSecurityManager.checkPermission(MSecurityManager.java:434)
java.lang.SecurityManager.checkExec(SecurityManager.java:799)
java.lang.ProcessBuilder.start(ProcessBuilder.java:1018)
org.View.Menu.cleanTerminal(Menu.java:113)
org.View.Menu.<init>(Menu.java:29)
org.View.LoginMenu.<init>(LoginMenu.java:16)
org.View.MenuManager.<init>(MenuManager.java:16)
org.View.AdminMenu_ESTest$4.run(AdminMenu_ESTest.java:86)
java.util.concurrent.Executors$RunnableAdapter.call(Executors.java:511)
java.util.concurrent.FutureTask.run(FutureTask.java:266)
java.util.concurrent.ThreadPoolExecutor.runWorker(ThreadPoolExecutor.java:1149)
java.util.concurrent.ThreadPoolExecutor$Worker.run(ThreadPoolExecutor.java:624)
java.lang.Thread.run(Thread.java:750)

Erro ao limpar o terminal: Security manager blocks ("java.io.FilePermission" "<<ALL FILES>>" "execute")
java.lang.Thread.getStackTrace(Thread.java:1564)
org.evosuite.runtime.sandbox.MSecurityManager.checkPermission(MSecurityManager.java:434)
java.lang.SecurityManager.checkExec(SecurityManager.java:799)
java.lang.ProcessBuilder.start(ProcessBuilder.java:1018)
org.View.Menu.cleanTerminal(Menu.java:113)
org.View.Menu.<init>(Menu.java:29)
org.View.AdminMenu.<init>(AdminMenu.java:17)
org.View.AdminMenu_ESTest$4.run(AdminMenu_ESTest.java:87)
java.util.concurrent.Executors$RunnableAdapter.call(Executors.java:511)
java.util.concurrent.FutureTask.run(FutureTask.java:266)
java.util.concurrent.ThreadPoolExecutor.runWorker(ThreadPoolExecutor.java:1149)
java.util.concurrent.ThreadPoolExecutor$Worker.run(ThreadPoolExecutor.java:624)
java.lang.Thread.run(Thread.java:750)


🎧━━━━━━━━━━━━━━━【 MENU DE ADMINISTRADOR 】━━━━━━━━━━━━━━━🎧

1️⃣   📂 Importar Base de Dados existente.
2️⃣   💾 Exportar Base de Dados.
3️⃣   🎼 Adicionar Música ao sistema
4️⃣   📊 Mostrar Estatísticas.
0️⃣   🔙 Sair para o menu de login

👉 Escolhe uma opção: Por favor, insira apenas Números.
]]></system-out>
  </testcase>
  <testcase name="test14" classname="org.View.AdminMenu_ESTest" time="0.013">
    <system-out><![CDATA[Erro ao limpar o terminal: Security manager blocks ("java.io.FilePermission" "<<ALL FILES>>" "execute")
java.lang.Thread.getStackTrace(Thread.java:1564)
org.evosuite.runtime.sandbox.MSecurityManager.checkPermission(MSecurityManager.java:434)
java.lang.SecurityManager.checkExec(SecurityManager.java:799)
java.lang.ProcessBuilder.start(ProcessBuilder.java:1018)
org.View.Menu.cleanTerminal(Menu.java:113)
org.View.Menu.<init>(Menu.java:29)
org.View.AdminMenu.<init>(AdminMenu.java:17)
org.View.AdminMenu_ESTest$15.run(AdminMenu_ESTest.java:358)
java.util.concurrent.Executors$RunnableAdapter.call(Executors.java:511)
java.util.concurrent.FutureTask.run(FutureTask.java:266)
java.util.concurrent.ThreadPoolExecutor.runWorker(ThreadPoolExecutor.java:1149)
java.util.concurrent.ThreadPoolExecutor$Worker.run(ThreadPoolExecutor.java:624)
java.lang.Thread.run(Thread.java:750)


🎼================= Adicionar Nova Música =================🎼

🎵 Nome da nova música: ]]></system-out>
  </testcase>
</testsuite>