<?xml version="1.0" encoding="UTF-8"?>
<testsuite xmlns:xsi="http://www.w3.org/2001/XMLSchema-instance" xsi:noNamespaceSchemaLocation="https://maven.apache.org/surefire/maven-surefire-plugin/xsd/surefire-test-report-3.0.xsd" version="3.0" name="org.View.ReproductionMenu_ESTest" time="4.094" tests="15" errors="0" skipped="0" failures="0">
  <properties>
[...]
</properties>
  <testcase name="test06" classname="org.View.ReproductionMenu_ESTest" time="3.034">
    <system-out><![CDATA[Erro ao limpar o terminal: Security manager blocks ("java.io.FilePermission" "<<ALL FILES>>" "execute")
java.lang.Thread.getStackTrace(Thread.java:1564)
org.evosuite.runtime.sandbox.MSecurityManager.checkPermission(MSecurityManager.java:434)
java.lang.SecurityManager.checkExec(SecurityManager.java:799)
java.lang.ProcessBuilder.start(ProcessBuilder.java:1018)
org.View.Menu.cleanTerminal(Menu.java:113)
org.View.Menu.<init>(Menu.java:29)
org.View.LoginMenu.<init>(LoginMenu.java:16)
org.View.MenuManager.<init>(MenuManager.java:16)
org.View.ReproductionMenu_ESTest$7.run(ReproductionMenu_ESTest.java:160)
java.util.concurrent.Executors$RunnableAdapter.call(Executors.java:511)
java.util.concurrent.FutureTask.run(FutureTask.java:266)
java.util.concurrent.ThreadPoolExecutor.runWorker(ThreadPoolExecutor.java:1149)
java.util.concurrent.ThreadPoolExecutor$Worker.run(ThreadPoolExecutor.java:624)
java.lang.Thread.run(Thread.java:750)

Erro ao limpar o terminal: Security manager blocks ("java.io.FilePermission" "<<ALL FILES>>" "execute")
java.lang.Thread.getStackTrace(Thread.java:1564)
org.evosuite.runtime.sandbox.MSecurityManager.checkPermission(MSecurityManager.java:434)
java.lang.SecurityManager.checkExec(SecurityManager.java:799)
java.lang.ProcessBuilder.start(ProcessBuilder.java:1018)
org.View.Menu.cleanTerminal(Menu.java:113)
org.View.Menu.<init>(Menu.java:29)
org.View.ReproductionMenu.<init>(ReproductionMenu.java:32)
org.View.ReproductionMenu_ESTest$7.run(ReproductionMenu_ESTest.java:161)
java.util.concurrent.Executors$RunnableAdapter.call(Executors.java:511)
java.util.concurrent.FutureTask.run(FutureTask.java:266)
java.util.concurrent.ThreadPoolExecutor.runWorker(ThreadPoolExecutor.java:1149)
java.util.concurrent.ThreadPoolExecutor$Worker.run(ThreadPoolExecutor.java:624)
java.lang.Thread.run(Thread.java:750)


🔞 Quer apenas músicas explícitas? (s/n)
]]></system-out>
    <system-err><![CDATA[SLF4J: Failed to load class "org.slf4j.impl.StaticLoggerBinder".
SLF4J: Defaulting to no-operation (NOP) logger implementation
SLF4J: See http://www.slf4j.org/codes.html#StaticLoggerBinder for further details.
]]></system-err>
  </testcase>
  <testcase name="test07" classname="org.View.ReproductionMenu_ESTest" time="0.015">
    <system-out><![CDATA[Erro ao limpar o terminal: Security manager blocks ("java.io.FilePermission" "<<ALL FILES>>" "execute")
java.lang.Thread.getStackTrace(Thread.java:1564)
org.evosuite.runtime.sandbox.MSecurityManager.checkPermission(MSecurityManager.java:434)
java.lang.SecurityManager.checkExec(SecurityManager.java:799)
java.lang.ProcessBuilder.start(ProcessBuilder.java:1018)
org.View.Menu.cleanTerminal(Menu.java:113)
org.View.Menu.<init>(Menu.java:29)
org.View.LoginMenu.<init>(LoginMenu.java:16)
org.View.MenuManager.<init>(MenuManager.java:16)
org.View.ReproductionMenu_ESTest$8.run(ReproductionMenu_ESTest.java:184)
java.util.concurrent.Executors$RunnableAdapter.call(Executors.java:511)
java.util.concurrent.FutureTask.run(FutureTask.java:266)
java.util.concurrent.ThreadPoolExecutor.runWorker(ThreadPoolExecutor.java:1149)
java.util.concurrent.ThreadPoolExecutor$Worker.run(ThreadPoolExecutor.java:624)
java.lang.Thread.run(Thread.java:750)

Erro ao limpar o terminal: Security manager blocks ("java.io.FilePermission" "<<ALL FILES>>" "execute")
java.lang.Thread.getStackTrace(Thread.java:1564)
org.evosuite.runtime.sandbox.MSecurityManager.checkPermission(MSecurityManager.java:434)
java.lang.SecurityManager.checkExec(SecurityManager.java:799)
java.lang.ProcessBuilder.start(ProcessBuilder.java:1018)
org.View.Menu.cleanTerminal(Menu.java:113)
org.View.Menu.<init>(Menu.java:29)
org.View.ReproductionMenu.<init>(ReproductionMenu.java:32)
org.View.ReproductionMenu_ESTest$8.run(ReproductionMenu_ESTest.java:185)
java.util.concurrent.Executors$RunnableAdapter.call(Executors.java:511)
java.util.concurrent.FutureTask.run(FutureTask.java:266)
java.util.concurrent.ThreadPoolExecutor.runWorker(ThreadPoolExecutor.java:1149)
java.util.concurrent.ThreadPoolExecutor$Worker.run(ThreadPoolExecutor.java:624)
java.lang.Thread.run(Thread.java:750)


🔞 Quer apenas músicas explícitas? (s/n)
]]></system-out>
  </testcase>
  <testcase name="test08" classname="org.View.ReproductionMenu_ESTest" time="0.026">
    <system-out><![CDATA[Erro ao limpar o terminal: Security manager blocks ("java.io.FilePermission" "<<ALL FILES>>" "execute")
java.lang.Thread.getStackTrace(Thread.java:1564)
org.evosuite.runtime.sandbox.MSecurityManager.checkPermission(MSecurityManager.java:434)
java.lang.SecurityManager.checkExec(SecurityManager.java:799)
java.lang.ProcessBuilder.start(ProcessBuilder.java:1018)
org.View.Menu.cleanTerminal(Menu.java:113)
org.View.Menu.<init>(Menu.java:29)
org.View.LoginMenu.<init>(LoginMenu.java:16)
org.View.MenuManager.<init>(MenuManager.java:16)
org.View.ReproductionMenu_ESTest$9.run(ReproductionMenu_ESTest.java:210)
java.util.concurrent.Executors$RunnableAdapter.call(Executors.java:511)
java.util.concurrent.FutureTask.run(FutureTask.java:266)
java.util.concurrent.ThreadPoolExecutor.runWorker(ThreadPoolExecutor.java:1149)
java.util.concurrent.ThreadPoolExecutor$Worker.run(ThreadPoolExecutor.java:624)
java.lang.Thread.run(Thread.java:750)

Erro ao limpar o terminal: Security manager blocks ("java.io.FilePermission" "<<ALL FILES>>" "execute")
java.lang.Thread.getStackTrace(Thread.java:1564)
org.evosuite.runtime.sandbox.MSecurityManager.checkPermission(MSecurityManager.java:434)
java.lang.SecurityManager.checkExec(SecurityManager.java:799)
java.lang.ProcessBuilder.start(ProcessBuilder.java:1018)
org.View.Menu.cleanTerminal(Menu.java:113)
org.View.Menu.<init>(Menu.java:29)
org.View.ReproductionMenu.<init>(ReproductionMenu.java:32)
org.View.ReproductionMenu_ESTest$9.run(ReproductionMenu_ESTest.java:211)
java.util.concurrent.Executors$RunnableAdapter.call(Executors.java:511)
java.util.concurrent.FutureTask.run(FutureTask.java:266)
java.util.concurrent.ThreadPoolExecutor.runWorker(ThreadPoolExecutor.java:1149)
java.util.concurrent.ThreadPoolExecutor$Worker.run(ThreadPoolExecutor.java:624)
java.lang.Thread.run(Thread.java:750)


🚫 Por favor, insira apenas números.
]]></system-out>
  </testcase>
  <testcase name="test09" classname="org.View.ReproductionMenu_ESTest" time="0.032">
    <system-out><![CDATA[Erro ao limpar o terminal: Security manager blocks ("java.io.FilePermission" "<<ALL FILES>>" "execute")
java.lang.Thread.getStackTrace(Thread.java:1564)
org.evosuite.runtime.sandbox.MSecurityManager.checkPermission(MSecurityManager.java:434)
java.lang.SecurityManager.checkExec(SecurityManager.java:799)
java.lang.ProcessBuilder.start(ProcessBuilder.java:1018)
org.View.Menu.cleanTerminal(Menu.java:113)
org.View.Menu.<init>(Menu.java:29)
org.View.LoginMenu.<init>(LoginMenu.java:16)
org.View.MenuManager.<init>(MenuManager.java:16)
org.View.ReproductionMenu_ESTest$10.run(ReproductionMenu_ESTest.java:234)
java.util.concurrent.Executors$RunnableAdapter.call(Executors.java:511)
java.util.concurrent.FutureTask.run(FutureTask.java:266)
java.util.concurrent.ThreadPoolExecutor.runWorker(ThreadPoolExecutor.java:1149)
java.util.concurrent.ThreadPoolExecutor$Worker.run(ThreadPoolExecutor.java:624)
java.lang.Thread.run(Thread.java:750)

Erro ao limpar o terminal: Security manager blocks ("java.io.FilePermission" "<<ALL FILES>>" "execute")
java.lang.Thread.getStackTrace(Thread.java:1564)
org.evosuite.runtime.sandbox.MSecurityManager.checkPermission(MSecurityManager.java:434)
java.lang.SecurityManager.checkExec(SecurityManager.java:799)
java.lang.ProcessBuilder.start(ProcessBuilder.java:1018)
org.View.Menu.cleanTerminal(Menu.java:113)
org.View.Menu.<init>(Menu.java:29)
org.View.ReproductionMenu.<init>(ReproductionMenu.java:32)
org.View.ReproductionMenu_ESTest$10.run(ReproductionMenu_ESTest.java:235)
java.util.concurrent.Executors$RunnableAdapter.call(Executors.java:511)
java.util.concurrent.FutureTask.run(FutureTask.java:266)
java.util.concurrent.ThreadPoolExecutor.runWorker(ThreadPoolExecutor.java:1149)
java.util.concurrent.ThreadPoolExecutor$Worker.run(ThreadPoolExecutor.java:624)
java.lang.Thread.run(Thread.java:750)


🚫 Por favor, insira apenas números.
]]></system-out>
  </testcase>
  <testcase name="test10" classname="org.View.ReproductionMenu_ESTest" time="0.022">
    <system-out><![CDATA[Erro ao limpar o terminal: Security manager blocks ("java.io.FilePermission" "<<ALL FILES>>" "execute")
java.lang.Thread.getStackTrace(Thread.java:1564)
org.evosuite.runtime.sandbox.MSecurityManager.checkPermission(MSecurityManager.java:434)
java.lang.SecurityManager.checkExec(SecurityManager.java:799)
java.lang.ProcessBuilder.start(ProcessBuilder.java:1018)
org.View.Menu.cleanTerminal(Menu.java:113)
org.View.Menu.<init>(Menu.java:29)
org.View.ReproductionMenu.<init>(ReproductionMenu.java:32)
org.View.ReproductionMenu_ESTest$11.run(ReproductionMenu_ESTest.java:258)
java.util.concurrent.Executors$RunnableAdapter.call(Executors.java:511)
java.util.concurrent.FutureTask.run(FutureTask.java:266)
java.util.concurrent.ThreadPoolExecutor.runWorker(ThreadPoolExecutor.java:1149)
java.util.concurrent.ThreadPoolExecutor$Worker.run(ThreadPoolExecutor.java:624)
java.lang.Thread.run(Thread.java:750)


🚫 Por favor, insira apenas números.
]]></system-out>
  </testcase>
  <testcase name="test00" classname="org.View.ReproductionMenu_ESTest" time="0.014">
    <system-out><![CDATA[Erro ao limpar o terminal: Security manager blocks ("java.io.FilePermission" "<<ALL FILES>>" "execute")
java.lang.Thread.getStackTrace(Thread.java:1564)
org.evosuite.runtime.sandbox.MSecurityManager.checkPermission(MSecurityManager.java:434)
java.lang.SecurityManager.checkExec(SecurityManager.java:799)
java.lang.ProcessBuilder.start(ProcessBuilder.java:1018)
org.View.Menu.cleanTerminal(Menu.java:113)
org.View.Menu.<init>(Menu.java:29)
org.View.LoginMenu.<init>(LoginMenu.java:16)
org.View.MenuManager.<init>(MenuManager.java:16)
org.View.ReproductionMenu_ESTest$1.run(ReproductionMenu_ESTest.java:35)
java.util.concurrent.Executors$RunnableAdapter.call(Executors.java:511)
java.util.concurrent.FutureTask.run(FutureTask.java:266)
java.util.concurrent.ThreadPoolExecutor.runWorker(ThreadPoolExecutor.java:1149)
java.util.concurrent.ThreadPoolExecutor$Worker.run(ThreadPoolExecutor.java:624)
java.lang.Thread.run(Thread.java:750)

Erro ao limpar o terminal: Security manager blocks ("java.io.FilePermission" "<<ALL FILES>>" "execute")
java.lang.Thread.getStackTrace(Thread.java:1564)
org.evosuite.runtime.sandbox.MSecurityManager.checkPermission(MSecurityManager.java:434)
java.lang.SecurityManager.checkExec(SecurityManager.java:799)
java.lang.ProcessBuilder.start(ProcessBuilder.java:1018)
org.View.Menu.cleanTerminal(Menu.java:113)
org.View.Menu.<init>(Menu.java:29)
org.View.ReproductionMenu.<init>(ReproductionMenu.java:32)
org.View.ReproductionMenu_ESTest$1.run(ReproductionMenu_ESTest.java:36)
java.util.concurrent.Executors$RunnableAdapter.call(Executors.java:511)
java.util.concurrent.FutureTask.run(FutureTask.java:266)
java.util.concurrent.ThreadPoolExecutor.runWorker(ThreadPoolExecutor.java:1149)
java.util.concurrent.ThreadPoolExecutor$Worker.run(ThreadPoolExecutor.java:624)
java.lang.Thread.run(Thread.java:750)


Deseja reproduzir em modo de Letra? (s/n)

🎧 A tocar: "Playlist Aleatória"
💡 Comandos disponíveis:

❌ Erro ao reproduzir: null
]]></system-out>
  </testcase>
  <testcase name="test11" classname="org.View.ReproductionMenu_ESTest" time="0.011">
    <system-out><![CDATA[Erro ao limpar o terminal: Security manager blocks ("java.io.FilePermission" "<<ALL FILES>>" "execute")
java.lang.Thread.getStackTrace(Thread.java:1564)
org.evosuite.runtime.sandbox.MSecurityManager.checkPermission(MSecurityManager.java:434)
java.lang.SecurityManager.checkExec(SecurityManager.java:799)
java.lang.ProcessBuilder.start(ProcessBuilder.java:1018)
org.View.Menu.cleanTerminal(Menu.java:113)
org.View.Menu.<init>(Menu.java:29)
org.View.LoginMenu.<init>(LoginMenu.java:16)
org.View.MenuManager.<init>(MenuManager.java:16)
org.View.ReproductionMenu_ESTest$12.run(ReproductionMenu_ESTest.java:282)
java.util.concurrent.Executors$RunnableAdapter.call(Executors.java:511)
java.util.concurrent.FutureTask.run(FutureTask.java:266)
java.util.concurrent.ThreadPoolExecutor.runWorker(ThreadPoolExecutor.java:1149)
java.util.concurrent.ThreadPoolExecutor$Worker.run(ThreadPoolExecutor.java:624)
java.lang.Thread.run(Thread.java:750)

Erro ao limpar o terminal: Security manager blocks ("java.io.FilePermission" "<<ALL FILES>>" "execute")
java.lang.Thread.getStackTrace(Thread.java:1564)
org.evosuite.runtime.sandbox.MSecurityManager.checkPermission(MSecurityManager.java:434)
java.lang.SecurityManager.checkExec(SecurityManager.java:799)
java.lang.ProcessBuilder.start(ProcessBuilder.java:1018)
org.View.Menu.cleanTerminal(Menu.java:113)
org.View.Menu.<init>(Menu.java:29)
org.View.ReproductionMenu.<init>(ReproductionMenu.java:32)
org.View.ReproductionMenu_ESTest$12.run(ReproductionMenu_ESTest.java:283)
java.util.concurrent.Executors$RunnableAdapter.call(Executors.java:511)
java.util.concurrent.FutureTask.run(FutureTask.java:266)
java.util.concurrent.ThreadPoolExecutor.runWorker(ThreadPoolExecutor.java:1149)
java.util.concurrent.ThreadPoolExecutor$Worker.run(ThreadPoolExecutor.java:624)
java.lang.Thread.run(Thread.java:750)


Deseja reproduzir em modo de Letra? (s/n)

❌ Erro ao reproduzir: null

🚫 Por favor, insira apenas números.
]]></system-out>
  </testcase>
  <testcase name="test01" classname="org.View.ReproductionMenu_ESTest" time="0.007">
    <system-out><![CDATA[Erro ao limpar o terminal: Security manager blocks ("java.io.FilePermission" "<<ALL FILES>>" "execute")
java.lang.Thread.getStackTrace(Thread.java:1564)
org.evosuite.runtime.sandbox.MSecurityManager.checkPermission(MSecurityManager.java:434)
java.lang.SecurityManager.checkExec(SecurityManager.java:799)
java.lang.ProcessBuilder.start(ProcessBuilder.java:1018)
org.View.Menu.cleanTerminal(Menu.java:113)
org.View.Menu.<init>(Menu.java:29)
org.View.ReproductionMenu.<init>(ReproductionMenu.java:32)
org.View.ReproductionMenu_ESTest$2.run(ReproductionMenu_ESTest.java:51)
java.util.concurrent.Executors$RunnableAdapter.call(Executors.java:511)
java.util.concurrent.FutureTask.run(FutureTask.java:266)
java.util.concurrent.ThreadPoolExecutor.runWorker(ThreadPoolExecutor.java:1149)
java.util.concurrent.ThreadPoolExecutor$Worker.run(ThreadPoolExecutor.java:624)
java.lang.Thread.run(Thread.java:750)


🚫 Por favor, insira apenas números.
]]></system-out>
  </testcase>
  <testcase name="test12" classname="org.View.ReproductionMenu_ESTest" time="0.009">
    <system-out><![CDATA[Erro ao limpar o terminal: Security manager blocks ("java.io.FilePermission" "<<ALL FILES>>" "execute")
java.lang.Thread.getStackTrace(Thread.java:1564)
org.evosuite.runtime.sandbox.MSecurityManager.checkPermission(MSecurityManager.java:434)
java.lang.SecurityManager.checkExec(SecurityManager.java:799)
java.lang.ProcessBuilder.start(ProcessBuilder.java:1018)
org.View.Menu.cleanTerminal(Menu.java:113)
org.View.Menu.<init>(Menu.java:29)
org.View.LoginMenu.<init>(LoginMenu.java:16)
org.View.MenuManager.<init>(MenuManager.java:16)
org.View.ReproductionMenu_ESTest$13.run(ReproductionMenu_ESTest.java:312)
java.util.concurrent.Executors$RunnableAdapter.call(Executors.java:511)
java.util.concurrent.FutureTask.run(FutureTask.java:266)
java.util.concurrent.ThreadPoolExecutor.runWorker(ThreadPoolExecutor.java:1149)
java.util.concurrent.ThreadPoolExecutor$Worker.run(ThreadPoolExecutor.java:624)
java.lang.Thread.run(Thread.java:750)

Erro ao limpar o terminal: Security manager blocks ("java.io.FilePermission" "<<ALL FILES>>" "execute")
java.lang.Thread.getStackTrace(Thread.java:1564)
org.evosuite.runtime.sandbox.MSecurityManager.checkPermission(MSecurityManager.java:434)
java.lang.SecurityManager.checkExec(SecurityManager.java:799)
java.lang.ProcessBuilder.start(ProcessBuilder.java:1018)
org.View.Menu.cleanTerminal(Menu.java:113)
org.View.Menu.<init>(Menu.java:29)
org.View.ReproductionMenu.<init>(ReproductionMenu.java:32)
org.View.ReproductionMenu_ESTest$13.run(ReproductionMenu_ESTest.java:313)
java.util.concurrent.Executors$RunnableAdapter.call(Executors.java:511)
java.util.concurrent.FutureTask.run(FutureTask.java:266)
java.util.concurrent.ThreadPoolExecutor.runWorker(ThreadPoolExecutor.java:1149)
java.util.concurrent.ThreadPoolExecutor$Worker.run(ThreadPoolExecutor.java:624)
java.lang.Thread.run(Thread.java:750)


🚫 Por favor, insira apenas números.
]]></system-out>
  </testcase>
  <testcase name="test02" classname="org.View.ReproductionMenu_ESTest" time="0.014">
    <system-out><![CDATA[Erro ao limpar o terminal: Security manager blocks ("java.io.FilePermission" "<<ALL FILES>>" "execute")
java.lang.Thread.getStackTrace(Thread.java:1564)
org.evosuite.runtime.sandbox.MSecurityManager.checkPermission(MSecurityManager.java:434)
java.lang.SecurityManager.checkExec(SecurityManager.java:799)
java.lang.ProcessBuilder.start(ProcessBuilder.java:1018)
org.View.Menu.cleanTerminal(Menu.java:113)
org.View.Menu.<init>(Menu.java:29)
org.View.LoginMenu.<init>(LoginMenu.java:16)
org.View.MenuManager.<init>(MenuManager.java:16)
org.View.ReproductionMenu_ESTest$3.run(ReproductionMenu_ESTest.java:66)
java.util.concurrent.Executors$RunnableAdapter.call(Executors.java:511)
java.util.concurrent.FutureTask.run(FutureTask.java:266)
java.util.concurrent.ThreadPoolExecutor.runWorker(ThreadPoolExecutor.java:1149)
java.util.concurrent.ThreadPoolExecutor$Worker.run(ThreadPoolExecutor.java:624)
java.lang.Thread.run(Thread.java:750)

Erro ao limpar o terminal: Security manager blocks ("java.io.FilePermission" "<<ALL FILES>>" "execute")
java.lang.Thread.getStackTrace(Thread.java:1564)
org.evosuite.runtime.sandbox.MSecurityManager.checkPermission(MSecurityManager.java:434)
java.lang.SecurityManager.checkExec(SecurityManager.java:799)
java.lang.ProcessBuilder.start(ProcessBuilder.java:1018)
org.View.Menu.cleanTerminal(Menu.java:113)
org.View.Menu.<init>(Menu.java:29)
org.View.ReproductionMenu.<init>(ReproductionMenu.java:32)
org.View.ReproductionMenu_ESTest$3.run(ReproductionMenu_ESTest.java:67)
java.util.concurrent.Executors$RunnableAdapter.call(Executors.java:511)
java.util.concurrent.FutureTask.run(FutureTask.java:266)
java.util.concurrent.ThreadPoolExecutor.runWorker(ThreadPoolExecutor.java:1149)
java.util.concurrent.ThreadPoolExecutor$Worker.run(ThreadPoolExecutor.java:624)
java.lang.Thread.run(Thread.java:750)


🎵━━━━━━━━━━━━━━━【 MENU DE REPRODUÇÃO 】━━━━━━━━━━━━━━━🎵

1️⃣   ▶️   Reproduzir Playlist Aleatória
]]></system-out>
  </testcase>
  <testcase name="test13" classname="org.View.ReproductionMenu_ESTest" time="0.011">
    <system-out><![CDATA[Erro ao limpar o terminal: Security manager blocks ("java.io.FilePermission" "<<ALL FILES>>" "execute")
java.lang.Thread.getStackTrace(Thread.java:1564)
org.evosuite.runtime.sandbox.MSecurityManager.checkPermission(MSecurityManager.java:434)
java.lang.SecurityManager.checkExec(SecurityManager.java:799)
java.lang.ProcessBuilder.start(ProcessBuilder.java:1018)
org.View.Menu.cleanTerminal(Menu.java:113)
org.View.Menu.<init>(Menu.java:29)
org.View.LoginMenu.<init>(LoginMenu.java:16)
org.View.MenuManager.<init>(MenuManager.java:16)
org.View.ReproductionMenu_ESTest$14.run(ReproductionMenu_ESTest.java:336)
java.util.concurrent.Executors$RunnableAdapter.call(Executors.java:511)
java.util.concurrent.FutureTask.run(FutureTask.java:266)
java.util.concurrent.ThreadPoolExecutor.runWorker(ThreadPoolExecutor.java:1149)
java.util.concurrent.ThreadPoolExecutor$Worker.run(ThreadPoolExecutor.java:624)
java.lang.Thread.run(Thread.java:750)

Erro ao limpar o terminal: Security manager blocks ("java.io.FilePermission" "<<ALL FILES>>" "execute")
java.lang.Thread.getStackTrace(Thread.java:1564)
org.evosuite.runtime.sandbox.MSecurityManager.checkPermission(MSecurityManager.java:434)
java.lang.SecurityManager.checkExec(SecurityManager.java:799)
java.lang.ProcessBuilder.start(ProcessBuilder.java:1018)
org.View.Menu.cleanTerminal(Menu.java:113)
org.View.Menu.<init>(Menu.java:29)
org.View.ReproductionMenu.<init>(ReproductionMenu.java:32)
org.View.ReproductionMenu_ESTest$14.run(ReproductionMenu_ESTest.java:337)
java.util.concurrent.Executors$RunnableAdapter.call(Executors.java:511)
java.util.concurrent.FutureTask.run(FutureTask.java:266)
java.util.concurrent.ThreadPoolExecutor.runWorker(ThreadPoolExecutor.java:1149)
java.util.concurrent.ThreadPoolExecutor$Worker.run(ThreadPoolExecutor.java:624)
java.lang.Thread.run(Thread.java:750)


🔞 Quer apenas músicas explícitas? (s/n)

⏳ Quer adicionar um limite de duração à playlist? (s/n)
⏱️  Por defeito, a duração máxima é de 60 minutos.

🚫 Não existem músicas disponíveis para a playlist.
]]></system-out>
  </testcase>
  <testcase name="test03" classname="org.View.ReproductionMenu_ESTest" time="0.007">
    <system-out><![CDATA[Erro ao limpar o terminal: Security manager blocks ("java.io.FilePermission" "<<ALL FILES>>" "execute")
java.lang.Thread.getStackTrace(Thread.java:1564)
org.evosuite.runtime.sandbox.MSecurityManager.checkPermission(MSecurityManager.java:434)
java.lang.SecurityManager.checkExec(SecurityManager.java:799)
java.lang.ProcessBuilder.start(ProcessBuilder.java:1018)
org.View.Menu.cleanTerminal(Menu.java:113)
org.View.Menu.<init>(Menu.java:29)
org.View.LoginMenu.<init>(LoginMenu.java:16)
org.View.MenuManager.<init>(MenuManager.java:16)
org.View.ReproductionMenu_ESTest$4.run(ReproductionMenu_ESTest.java:88)
java.util.concurrent.Executors$RunnableAdapter.call(Executors.java:511)
java.util.concurrent.FutureTask.run(FutureTask.java:266)
java.util.concurrent.ThreadPoolExecutor.runWorker(ThreadPoolExecutor.java:1149)
java.util.concurrent.ThreadPoolExecutor$Worker.run(ThreadPoolExecutor.java:624)
java.lang.Thread.run(Thread.java:750)

Erro ao limpar o terminal: Security manager blocks ("java.io.FilePermission" "<<ALL FILES>>" "execute")
java.lang.Thread.getStackTrace(Thread.java:1564)
org.evosuite.runtime.sandbox.MSecurityManager.checkPermission(MSecurityManager.java:434)
java.lang.SecurityManager.checkExec(SecurityManager.java:799)
java.lang.ProcessBuilder.start(ProcessBuilder.java:1018)
org.View.Menu.cleanTerminal(Menu.java:113)
org.View.Menu.<init>(Menu.java:29)
org.View.ReproductionMenu.<init>(ReproductionMenu.java:32)
org.View.ReproductionMenu_ESTest$4.run(ReproductionMenu_ESTest.java:89)
java.util.concurrent.Executors$RunnableAdapter.call(Executors.java:511)
java.util.concurrent.FutureTask.run(FutureTask.java:266)
java.util.concurrent.ThreadPoolExecutor.runWorker(ThreadPoolExecutor.java:1149)
java.util.concurrent.ThreadPoolExecutor$Worker.run(ThreadPoolExecutor.java:624)
java.lang.Thread.run(Thread.java:750)

]]></system-out>
  </testcase>
  <testcase name="test14" classname="org.View.ReproductionMenu_ESTest" time="0.008">
    <system-out><![CDATA[Erro ao limpar o terminal: Security manager blocks ("java.io.FilePermission" "<<ALL FILES>>" "execute")
java.lang.Thread.getStackTrace(Thread.java:1564)
org.evosuite.runtime.sandbox.MSecurityManager.checkPermission(MSecurityManager.java:434)
java.lang.SecurityManager.checkExec(SecurityManager.java:799)
java.lang.ProcessBuilder.start(ProcessBuilder.java:1018)
org.View.Menu.cleanTerminal(Menu.java:113)
org.View.Menu.<init>(Menu.java:29)
org.View.LoginMenu.<init>(LoginMenu.java:16)
org.View.MenuManager.<init>(MenuManager.java:16)
org.View.ReproductionMenu_ESTest$15.run(ReproductionMenu_ESTest.java:352)
java.util.concurrent.Executors$RunnableAdapter.call(Executors.java:511)
java.util.concurrent.FutureTask.run(FutureTask.java:266)
java.util.concurrent.ThreadPoolExecutor.runWorker(ThreadPoolExecutor.java:1149)
java.util.concurrent.ThreadPoolExecutor$Worker.run(ThreadPoolExecutor.java:624)
java.lang.Thread.run(Thread.java:750)

Erro ao limpar o terminal: Security manager blocks ("java.io.FilePermission" "<<ALL FILES>>" "execute")
java.lang.Thread.getStackTrace(Thread.java:1564)
org.evosuite.runtime.sandbox.MSecurityManager.checkPermission(MSecurityManager.java:434)
java.lang.SecurityManager.checkExec(SecurityManager.java:799)
java.lang.ProcessBuilder.start(ProcessBuilder.java:1018)
org.View.Menu.cleanTerminal(Menu.java:113)
org.View.Menu.<init>(Menu.java:29)
org.View.ReproductionMenu.<init>(ReproductionMenu.java:32)
org.View.ReproductionMenu_ESTest$15.run(ReproductionMenu_ESTest.java:353)
java.util.concurrent.Executors$RunnableAdapter.call(Executors.java:511)
java.util.concurrent.FutureTask.run(FutureTask.java:266)
java.util.concurrent.ThreadPoolExecutor.runWorker(ThreadPoolExecutor.java:1149)
java.util.concurrent.ThreadPoolExecutor$Worker.run(ThreadPoolExecutor.java:624)
java.lang.Thread.run(Thread.java:750)


🚫 Não existem playlists aleatórias disponíveis.
]]></system-out>
  </testcase>
  <testcase name="test04" classname="org.View.ReproductionMenu_ESTest" time="0.004">
    <system-out><![CDATA[Erro ao limpar o terminal: Security manager blocks ("java.io.FilePermission" "<<ALL FILES>>" "execute")
java.lang.Thread.getStackTrace(Thread.java:1564)
org.evosuite.runtime.sandbox.MSecurityManager.checkPermission(MSecurityManager.java:434)
java.lang.SecurityManager.checkExec(SecurityManager.java:799)
java.lang.ProcessBuilder.start(ProcessBuilder.java:1018)
org.View.Menu.cleanTerminal(Menu.java:113)
org.View.Menu.<init>(Menu.java:29)
org.View.LoginMenu.<init>(LoginMenu.java:16)
org.View.MenuManager.<init>(MenuManager.java:16)
org.View.ReproductionMenu_ESTest$5.run(ReproductionMenu_ESTest.java:111)
java.util.concurrent.Executors$RunnableAdapter.call(Executors.java:511)
java.util.concurrent.FutureTask.run(FutureTask.java:266)
java.util.concurrent.ThreadPoolExecutor.runWorker(ThreadPoolExecutor.java:1149)
java.util.concurrent.ThreadPoolExecutor$Worker.run(ThreadPoolExecutor.java:624)
java.lang.Thread.run(Thread.java:750)

Erro ao limpar o terminal: Security manager blocks ("java.io.FilePermission" "<<ALL FILES>>" "execute")
java.lang.Thread.getStackTrace(Thread.java:1564)
org.evosuite.runtime.sandbox.MSecurityManager.checkPermission(MSecurityManager.java:434)
java.lang.SecurityManager.checkExec(SecurityManager.java:799)
java.lang.ProcessBuilder.start(ProcessBuilder.java:1018)
org.View.Menu.cleanTerminal(Menu.java:113)
org.View.Menu.<init>(Menu.java:29)
org.View.ReproductionMenu.<init>(ReproductionMenu.java:32)
org.View.ReproductionMenu_ESTest$5.run(ReproductionMenu_ESTest.java:112)
java.util.concurrent.Executors$RunnableAdapter.call(Executors.java:511)
java.util.concurrent.FutureTask.run(FutureTask.java:266)
java.util.concurrent.ThreadPoolExecutor.runWorker(ThreadPoolExecutor.java:1149)
java.util.concurrent.ThreadPoolExecutor$Worker.run(ThreadPoolExecutor.java:624)
java.lang.Thread.run(Thread.java:750)


🔞 Quer apenas músicas explícitas? (s/n)
]]></system-out>
  </testcase>
  <testcase name="test05" classname="org.View.ReproductionMenu_ESTest" time="0.012">
    <system-out><![CDATA[Erro ao limpar o terminal: Security manager blocks ("java.io.FilePermission" "<<ALL FILES>>" "execute")
java.lang.Thread.getStackTrace(Thread.java:1564)
org.evosuite.runtime.sandbox.MSecurityManager.checkPermission(MSecurityManager.java:434)
java.lang.SecurityManager.checkExec(SecurityManager.java:799)
java.lang.ProcessBuilder.start(ProcessBuilder.java:1018)
org.View.Menu.cleanTerminal(Menu.java:113)
org.View.Menu.<init>(Menu.java:29)
org.View.LoginMenu.<init>(LoginMenu.java:16)
org.View.MenuManager.<init>(MenuManager.java:16)
org.View.ReproductionMenu_ESTest$6.run(ReproductionMenu_ESTest.java:135)
java.util.concurrent.Executors$RunnableAdapter.call(Executors.java:511)
java.util.concurrent.FutureTask.run(FutureTask.java:266)
java.util.concurrent.ThreadPoolExecutor.runWorker(ThreadPoolExecutor.java:1149)
java.util.concurrent.ThreadPoolExecutor$Worker.run(ThreadPoolExecutor.java:624)
java.lang.Thread.run(Thread.java:750)

Erro ao limpar o terminal: Security manager blocks ("java.io.FilePermission" "<<ALL FILES>>" "execute")
java.lang.Thread.getStackTrace(Thread.java:1564)
org.evosuite.runtime.sandbox.MSecurityManager.checkPermission(MSecurityManager.java:434)
java.lang.SecurityManager.checkExec(SecurityManager.java:799)
java.lang.ProcessBuilder.start(ProcessBuilder.java:1018)
org.View.Menu.cleanTerminal(Menu.java:113)
org.View.Menu.<init>(Menu.java:29)
org.View.ReproductionMenu.<init>(ReproductionMenu.java:32)
org.View.ReproductionMenu_ESTest$6.run(ReproductionMenu_ESTest.java:136)
java.util.concurrent.Executors$RunnableAdapter.call(Executors.java:511)
java.util.concurrent.FutureTask.run(FutureTask.java:266)
java.util.concurrent.ThreadPoolExecutor.runWorker(ThreadPoolExecutor.java:1149)
java.util.concurrent.ThreadPoolExecutor$Worker.run(ThreadPoolExecutor.java:624)
java.lang.Thread.run(Thread.java:750)


🔞 Quer apenas músicas explícitas? (s/n)
]]></system-out>
  </testcase>
</testsuite>