<?xml version="1.0" encoding="UTF-8"?>
<testsuite xmlns:xsi="http://www.w3.org/2001/XMLSchema-instance" xsi:noNamespaceSchemaLocation="https://maven.apache.org/surefire/maven-surefire-plugin/xsd/surefire-test-report-3.0.xsd" version="3.0" name="org.Controller.ControllerTest" time="1.046" tests="31" errors="0" skipped="0" failures="0">
  <properties>
[...]
</properties>
  <testcase name="testCurrentUserHasLibrary_WithAndWithoutLibrary_ReturnsBoolean" classname="org.Controller.ControllerTest" time="0.765"/>
  <testcase name="testControllerConstructors_InitializeCorrectly" classname="org.Controller.ControllerTest" time="0.003"/>
  <testcase name="testListings_EmptyData_ReturnsEmptyMessages" classname="org.Controller.ControllerTest" time="0.006"/>
  <testcase name="testPlayMusic_StandardMusic_ReturnsMusicInfo" classname="org.Controller.ControllerTest" time="0.039"/>
  <testcase name="testLoginWithMessage_ValidCredentials_ReturnsTrue" classname="org.Controller.ControllerTest" time="0.002"/>
  <testcase name="testStatistics_ExceptionsThrown_ReturnsErrorMessages" classname="org.Controller.ControllerTest" time="0.004"/>
  <testcase name="testPlayMusic_MultimediaMusic_ExtractsUrlSuccessfully" classname="org.Controller.ControllerTest" time="0.002"/>
  <testcase name="testStatistics_EmptyUsers_ReturnsNoUserMessages" classname="org.Controller.ControllerTest" time="0.002"/>
  <testcase name="testBooleanChecks_VariousStates_ReturnsExpectedResults" classname="org.Controller.ControllerTest" time="0.002"/>
  <testcase name="testListings_ExceptionsThrown_ReturnsErrorMessages" classname="org.Controller.ControllerTest" time="0.003"/>
  <testcase name="testPlaylistManagement_SpotifUMThrowsException_ReturnsErrorMessages" classname="org.Controller.ControllerTest" time="0.002"/>
  <testcase name="testStatisticsByDate_ValidAndEmptyStates_ReturnsExpectedStrings" classname="org.Controller.ControllerTest" time="0.014"/>
  <testcase name="testProfileManagement_SpotifUMThrowsException_ReturnsErrorMessage" classname="org.Controller.ControllerTest" time="0.001"/>
  <testcase name="testSetPlan_VariousPlans_ReturnsSuccessMessage" classname="org.Controller.ControllerTest" time="0.012"/>
  <testcase name="testLoginWithMessage_InvalidCredentials_ReturnsFalse" classname="org.Controller.ControllerTest" time="0.001"/>
  <testcase name="testAddNewUser_NewUsername_ReturnsSuccessMessage" classname="org.Controller.ControllerTest" time="0.002"/>
  <testcase name="testGetNamesOptionals_ExceptionsThrown_ReturnsEmptyOptional" classname="org.Controller.ControllerTest" time="0.002"/>
  <testcase name="testGetNamesOptionals_ValidEntities_ReturnsPresentOptional" classname="org.Controller.ControllerTest" time="0.07"/>
  <testcase name="testCreateAlbum_ValidAndInvalidStates_ReturnsExpectedMessages" classname="org.Controller.ControllerTest" time="0.001"/>
  <testcase name="testGetNamesOptionals_EmptyEntities_ReturnsEmptyOptionalList" classname="org.Controller.ControllerTest" time="0.003"/>
  <testcase name="testImportExportModel_ValidPath_ReturnsSuccessMessage" classname="org.Controller.ControllerTest" time="0.036"/>
  <testcase name="testProfileManagement_ValidActions_ReturnsSuccessMessages" classname="org.Controller.ControllerTest" time="0.002"/>
  <testcase name="testAddMusic_SpotifUMThrowsException_ReturnsErrorMessage" classname="org.Controller.ControllerTest" time="0.002"/>
  <testcase name="testStatistics_ValidData_ReturnsCorrectStrings" classname="org.Controller.ControllerTest" time="0.004"/>
  <testcase name="testAddMusic_ValidData_ReturnsSuccessMessage" classname="org.Controller.ControllerTest" time="0.002"/>
  <testcase name="testListings_WithData_ReturnsFormattedStrings" classname="org.Controller.ControllerTest" time="0.002"/>
  <testcase name="testPlayMusic_MusicNotFound_ReturnsMusicInfoWithError" classname="org.Controller.ControllerTest" time="0.001"/>
  <testcase name="testImportExportModel_InvalidPath_ReturnsErrorMessage" classname="org.Controller.ControllerTest" time="0.001"/>
  <testcase name="testAddNewUser_ExistingUsername_ReturnsErrorMessage" classname="org.Controller.ControllerTest" time="0.001"/>
  <testcase name="testGetPlaylistId_ValidAndInvalidId_ReturnsNameOrError" classname="org.Controller.ControllerTest" time="0.002"/>
  <testcase name="testPlaylistManagement_ValidActions_ReturnsSuccess" classname="org.Controller.ControllerTest" time="0.002"/>
</testsuite>