<?xml version="1.0" encoding="UTF-8"?>
<testsuite xmlns:xsi="http://www.w3.org/2001/XMLSchema-instance" xsi:noNamespaceSchemaLocation="https://maven.apache.org/surefire/maven-surefire-plugin/xsd/surefire-test-report-3.0.xsd" version="3.0" name="org.View.PlaylistCreationMenu_ESTest" time="3.962" tests="20" errors="0" skipped="0" failures="0">
  <properties>
[...]
</properties>
  <testcase name="test09" classname="org.View.PlaylistCreationMenu_ESTest" time="3.047">
    <system-out><![CDATA[Erro ao limpar o terminal: Security manager blocks ("java.io.FilePermission" "<<ALL FILES>>" "execute")
java.lang.Thread.getStackTrace(Thread.java:1564)
org.evosuite.runtime.sandbox.MSecurityManager.checkPermission(MSecurityManager.java:434)
java.lang.SecurityManager.checkExec(SecurityManager.java:799)
java.lang.ProcessBuilder.start(ProcessBuilder.java:1018)
org.View.Menu.cleanTerminal(Menu.java:113)
org.View.Menu.<init>(Menu.java:29)
org.View.LoginMenu.<init>(LoginMenu.java:16)
org.View.MenuManager.<init>(MenuManager.java:16)
org.View.PlaylistCreationMenu_ESTest$10.run(PlaylistCreationMenu_ESTest.java:222)
java.util.concurrent.Executors$RunnableAdapter.call(Executors.java:511)
java.util.concurrent.FutureTask.run(FutureTask.java:266)
java.util.concurrent.ThreadPoolExecutor.runWorker(ThreadPoolExecutor.java:1149)
java.util.concurrent.ThreadPoolExecutor$Worker.run(ThreadPoolExecutor.java:624)
java.lang.Thread.run(Thread.java:750)

Erro ao limpar o terminal: Security manager blocks ("java.io.FilePermission" "<<ALL FILES>>" "execute")
java.lang.Thread.getStackTrace(Thread.java:1564)
org.evosuite.runtime.sandbox.MSecurityManager.checkPermission(MSecurityManager.java:434)
java.lang.SecurityManager.checkExec(SecurityManager.java:799)
java.lang.ProcessBuilder.start(ProcessBuilder.java:1018)
org.View.Menu.cleanTerminal(Menu.java:113)
org.View.Menu.<init>(Menu.java:29)
org.View.PlaylistCreationMenu.<init>(PlaylistCreationMenu.java:17)
org.View.PlaylistCreationMenu_ESTest$10.run(PlaylistCreationMenu_ESTest.java:224)
java.util.concurrent.Executors$RunnableAdapter.call(Executors.java:511)
java.util.concurrent.FutureTask.run(FutureTask.java:266)
java.util.concurrent.ThreadPoolExecutor.runWorker(ThreadPoolExecutor.java:1149)
java.util.concurrent.ThreadPoolExecutor$Worker.run(ThreadPoolExecutor.java:624)
java.lang.Thread.run(Thread.java:750)

📝 Nome da nova playlist: 📭 Não existem géneros disponíveis.
🎵 Género da nova playlist: ⏳ Duração máxima da nova playlist (em minutos): ]]></system-out>
    <system-err><![CDATA[SLF4J: Failed to load class "org.slf4j.impl.StaticLoggerBinder".
SLF4J: Defaulting to no-operation (NOP) logger implementation
SLF4J: See http://www.slf4j.org/codes.html#StaticLoggerBinder for further details.
]]></system-err>
  </testcase>
  <testcase name="test08" classname="org.View.PlaylistCreationMenu_ESTest" time="0.017">
    <system-out><![CDATA[Erro ao limpar o terminal: Security manager blocks ("java.io.FilePermission" "<<ALL FILES>>" "execute")
java.lang.Thread.getStackTrace(Thread.java:1564)
org.evosuite.runtime.sandbox.MSecurityManager.checkPermission(MSecurityManager.java:434)
java.lang.SecurityManager.checkExec(SecurityManager.java:799)
java.lang.ProcessBuilder.start(ProcessBuilder.java:1018)
org.View.Menu.cleanTerminal(Menu.java:113)
org.View.Menu.<init>(Menu.java:29)
org.View.LoginMenu.<init>(LoginMenu.java:16)
org.View.MenuManager.<init>(MenuManager.java:16)
org.View.PlaylistCreationMenu_ESTest$9.run(PlaylistCreationMenu_ESTest.java:197)
java.util.concurrent.Executors$RunnableAdapter.call(Executors.java:511)
java.util.concurrent.FutureTask.run(FutureTask.java:266)
java.util.concurrent.ThreadPoolExecutor.runWorker(ThreadPoolExecutor.java:1149)
java.util.concurrent.ThreadPoolExecutor$Worker.run(ThreadPoolExecutor.java:624)
java.lang.Thread.run(Thread.java:750)

Erro ao limpar o terminal: Security manager blocks ("java.io.FilePermission" "<<ALL FILES>>" "execute")
java.lang.Thread.getStackTrace(Thread.java:1564)
org.evosuite.runtime.sandbox.MSecurityManager.checkPermission(MSecurityManager.java:434)
java.lang.SecurityManager.checkExec(SecurityManager.java:799)
java.lang.ProcessBuilder.start(ProcessBuilder.java:1018)
org.View.Menu.cleanTerminal(Menu.java:113)
org.View.Menu.<init>(Menu.java:29)
org.View.PlaylistCreationMenu.<init>(PlaylistCreationMenu.java:17)
org.View.PlaylistCreationMenu_ESTest$9.run(PlaylistCreationMenu_ESTest.java:198)
java.util.concurrent.Executors$RunnableAdapter.call(Executors.java:511)
java.util.concurrent.FutureTask.run(FutureTask.java:266)
java.util.concurrent.ThreadPoolExecutor.runWorker(ThreadPoolExecutor.java:1149)
java.util.concurrent.ThreadPoolExecutor$Worker.run(ThreadPoolExecutor.java:624)
java.lang.Thread.run(Thread.java:750)

❌ Erro: Scanner closed
]]></system-out>
  </testcase>
  <testcase name="test19" classname="org.View.PlaylistCreationMenu_ESTest" time="0.018">
    <system-out><![CDATA[Erro ao limpar o terminal: Security manager blocks ("java.io.FilePermission" "<<ALL FILES>>" "execute")
java.lang.Thread.getStackTrace(Thread.java:1564)
org.evosuite.runtime.sandbox.MSecurityManager.checkPermission(MSecurityManager.java:434)
java.lang.SecurityManager.checkExec(SecurityManager.java:799)
java.lang.ProcessBuilder.start(ProcessBuilder.java:1018)
org.View.Menu.cleanTerminal(Menu.java:113)
org.View.Menu.<init>(Menu.java:29)
org.View.LoginMenu.<init>(LoginMenu.java:16)
org.View.MenuManager.<init>(MenuManager.java:16)
org.View.PlaylistCreationMenu_ESTest$20.run(PlaylistCreationMenu_ESTest.java:442)
java.util.concurrent.Executors$RunnableAdapter.call(Executors.java:511)
java.util.concurrent.FutureTask.run(FutureTask.java:266)
java.util.concurrent.ThreadPoolExecutor.runWorker(ThreadPoolExecutor.java:1149)
java.util.concurrent.ThreadPoolExecutor$Worker.run(ThreadPoolExecutor.java:624)
java.lang.Thread.run(Thread.java:750)

Erro ao limpar o terminal: Security manager blocks ("java.io.FilePermission" "<<ALL FILES>>" "execute")
java.lang.Thread.getStackTrace(Thread.java:1564)
org.evosuite.runtime.sandbox.MSecurityManager.checkPermission(MSecurityManager.java:434)
java.lang.SecurityManager.checkExec(SecurityManager.java:799)
java.lang.ProcessBuilder.start(ProcessBuilder.java:1018)
org.View.Menu.cleanTerminal(Menu.java:113)
org.View.Menu.<init>(Menu.java:29)
org.View.PlaylistCreationMenu.<init>(PlaylistCreationMenu.java:17)
org.View.PlaylistCreationMenu_ESTest$20.run(PlaylistCreationMenu_ESTest.java:443)
java.util.concurrent.Executors$RunnableAdapter.call(Executors.java:511)
java.util.concurrent.FutureTask.run(FutureTask.java:266)
java.util.concurrent.ThreadPoolExecutor.runWorker(ThreadPoolExecutor.java:1149)
java.util.concurrent.ThreadPoolExecutor$Worker.run(ThreadPoolExecutor.java:624)
java.lang.Thread.run(Thread.java:750)

📝 Nome da nova playlist: ]]></system-out>
  </testcase>
  <testcase name="test07" classname="org.View.PlaylistCreationMenu_ESTest" time="0.016">
    <system-out><![CDATA[Erro ao limpar o terminal: Security manager blocks ("java.io.FilePermission" "<<ALL FILES>>" "execute")
java.lang.Thread.getStackTrace(Thread.java:1564)
org.evosuite.runtime.sandbox.MSecurityManager.checkPermission(MSecurityManager.java:434)
java.lang.SecurityManager.checkExec(SecurityManager.java:799)
java.lang.ProcessBuilder.start(ProcessBuilder.java:1018)
org.View.Menu.cleanTerminal(Menu.java:113)
org.View.Menu.<init>(Menu.java:29)
org.View.LoginMenu.<init>(LoginMenu.java:16)
org.View.MenuManager.<init>(MenuManager.java:16)
org.View.PlaylistCreationMenu_ESTest$8.run(PlaylistCreationMenu_ESTest.java:173)
java.util.concurrent.Executors$RunnableAdapter.call(Executors.java:511)
java.util.concurrent.FutureTask.run(FutureTask.java:266)
java.util.concurrent.ThreadPoolExecutor.runWorker(ThreadPoolExecutor.java:1149)
java.util.concurrent.ThreadPoolExecutor$Worker.run(ThreadPoolExecutor.java:624)
java.lang.Thread.run(Thread.java:750)

Erro ao limpar o terminal: Security manager blocks ("java.io.FilePermission" "<<ALL FILES>>" "execute")
java.lang.Thread.getStackTrace(Thread.java:1564)
org.evosuite.runtime.sandbox.MSecurityManager.checkPermission(MSecurityManager.java:434)
java.lang.SecurityManager.checkExec(SecurityManager.java:799)
java.lang.ProcessBuilder.start(ProcessBuilder.java:1018)
org.View.Menu.cleanTerminal(Menu.java:113)
org.View.Menu.<init>(Menu.java:29)
org.View.PlaylistCreationMenu.<init>(PlaylistCreationMenu.java:17)
org.View.PlaylistCreationMenu_ESTest$8.run(PlaylistCreationMenu_ESTest.java:174)
java.util.concurrent.Executors$RunnableAdapter.call(Executors.java:511)
java.util.concurrent.FutureTask.run(FutureTask.java:266)
java.util.concurrent.ThreadPoolExecutor.runWorker(ThreadPoolExecutor.java:1149)
java.util.concurrent.ThreadPoolExecutor$Worker.run(ThreadPoolExecutor.java:624)
java.lang.Thread.run(Thread.java:750)

❌ Erro: null
]]></system-out>
  </testcase>
  <testcase name="test18" classname="org.View.PlaylistCreationMenu_ESTest" time="0.024">
    <system-out><![CDATA[Erro ao limpar o terminal: Security manager blocks ("java.io.FilePermission" "<<ALL FILES>>" "execute")
java.lang.Thread.getStackTrace(Thread.java:1564)
org.evosuite.runtime.sandbox.MSecurityManager.checkPermission(MSecurityManager.java:434)
java.lang.SecurityManager.checkExec(SecurityManager.java:799)
java.lang.ProcessBuilder.start(ProcessBuilder.java:1018)
org.View.Menu.cleanTerminal(Menu.java:113)
org.View.Menu.<init>(Menu.java:29)
org.View.LoginMenu.<init>(LoginMenu.java:16)
org.View.MenuManager.<init>(MenuManager.java:16)
org.View.PlaylistCreationMenu_ESTest$19.run(PlaylistCreationMenu_ESTest.java:428)
java.util.concurrent.Executors$RunnableAdapter.call(Executors.java:511)
java.util.concurrent.FutureTask.run(FutureTask.java:266)
java.util.concurrent.ThreadPoolExecutor.runWorker(ThreadPoolExecutor.java:1149)
java.util.concurrent.ThreadPoolExecutor$Worker.run(ThreadPoolExecutor.java:624)
java.lang.Thread.run(Thread.java:750)

Erro ao limpar o terminal: Security manager blocks ("java.io.FilePermission" "<<ALL FILES>>" "execute")
java.lang.Thread.getStackTrace(Thread.java:1564)
org.evosuite.runtime.sandbox.MSecurityManager.checkPermission(MSecurityManager.java:434)
java.lang.SecurityManager.checkExec(SecurityManager.java:799)
java.lang.ProcessBuilder.start(ProcessBuilder.java:1018)
org.View.Menu.cleanTerminal(Menu.java:113)
org.View.Menu.<init>(Menu.java:29)
org.View.PlaylistCreationMenu.<init>(PlaylistCreationMenu.java:17)
org.View.PlaylistCreationMenu_ESTest$19.run(PlaylistCreationMenu_ESTest.java:429)
java.util.concurrent.Executors$RunnableAdapter.call(Executors.java:511)
java.util.concurrent.FutureTask.run(FutureTask.java:266)
java.util.concurrent.ThreadPoolExecutor.runWorker(ThreadPoolExecutor.java:1149)
java.util.concurrent.ThreadPoolExecutor$Worker.run(ThreadPoolExecutor.java:624)
java.lang.Thread.run(Thread.java:750)

Erro ao limpar o terminal: Security manager blocks ("java.io.FilePermission" "<<ALL FILES>>" "execute")
java.lang.Thread.getStackTrace(Thread.java:1564)
org.evosuite.runtime.sandbox.MSecurityManager.checkPermission(MSecurityManager.java:434)
java.lang.SecurityManager.checkExec(SecurityManager.java:799)
java.lang.ProcessBuilder.start(ProcessBuilder.java:1018)
org.View.Menu.cleanTerminal(Menu.java:113)
org.View.PlaylistCreationMenu.handleInput(PlaylistCreationMenu.java:40)
org.View.PlaylistCreationMenu_ESTest$19.run(PlaylistCreationMenu_ESTest.java:430)
java.util.concurrent.Executors$RunnableAdapter.call(Executors.java:511)
java.util.concurrent.FutureTask.run(FutureTask.java:266)
java.util.concurrent.ThreadPoolExecutor.runWorker(ThreadPoolExecutor.java:1149)
java.util.concurrent.ThreadPoolExecutor$Worker.run(ThreadPoolExecutor.java:624)
java.lang.Thread.run(Thread.java:750)

Erro ao limpar o terminal: Security manager blocks ("java.io.FilePermission" "<<ALL FILES>>" "execute")
java.lang.Thread.getStackTrace(Thread.java:1564)
org.evosuite.runtime.sandbox.MSecurityManager.checkPermission(MSecurityManager.java:434)
java.lang.SecurityManager.checkExec(SecurityManager.java:799)
java.lang.ProcessBuilder.start(ProcessBuilder.java:1018)
org.View.Menu.cleanTerminal(Menu.java:113)
org.View.Menu.<init>(Menu.java:29)
org.View.PlaylistMenu.<init>(PlaylistMenu.java:17)
org.View.PlaylistCreationMenu.handleInput(PlaylistCreationMenu.java:49)
org.View.PlaylistCreationMenu_ESTest$19.run(PlaylistCreationMenu_ESTest.java:430)
java.util.concurrent.Executors$RunnableAdapter.call(Executors.java:511)
java.util.concurrent.FutureTask.run(FutureTask.java:266)
java.util.concurrent.ThreadPoolExecutor.runWorker(ThreadPoolExecutor.java:1149)
java.util.concurrent.ThreadPoolExecutor$Worker.run(ThreadPoolExecutor.java:624)
java.lang.Thread.run(Thread.java:750)

]]></system-out>
  </testcase>
  <testcase name="test06" classname="org.View.PlaylistCreationMenu_ESTest" time="0.047">
    <system-out><![CDATA[Erro ao limpar o terminal: Security manager blocks ("java.io.FilePermission" "<<ALL FILES>>" "execute")
java.lang.Thread.getStackTrace(Thread.java:1564)
org.evosuite.runtime.sandbox.MSecurityManager.checkPermission(MSecurityManager.java:434)
java.lang.SecurityManager.checkExec(SecurityManager.java:799)
java.lang.ProcessBuilder.start(ProcessBuilder.java:1018)
org.View.Menu.cleanTerminal(Menu.java:113)
org.View.Menu.<init>(Menu.java:29)
org.View.LoginMenu.<init>(LoginMenu.java:16)
org.View.MenuManager.<init>(MenuManager.java:16)
org.View.PlaylistCreationMenu_ESTest$7.run(PlaylistCreationMenu_ESTest.java:148)
java.util.concurrent.Executors$RunnableAdapter.call(Executors.java:511)
java.util.concurrent.FutureTask.run(FutureTask.java:266)
java.util.concurrent.ThreadPoolExecutor.runWorker(ThreadPoolExecutor.java:1149)
java.util.concurrent.ThreadPoolExecutor$Worker.run(ThreadPoolExecutor.java:624)
java.lang.Thread.run(Thread.java:750)

Erro ao limpar o terminal: Security manager blocks ("java.io.FilePermission" "<<ALL FILES>>" "execute")
java.lang.Thread.getStackTrace(Thread.java:1564)
org.evosuite.runtime.sandbox.MSecurityManager.checkPermission(MSecurityManager.java:434)
java.lang.SecurityManager.checkExec(SecurityManager.java:799)
java.lang.ProcessBuilder.start(ProcessBuilder.java:1018)
org.View.Menu.cleanTerminal(Menu.java:113)
org.View.Menu.<init>(Menu.java:29)
org.View.PlaylistCreationMenu.<init>(PlaylistCreationMenu.java:17)
org.View.PlaylistCreationMenu_ESTest$7.run(PlaylistCreationMenu_ESTest.java:149)
java.util.concurrent.Executors$RunnableAdapter.call(Executors.java:511)
java.util.concurrent.FutureTask.run(FutureTask.java:266)
java.util.concurrent.ThreadPoolExecutor.runWorker(ThreadPoolExecutor.java:1149)
java.util.concurrent.ThreadPoolExecutor$Worker.run(ThreadPoolExecutor.java:624)
java.lang.Thread.run(Thread.java:750)

❌ Erro: null
]]></system-out>
  </testcase>
  <testcase name="test17" classname="org.View.PlaylistCreationMenu_ESTest" time="0.015">
    <system-out><![CDATA[Erro ao limpar o terminal: Security manager blocks ("java.io.FilePermission" "<<ALL FILES>>" "execute")
java.lang.Thread.getStackTrace(Thread.java:1564)
org.evosuite.runtime.sandbox.MSecurityManager.checkPermission(MSecurityManager.java:434)
java.lang.SecurityManager.checkExec(SecurityManager.java:799)
java.lang.ProcessBuilder.start(ProcessBuilder.java:1018)
org.View.Menu.cleanTerminal(Menu.java:113)
org.View.Menu.<init>(Menu.java:29)
org.View.LoginMenu.<init>(LoginMenu.java:16)
org.View.MenuManager.<init>(MenuManager.java:16)
org.View.PlaylistCreationMenu_ESTest$18.run(PlaylistCreationMenu_ESTest.java:404)
java.util.concurrent.Executors$RunnableAdapter.call(Executors.java:511)
java.util.concurrent.FutureTask.run(FutureTask.java:266)
java.util.concurrent.ThreadPoolExecutor.runWorker(ThreadPoolExecutor.java:1149)
java.util.concurrent.ThreadPoolExecutor$Worker.run(ThreadPoolExecutor.java:624)
java.lang.Thread.run(Thread.java:750)

Erro ao limpar o terminal: Security manager blocks ("java.io.FilePermission" "<<ALL FILES>>" "execute")
java.lang.Thread.getStackTrace(Thread.java:1564)
org.evosuite.runtime.sandbox.MSecurityManager.checkPermission(MSecurityManager.java:434)
java.lang.SecurityManager.checkExec(SecurityManager.java:799)
java.lang.ProcessBuilder.start(ProcessBuilder.java:1018)
org.View.Menu.cleanTerminal(Menu.java:113)
org.View.Menu.<init>(Menu.java:29)
org.View.PlaylistCreationMenu.<init>(PlaylistCreationMenu.java:17)
org.View.PlaylistCreationMenu_ESTest$18.run(PlaylistCreationMenu_ESTest.java:405)
java.util.concurrent.Executors$RunnableAdapter.call(Executors.java:511)
java.util.concurrent.FutureTask.run(FutureTask.java:266)
java.util.concurrent.ThreadPoolExecutor.runWorker(ThreadPoolExecutor.java:1149)
java.util.concurrent.ThreadPoolExecutor$Worker.run(ThreadPoolExecutor.java:624)
java.lang.Thread.run(Thread.java:750)

Erro ao limpar o terminal: Security manager blocks ("java.io.FilePermission" "<<ALL FILES>>" "execute")
java.lang.Thread.getStackTrace(Thread.java:1564)
org.evosuite.runtime.sandbox.MSecurityManager.checkPermission(MSecurityManager.java:434)
java.lang.SecurityManager.checkExec(SecurityManager.java:799)
java.lang.ProcessBuilder.start(ProcessBuilder.java:1018)
org.View.Menu.cleanTerminal(Menu.java:113)
org.View.PlaylistCreationMenu.handleInput(PlaylistCreationMenu.java:40)
org.View.PlaylistCreationMenu_ESTest$18.run(PlaylistCreationMenu_ESTest.java:408)
java.util.concurrent.Executors$RunnableAdapter.call(Executors.java:511)
java.util.concurrent.FutureTask.run(FutureTask.java:266)
java.util.concurrent.ThreadPoolExecutor.runWorker(ThreadPoolExecutor.java:1149)
java.util.concurrent.ThreadPoolExecutor$Worker.run(ThreadPoolExecutor.java:624)
java.lang.Thread.run(Thread.java:750)

📝 Nome da nova playlist: ❌ Erro: No line found
]]></system-out>
  </testcase>
  <testcase name="test05" classname="org.View.PlaylistCreationMenu_ESTest" time="0.009">
    <system-out><![CDATA[Erro ao limpar o terminal: Security manager blocks ("java.io.FilePermission" "<<ALL FILES>>" "execute")
java.lang.Thread.getStackTrace(Thread.java:1564)
org.evosuite.runtime.sandbox.MSecurityManager.checkPermission(MSecurityManager.java:434)
java.lang.SecurityManager.checkExec(SecurityManager.java:799)
java.lang.ProcessBuilder.start(ProcessBuilder.java:1018)
org.View.Menu.cleanTerminal(Menu.java:113)
org.View.Menu.<init>(Menu.java:29)
org.View.LoginMenu.<init>(LoginMenu.java:16)
org.View.MenuManager.<init>(MenuManager.java:16)
org.View.PlaylistCreationMenu_ESTest$6.run(PlaylistCreationMenu_ESTest.java:123)
java.util.concurrent.Executors$RunnableAdapter.call(Executors.java:511)
java.util.concurrent.FutureTask.run(FutureTask.java:266)
java.util.concurrent.ThreadPoolExecutor.runWorker(ThreadPoolExecutor.java:1149)
java.util.concurrent.ThreadPoolExecutor$Worker.run(ThreadPoolExecutor.java:624)
java.lang.Thread.run(Thread.java:750)

Erro ao limpar o terminal: Security manager blocks ("java.io.FilePermission" "<<ALL FILES>>" "execute")
java.lang.Thread.getStackTrace(Thread.java:1564)
org.evosuite.runtime.sandbox.MSecurityManager.checkPermission(MSecurityManager.java:434)
java.lang.SecurityManager.checkExec(SecurityManager.java:799)
java.lang.ProcessBuilder.start(ProcessBuilder.java:1018)
org.View.Menu.cleanTerminal(Menu.java:113)
org.View.Menu.<init>(Menu.java:29)
org.View.PlaylistCreationMenu.<init>(PlaylistCreationMenu.java:17)
org.View.PlaylistCreationMenu_ESTest$6.run(PlaylistCreationMenu_ESTest.java:124)
java.util.concurrent.Executors$RunnableAdapter.call(Executors.java:511)
java.util.concurrent.FutureTask.run(FutureTask.java:266)
java.util.concurrent.ThreadPoolExecutor.runWorker(ThreadPoolExecutor.java:1149)
java.util.concurrent.ThreadPoolExecutor$Worker.run(ThreadPoolExecutor.java:624)
java.lang.Thread.run(Thread.java:750)


🎵━━━━━━━━━━━━━━━【 MENU DE CRIAÇÃO DE PLAYLIST 】━━━━━━━━━━━━━━━🎵

1️⃣   ➕📝 Criar Playlist
2️⃣   🎼🎚️ Criar Playlist por Género e Duração
0️⃣   🔙 Voltar ao Menu de Playlists

👉 Escolhe uma opção: ❌ Erro: Scanner closed
]]></system-out>
  </testcase>
  <testcase name="test16" classname="org.View.PlaylistCreationMenu_ESTest" time="0.013">
    <system-out><![CDATA[Erro ao limpar o terminal: Security manager blocks ("java.io.FilePermission" "<<ALL FILES>>" "execute")
java.lang.Thread.getStackTrace(Thread.java:1564)
org.evosuite.runtime.sandbox.MSecurityManager.checkPermission(MSecurityManager.java:434)
java.lang.SecurityManager.checkExec(SecurityManager.java:799)
java.lang.ProcessBuilder.start(ProcessBuilder.java:1018)
org.View.Menu.cleanTerminal(Menu.java:113)
org.View.Menu.<init>(Menu.java:29)
org.View.LoginMenu.<init>(LoginMenu.java:16)
org.View.MenuManager.<init>(MenuManager.java:16)
org.View.PlaylistCreationMenu_ESTest$17.run(PlaylistCreationMenu_ESTest.java:389)
java.util.concurrent.Executors$RunnableAdapter.call(Executors.java:511)
java.util.concurrent.FutureTask.run(FutureTask.java:266)
java.util.concurrent.ThreadPoolExecutor.runWorker(ThreadPoolExecutor.java:1149)
java.util.concurrent.ThreadPoolExecutor$Worker.run(ThreadPoolExecutor.java:624)
java.lang.Thread.run(Thread.java:750)

Erro ao limpar o terminal: Security manager blocks ("java.io.FilePermission" "<<ALL FILES>>" "execute")
java.lang.Thread.getStackTrace(Thread.java:1564)
org.evosuite.runtime.sandbox.MSecurityManager.checkPermission(MSecurityManager.java:434)
java.lang.SecurityManager.checkExec(SecurityManager.java:799)
java.lang.ProcessBuilder.start(ProcessBuilder.java:1018)
org.View.Menu.cleanTerminal(Menu.java:113)
org.View.Menu.<init>(Menu.java:29)
org.View.PlaylistCreationMenu.<init>(PlaylistCreationMenu.java:17)
org.View.PlaylistCreationMenu_ESTest$17.run(PlaylistCreationMenu_ESTest.java:390)
java.util.concurrent.Executors$RunnableAdapter.call(Executors.java:511)
java.util.concurrent.FutureTask.run(FutureTask.java:266)
java.util.concurrent.ThreadPoolExecutor.runWorker(ThreadPoolExecutor.java:1149)
java.util.concurrent.ThreadPoolExecutor$Worker.run(ThreadPoolExecutor.java:624)
java.lang.Thread.run(Thread.java:750)

Erro ao limpar o terminal: Security manager blocks ("java.io.FilePermission" "<<ALL FILES>>" "execute")
java.lang.Thread.getStackTrace(Thread.java:1564)
org.evosuite.runtime.sandbox.MSecurityManager.checkPermission(MSecurityManager.java:434)
java.lang.SecurityManager.checkExec(SecurityManager.java:799)
java.lang.ProcessBuilder.start(ProcessBuilder.java:1018)
org.View.Menu.cleanTerminal(Menu.java:113)
org.View.PlaylistCreationMenu.handleInput(PlaylistCreationMenu.java:40)
org.View.PlaylistCreationMenu_ESTest$17.run(PlaylistCreationMenu_ESTest.java:391)
java.util.concurrent.Executors$RunnableAdapter.call(Executors.java:511)
java.util.concurrent.FutureTask.run(FutureTask.java:266)
java.util.concurrent.ThreadPoolExecutor.runWorker(ThreadPoolExecutor.java:1149)
java.util.concurrent.ThreadPoolExecutor$Worker.run(ThreadPoolExecutor.java:624)
java.lang.Thread.run(Thread.java:750)

❌ Opção inválida. Tenta novamente.

]]></system-out>
  </testcase>
  <testcase name="test04" classname="org.View.PlaylistCreationMenu_ESTest" time="0.008">
    <system-out><![CDATA[Erro ao limpar o terminal: Security manager blocks ("java.io.FilePermission" "<<ALL FILES>>" "execute")
java.lang.Thread.getStackTrace(Thread.java:1564)
org.evosuite.runtime.sandbox.MSecurityManager.checkPermission(MSecurityManager.java:434)
java.lang.SecurityManager.checkExec(SecurityManager.java:799)
java.lang.ProcessBuilder.start(ProcessBuilder.java:1018)
org.View.Menu.cleanTerminal(Menu.java:113)
org.View.Menu.<init>(Menu.java:29)
org.View.LoginMenu.<init>(LoginMenu.java:16)
org.View.MenuManager.<init>(MenuManager.java:16)
org.View.PlaylistCreationMenu_ESTest$5.run(PlaylistCreationMenu_ESTest.java:98)
java.util.concurrent.Executors$RunnableAdapter.call(Executors.java:511)
java.util.concurrent.FutureTask.run(FutureTask.java:266)
java.util.concurrent.ThreadPoolExecutor.runWorker(ThreadPoolExecutor.java:1149)
java.util.concurrent.ThreadPoolExecutor$Worker.run(ThreadPoolExecutor.java:624)
java.lang.Thread.run(Thread.java:750)

Erro ao limpar o terminal: Security manager blocks ("java.io.FilePermission" "<<ALL FILES>>" "execute")
java.lang.Thread.getStackTrace(Thread.java:1564)
org.evosuite.runtime.sandbox.MSecurityManager.checkPermission(MSecurityManager.java:434)
java.lang.SecurityManager.checkExec(SecurityManager.java:799)
java.lang.ProcessBuilder.start(ProcessBuilder.java:1018)
org.View.Menu.cleanTerminal(Menu.java:113)
org.View.Menu.<init>(Menu.java:29)
org.View.PlaylistCreationMenu.<init>(PlaylistCreationMenu.java:17)
org.View.PlaylistCreationMenu_ESTest$5.run(PlaylistCreationMenu_ESTest.java:99)
java.util.concurrent.Executors$RunnableAdapter.call(Executors.java:511)
java.util.concurrent.FutureTask.run(FutureTask.java:266)
java.util.concurrent.ThreadPoolExecutor.runWorker(ThreadPoolExecutor.java:1149)
java.util.concurrent.ThreadPoolExecutor$Worker.run(ThreadPoolExecutor.java:624)
java.lang.Thread.run(Thread.java:750)


🎵━━━━━━━━━━━━━━━【 MENU DE CRIAÇÃO DE PLAYLIST 】━━━━━━━━━━━━━━━🎵

1️⃣   ➕📝 Criar Playlist
2️⃣   🎼🎚️ Criar Playlist por Género e Duração
0️⃣   🔙 Voltar ao Menu de Playlists

👉 Escolhe uma opção: ❌ Erro: null
]]></system-out>
  </testcase>
  <testcase name="test15" classname="org.View.PlaylistCreationMenu_ESTest" time="0.005">
    <system-out><![CDATA[Erro ao limpar o terminal: Security manager blocks ("java.io.FilePermission" "<<ALL FILES>>" "execute")
java.lang.Thread.getStackTrace(Thread.java:1564)
org.evosuite.runtime.sandbox.MSecurityManager.checkPermission(MSecurityManager.java:434)
java.lang.SecurityManager.checkExec(SecurityManager.java:799)
java.lang.ProcessBuilder.start(ProcessBuilder.java:1018)
org.View.Menu.cleanTerminal(Menu.java:113)
org.View.Menu.<init>(Menu.java:29)
org.View.LoginMenu.<init>(LoginMenu.java:16)
org.View.MenuManager.<init>(MenuManager.java:16)
org.View.PlaylistCreationMenu_ESTest$16.run(PlaylistCreationMenu_ESTest.java:365)
java.util.concurrent.Executors$RunnableAdapter.call(Executors.java:511)
java.util.concurrent.FutureTask.run(FutureTask.java:266)
java.util.concurrent.ThreadPoolExecutor.runWorker(ThreadPoolExecutor.java:1149)
java.util.concurrent.ThreadPoolExecutor$Worker.run(ThreadPoolExecutor.java:624)
java.lang.Thread.run(Thread.java:750)

Erro ao limpar o terminal: Security manager blocks ("java.io.FilePermission" "<<ALL FILES>>" "execute")
java.lang.Thread.getStackTrace(Thread.java:1564)
org.evosuite.runtime.sandbox.MSecurityManager.checkPermission(MSecurityManager.java:434)
java.lang.SecurityManager.checkExec(SecurityManager.java:799)
java.lang.ProcessBuilder.start(ProcessBuilder.java:1018)
org.View.Menu.cleanTerminal(Menu.java:113)
org.View.Menu.<init>(Menu.java:29)
org.View.PlaylistCreationMenu.<init>(PlaylistCreationMenu.java:17)
org.View.PlaylistCreationMenu_ESTest$16.run(PlaylistCreationMenu_ESTest.java:366)
java.util.concurrent.Executors$RunnableAdapter.call(Executors.java:511)
java.util.concurrent.FutureTask.run(FutureTask.java:266)
java.util.concurrent.ThreadPoolExecutor.runWorker(ThreadPoolExecutor.java:1149)
java.util.concurrent.ThreadPoolExecutor$Worker.run(ThreadPoolExecutor.java:624)
java.lang.Thread.run(Thread.java:750)

📝 Nome da nova playlist: ]]></system-out>
  </testcase>
  <testcase name="test03" classname="org.View.PlaylistCreationMenu_ESTest" time="0.005">
    <system-out><![CDATA[Erro ao limpar o terminal: Security manager blocks ("java.io.FilePermission" "<<ALL FILES>>" "execute")
java.lang.Thread.getStackTrace(Thread.java:1564)
org.evosuite.runtime.sandbox.MSecurityManager.checkPermission(MSecurityManager.java:434)
java.lang.SecurityManager.checkExec(SecurityManager.java:799)
java.lang.ProcessBuilder.start(ProcessBuilder.java:1018)
org.View.Menu.cleanTerminal(Menu.java:113)
org.View.Menu.<init>(Menu.java:29)
org.View.LoginMenu.<init>(LoginMenu.java:16)
org.View.MenuManager.<init>(MenuManager.java:16)
org.View.PlaylistCreationMenu_ESTest$4.run(PlaylistCreationMenu_ESTest.java:85)
java.util.concurrent.Executors$RunnableAdapter.call(Executors.java:511)
java.util.concurrent.FutureTask.run(FutureTask.java:266)
java.util.concurrent.ThreadPoolExecutor.runWorker(ThreadPoolExecutor.java:1149)
java.util.concurrent.ThreadPoolExecutor$Worker.run(ThreadPoolExecutor.java:624)
java.lang.Thread.run(Thread.java:750)

Erro ao limpar o terminal: Security manager blocks ("java.io.FilePermission" "<<ALL FILES>>" "execute")
java.lang.Thread.getStackTrace(Thread.java:1564)
org.evosuite.runtime.sandbox.MSecurityManager.checkPermission(MSecurityManager.java:434)
java.lang.SecurityManager.checkExec(SecurityManager.java:799)
java.lang.ProcessBuilder.start(ProcessBuilder.java:1018)
org.View.Menu.cleanTerminal(Menu.java:113)
org.View.Menu.<init>(Menu.java:29)
org.View.PlaylistCreationMenu.<init>(PlaylistCreationMenu.java:17)
org.View.PlaylistCreationMenu_ESTest$4.run(PlaylistCreationMenu_ESTest.java:86)
java.util.concurrent.Executors$RunnableAdapter.call(Executors.java:511)
java.util.concurrent.FutureTask.run(FutureTask.java:266)
java.util.concurrent.ThreadPoolExecutor.runWorker(ThreadPoolExecutor.java:1149)
java.util.concurrent.ThreadPoolExecutor$Worker.run(ThreadPoolExecutor.java:624)
java.lang.Thread.run(Thread.java:750)

📝 Nome da nova playlist: 
❌ Erro ao adicionar a playlist: null

]]></system-out>
  </testcase>
  <testcase name="test14" classname="org.View.PlaylistCreationMenu_ESTest" time="0.005">
    <system-out><![CDATA[Erro ao limpar o terminal: Security manager blocks ("java.io.FilePermission" "<<ALL FILES>>" "execute")
java.lang.Thread.getStackTrace(Thread.java:1564)
org.evosuite.runtime.sandbox.MSecurityManager.checkPermission(MSecurityManager.java:434)
java.lang.SecurityManager.checkExec(SecurityManager.java:799)
java.lang.ProcessBuilder.start(ProcessBuilder.java:1018)
org.View.Menu.cleanTerminal(Menu.java:113)
org.View.Menu.<init>(Menu.java:29)
org.View.LoginMenu.<init>(LoginMenu.java:16)
org.View.MenuManager.<init>(MenuManager.java:16)
org.View.PlaylistCreationMenu_ESTest$15.run(PlaylistCreationMenu_ESTest.java:342)
java.util.concurrent.Executors$RunnableAdapter.call(Executors.java:511)
java.util.concurrent.FutureTask.run(FutureTask.java:266)
java.util.concurrent.ThreadPoolExecutor.runWorker(ThreadPoolExecutor.java:1149)
java.util.concurrent.ThreadPoolExecutor$Worker.run(ThreadPoolExecutor.java:624)
java.lang.Thread.run(Thread.java:750)

Erro ao limpar o terminal: Security manager blocks ("java.io.FilePermission" "<<ALL FILES>>" "execute")
java.lang.Thread.getStackTrace(Thread.java:1564)
org.evosuite.runtime.sandbox.MSecurityManager.checkPermission(MSecurityManager.java:434)
java.lang.SecurityManager.checkExec(SecurityManager.java:799)
java.lang.ProcessBuilder.start(ProcessBuilder.java:1018)
org.View.Menu.cleanTerminal(Menu.java:113)
org.View.Menu.<init>(Menu.java:29)
org.View.PlaylistCreationMenu.<init>(PlaylistCreationMenu.java:17)
org.View.PlaylistCreationMenu_ESTest$15.run(PlaylistCreationMenu_ESTest.java:343)
java.util.concurrent.Executors$RunnableAdapter.call(Executors.java:511)
java.util.concurrent.FutureTask.run(FutureTask.java:266)
java.util.concurrent.ThreadPoolExecutor.runWorker(ThreadPoolExecutor.java:1149)
java.util.concurrent.ThreadPoolExecutor$Worker.run(ThreadPoolExecutor.java:624)
java.lang.Thread.run(Thread.java:750)


🎵━━━━━━━━━━━━━━━【 MENU DE CRIAÇÃO DE PLAYLIST 】━━━━━━━━━━━━━━━🎵

1️⃣   ➕📝 Criar Playlist
2️⃣   🎼🎚️ Criar Playlist por Género e Duração
0️⃣   🔙 Voltar ao Menu de Playlists

👉 Escolhe uma opção: ❌ Erro: null
]]></system-out>
  </testcase>
  <testcase name="test02" classname="org.View.PlaylistCreationMenu_ESTest" time="0.004">
    <system-out><![CDATA[Erro ao limpar o terminal: Security manager blocks ("java.io.FilePermission" "<<ALL FILES>>" "execute")
java.lang.Thread.getStackTrace(Thread.java:1564)
org.evosuite.runtime.sandbox.MSecurityManager.checkPermission(MSecurityManager.java:434)
java.lang.SecurityManager.checkExec(SecurityManager.java:799)
java.lang.ProcessBuilder.start(ProcessBuilder.java:1018)
org.View.Menu.cleanTerminal(Menu.java:113)
org.View.Menu.<init>(Menu.java:29)
org.View.LoginMenu.<init>(LoginMenu.java:16)
org.View.MenuManager.<init>(MenuManager.java:16)
org.View.PlaylistCreationMenu_ESTest$3.run(PlaylistCreationMenu_ESTest.java:68)
java.util.concurrent.Executors$RunnableAdapter.call(Executors.java:511)
java.util.concurrent.FutureTask.run(FutureTask.java:266)
java.util.concurrent.ThreadPoolExecutor.runWorker(ThreadPoolExecutor.java:1149)
java.util.concurrent.ThreadPoolExecutor$Worker.run(ThreadPoolExecutor.java:624)
java.lang.Thread.run(Thread.java:750)

Erro ao limpar o terminal: Security manager blocks ("java.io.FilePermission" "<<ALL FILES>>" "execute")
java.lang.Thread.getStackTrace(Thread.java:1564)
org.evosuite.runtime.sandbox.MSecurityManager.checkPermission(MSecurityManager.java:434)
java.lang.SecurityManager.checkExec(SecurityManager.java:799)
java.lang.ProcessBuilder.start(ProcessBuilder.java:1018)
org.View.Menu.cleanTerminal(Menu.java:113)
org.View.Menu.<init>(Menu.java:29)
org.View.PlaylistCreationMenu.<init>(PlaylistCreationMenu.java:17)
org.View.PlaylistCreationMenu_ESTest$3.run(PlaylistCreationMenu_ESTest.java:71)
java.util.concurrent.Executors$RunnableAdapter.call(Executors.java:511)
java.util.concurrent.FutureTask.run(FutureTask.java:266)
java.util.concurrent.ThreadPoolExecutor.runWorker(ThreadPoolExecutor.java:1149)
java.util.concurrent.ThreadPoolExecutor$Worker.run(ThreadPoolExecutor.java:624)
java.lang.Thread.run(Thread.java:750)

📝 Nome da nova playlist: 📭 Não existem géneros disponíveis.
🎵 Género da nova playlist: ⏳ Duração máxima da nova playlist (em minutos): ❌ Erro ao criar a playlist: null
]]></system-out>
  </testcase>
  <testcase name="test13" classname="org.View.PlaylistCreationMenu_ESTest" time="0.008">
    <system-out><![CDATA[Erro ao limpar o terminal: Security manager blocks ("java.io.FilePermission" "<<ALL FILES>>" "execute")
java.lang.Thread.getStackTrace(Thread.java:1564)
org.evosuite.runtime.sandbox.MSecurityManager.checkPermission(MSecurityManager.java:434)
java.lang.SecurityManager.checkExec(SecurityManager.java:799)
java.lang.ProcessBuilder.start(ProcessBuilder.java:1018)
org.View.Menu.cleanTerminal(Menu.java:113)
org.View.Menu.<init>(Menu.java:29)
org.View.LoginMenu.<init>(LoginMenu.java:16)
org.View.MenuManager.<init>(MenuManager.java:16)
org.View.PlaylistCreationMenu_ESTest$14.run(PlaylistCreationMenu_ESTest.java:318)
java.util.concurrent.Executors$RunnableAdapter.call(Executors.java:511)
java.util.concurrent.FutureTask.run(FutureTask.java:266)
java.util.concurrent.ThreadPoolExecutor.runWorker(ThreadPoolExecutor.java:1149)
java.util.concurrent.ThreadPoolExecutor$Worker.run(ThreadPoolExecutor.java:624)
java.lang.Thread.run(Thread.java:750)

Erro ao limpar o terminal: Security manager blocks ("java.io.FilePermission" "<<ALL FILES>>" "execute")
java.lang.Thread.getStackTrace(Thread.java:1564)
org.evosuite.runtime.sandbox.MSecurityManager.checkPermission(MSecurityManager.java:434)
java.lang.SecurityManager.checkExec(SecurityManager.java:799)
java.lang.ProcessBuilder.start(ProcessBuilder.java:1018)
org.View.Menu.cleanTerminal(Menu.java:113)
org.View.Menu.<init>(Menu.java:29)
org.View.PlaylistCreationMenu.<init>(PlaylistCreationMenu.java:17)
org.View.PlaylistCreationMenu_ESTest$14.run(PlaylistCreationMenu_ESTest.java:319)
java.util.concurrent.Executors$RunnableAdapter.call(Executors.java:511)
java.util.concurrent.FutureTask.run(FutureTask.java:266)
java.util.concurrent.ThreadPoolExecutor.runWorker(ThreadPoolExecutor.java:1149)
java.util.concurrent.ThreadPoolExecutor$Worker.run(ThreadPoolExecutor.java:624)
java.lang.Thread.run(Thread.java:750)

📝 Nome da nova playlist: ]]></system-out>
  </testcase>
  <testcase name="test01" classname="org.View.PlaylistCreationMenu_ESTest" time="0.015">
    <system-out><![CDATA[Erro ao limpar o terminal: Security manager blocks ("java.io.FilePermission" "<<ALL FILES>>" "execute")
java.lang.Thread.getStackTrace(Thread.java:1564)
org.evosuite.runtime.sandbox.MSecurityManager.checkPermission(MSecurityManager.java:434)
java.lang.SecurityManager.checkExec(SecurityManager.java:799)
java.lang.ProcessBuilder.start(ProcessBuilder.java:1018)
org.View.Menu.cleanTerminal(Menu.java:113)
org.View.Menu.<init>(Menu.java:29)
org.View.LoginMenu.<init>(LoginMenu.java:16)
org.View.MenuManager.<init>(MenuManager.java:16)
org.View.PlaylistCreationMenu_ESTest$2.run(PlaylistCreationMenu_ESTest.java:53)
java.util.concurrent.Executors$RunnableAdapter.call(Executors.java:511)
java.util.concurrent.FutureTask.run(FutureTask.java:266)
java.util.concurrent.ThreadPoolExecutor.runWorker(ThreadPoolExecutor.java:1149)
java.util.concurrent.ThreadPoolExecutor$Worker.run(ThreadPoolExecutor.java:624)
java.lang.Thread.run(Thread.java:750)

Erro ao limpar o terminal: Security manager blocks ("java.io.FilePermission" "<<ALL FILES>>" "execute")
java.lang.Thread.getStackTrace(Thread.java:1564)
org.evosuite.runtime.sandbox.MSecurityManager.checkPermission(MSecurityManager.java:434)
java.lang.SecurityManager.checkExec(SecurityManager.java:799)
java.lang.ProcessBuilder.start(ProcessBuilder.java:1018)
org.View.Menu.cleanTerminal(Menu.java:113)
org.View.Menu.<init>(Menu.java:29)
org.View.PlaylistCreationMenu.<init>(PlaylistCreationMenu.java:17)
org.View.PlaylistCreationMenu_ESTest$2.run(PlaylistCreationMenu_ESTest.java:54)
java.util.concurrent.Executors$RunnableAdapter.call(Executors.java:511)
java.util.concurrent.FutureTask.run(FutureTask.java:266)
java.util.concurrent.ThreadPoolExecutor.runWorker(ThreadPoolExecutor.java:1149)
java.util.concurrent.ThreadPoolExecutor$Worker.run(ThreadPoolExecutor.java:624)
java.lang.Thread.run(Thread.java:750)

Erro ao limpar o terminal: Security manager blocks ("java.io.FilePermission" "<<ALL FILES>>" "execute")
java.lang.Thread.getStackTrace(Thread.java:1564)
org.evosuite.runtime.sandbox.MSecurityManager.checkPermission(MSecurityManager.java:434)
java.lang.SecurityManager.checkExec(SecurityManager.java:799)
java.lang.ProcessBuilder.start(ProcessBuilder.java:1018)
org.View.Menu.cleanTerminal(Menu.java:113)
org.View.PlaylistCreationMenu.handleInput(PlaylistCreationMenu.java:40)
org.View.PlaylistCreationMenu_ESTest$2.run(PlaylistCreationMenu_ESTest.java:55)
java.util.concurrent.Executors$RunnableAdapter.call(Executors.java:511)
java.util.concurrent.FutureTask.run(FutureTask.java:266)
java.util.concurrent.ThreadPoolExecutor.runWorker(ThreadPoolExecutor.java:1149)
java.util.concurrent.ThreadPoolExecutor$Worker.run(ThreadPoolExecutor.java:624)
java.lang.Thread.run(Thread.java:750)

📝 Nome da nova playlist: 
❌ Erro ao adicionar a playlist: null

]]></system-out>
  </testcase>
  <testcase name="test12" classname="org.View.PlaylistCreationMenu_ESTest" time="0.008">
    <system-out><![CDATA[Erro ao limpar o terminal: Security manager blocks ("java.io.FilePermission" "<<ALL FILES>>" "execute")
java.lang.Thread.getStackTrace(Thread.java:1564)
org.evosuite.runtime.sandbox.MSecurityManager.checkPermission(MSecurityManager.java:434)
java.lang.SecurityManager.checkExec(SecurityManager.java:799)
java.lang.ProcessBuilder.start(ProcessBuilder.java:1018)
org.View.Menu.cleanTerminal(Menu.java:113)
org.View.Menu.<init>(Menu.java:29)
org.View.LoginMenu.<init>(LoginMenu.java:16)
org.View.MenuManager.<init>(MenuManager.java:16)
org.View.PlaylistCreationMenu_ESTest$13.run(PlaylistCreationMenu_ESTest.java:294)
java.util.concurrent.Executors$RunnableAdapter.call(Executors.java:511)
java.util.concurrent.FutureTask.run(FutureTask.java:266)
java.util.concurrent.ThreadPoolExecutor.runWorker(ThreadPoolExecutor.java:1149)
java.util.concurrent.ThreadPoolExecutor$Worker.run(ThreadPoolExecutor.java:624)
java.lang.Thread.run(Thread.java:750)

Erro ao limpar o terminal: Security manager blocks ("java.io.FilePermission" "<<ALL FILES>>" "execute")
java.lang.Thread.getStackTrace(Thread.java:1564)
org.evosuite.runtime.sandbox.MSecurityManager.checkPermission(MSecurityManager.java:434)
java.lang.SecurityManager.checkExec(SecurityManager.java:799)
java.lang.ProcessBuilder.start(ProcessBuilder.java:1018)
org.View.Menu.cleanTerminal(Menu.java:113)
org.View.Menu.<init>(Menu.java:29)
org.View.PlaylistCreationMenu.<init>(PlaylistCreationMenu.java:17)
org.View.PlaylistCreationMenu_ESTest$13.run(PlaylistCreationMenu_ESTest.java:295)
java.util.concurrent.Executors$RunnableAdapter.call(Executors.java:511)
java.util.concurrent.FutureTask.run(FutureTask.java:266)
java.util.concurrent.ThreadPoolExecutor.runWorker(ThreadPoolExecutor.java:1149)
java.util.concurrent.ThreadPoolExecutor$Worker.run(ThreadPoolExecutor.java:624)
java.lang.Thread.run(Thread.java:750)

📝 Nome da nova playlist: ]]></system-out>
  </testcase>
  <testcase name="test00" classname="org.View.PlaylistCreationMenu_ESTest" time="0.007">
    <system-out><![CDATA[Erro ao limpar o terminal: Security manager blocks ("java.io.FilePermission" "<<ALL FILES>>" "execute")
java.lang.Thread.getStackTrace(Thread.java:1564)
org.evosuite.runtime.sandbox.MSecurityManager.checkPermission(MSecurityManager.java:434)
java.lang.SecurityManager.checkExec(SecurityManager.java:799)
java.lang.ProcessBuilder.start(ProcessBuilder.java:1018)
org.View.Menu.cleanTerminal(Menu.java:113)
org.View.Menu.<init>(Menu.java:29)
org.View.LoginMenu.<init>(LoginMenu.java:16)
org.View.MenuManager.<init>(MenuManager.java:16)
org.View.PlaylistCreationMenu_ESTest$1.run(PlaylistCreationMenu_ESTest.java:37)
java.util.concurrent.Executors$RunnableAdapter.call(Executors.java:511)
java.util.concurrent.FutureTask.run(FutureTask.java:266)
java.util.concurrent.ThreadPoolExecutor.runWorker(ThreadPoolExecutor.java:1149)
java.util.concurrent.ThreadPoolExecutor$Worker.run(ThreadPoolExecutor.java:624)
java.lang.Thread.run(Thread.java:750)

Erro ao limpar o terminal: Security manager blocks ("java.io.FilePermission" "<<ALL FILES>>" "execute")
java.lang.Thread.getStackTrace(Thread.java:1564)
org.evosuite.runtime.sandbox.MSecurityManager.checkPermission(MSecurityManager.java:434)
java.lang.SecurityManager.checkExec(SecurityManager.java:799)
java.lang.ProcessBuilder.start(ProcessBuilder.java:1018)
org.View.Menu.cleanTerminal(Menu.java:113)
org.View.Menu.<init>(Menu.java:29)
org.View.PlaylistCreationMenu.<init>(PlaylistCreationMenu.java:17)
org.View.PlaylistCreationMenu_ESTest$1.run(PlaylistCreationMenu_ESTest.java:38)
java.util.concurrent.Executors$RunnableAdapter.call(Executors.java:511)
java.util.concurrent.FutureTask.run(FutureTask.java:266)
java.util.concurrent.ThreadPoolExecutor.runWorker(ThreadPoolExecutor.java:1149)
java.util.concurrent.ThreadPoolExecutor$Worker.run(ThreadPoolExecutor.java:624)
java.lang.Thread.run(Thread.java:750)


🎵━━━━━━━━━━━━━━━【 MENU DE CRIAÇÃO DE PLAYLIST 】━━━━━━━━━━━━━━━🎵

1️⃣   ➕📝 Criar Playlist
2️⃣   🎼🎚️ Criar Playlist por Género e Duração
0️⃣   🔙 Voltar ao Menu de Playlists

👉 Escolhe uma opção: ❌ Erro: null
]]></system-out>
  </testcase>
  <testcase name="test11" classname="org.View.PlaylistCreationMenu_ESTest" time="0.007">
    <system-out><![CDATA[Erro ao limpar o terminal: Security manager blocks ("java.io.FilePermission" "<<ALL FILES>>" "execute")
java.lang.Thread.getStackTrace(Thread.java:1564)
org.evosuite.runtime.sandbox.MSecurityManager.checkPermission(MSecurityManager.java:434)
java.lang.SecurityManager.checkExec(SecurityManager.java:799)
java.lang.ProcessBuilder.start(ProcessBuilder.java:1018)
org.View.Menu.cleanTerminal(Menu.java:113)
org.View.Menu.<init>(Menu.java:29)
org.View.LoginMenu.<init>(LoginMenu.java:16)
org.View.MenuManager.<init>(MenuManager.java:16)
org.View.PlaylistCreationMenu_ESTest$12.run(PlaylistCreationMenu_ESTest.java:270)
java.util.concurrent.Executors$RunnableAdapter.call(Executors.java:511)
java.util.concurrent.FutureTask.run(FutureTask.java:266)
java.util.concurrent.ThreadPoolExecutor.runWorker(ThreadPoolExecutor.java:1149)
java.util.concurrent.ThreadPoolExecutor$Worker.run(ThreadPoolExecutor.java:624)
java.lang.Thread.run(Thread.java:750)

Erro ao limpar o terminal: Security manager blocks ("java.io.FilePermission" "<<ALL FILES>>" "execute")
java.lang.Thread.getStackTrace(Thread.java:1564)
org.evosuite.runtime.sandbox.MSecurityManager.checkPermission(MSecurityManager.java:434)
java.lang.SecurityManager.checkExec(SecurityManager.java:799)
java.lang.ProcessBuilder.start(ProcessBuilder.java:1018)
org.View.Menu.cleanTerminal(Menu.java:113)
org.View.Menu.<init>(Menu.java:29)
org.View.PlaylistCreationMenu.<init>(PlaylistCreationMenu.java:17)
org.View.PlaylistCreationMenu_ESTest$12.run(PlaylistCreationMenu_ESTest.java:271)
java.util.concurrent.Executors$RunnableAdapter.call(Executors.java:511)
java.util.concurrent.FutureTask.run(FutureTask.java:266)
java.util.concurrent.ThreadPoolExecutor.runWorker(ThreadPoolExecutor.java:1149)
java.util.concurrent.ThreadPoolExecutor$Worker.run(ThreadPoolExecutor.java:624)
java.lang.Thread.run(Thread.java:750)

📝 Nome da nova playlist: ]]></system-out>
  </testcase>
  <testcase name="test10" classname="org.View.PlaylistCreationMenu_ESTest" time="0.007">
    <system-out><![CDATA[Erro ao limpar o terminal: Security manager blocks ("java.io.FilePermission" "<<ALL FILES>>" "execute")
java.lang.Thread.getStackTrace(Thread.java:1564)
org.evosuite.runtime.sandbox.MSecurityManager.checkPermission(MSecurityManager.java:434)
java.lang.SecurityManager.checkExec(SecurityManager.java:799)
java.lang.ProcessBuilder.start(ProcessBuilder.java:1018)
org.View.Menu.cleanTerminal(Menu.java:113)
org.View.Menu.<init>(Menu.java:29)
org.View.LoginMenu.<init>(LoginMenu.java:16)
org.View.MenuManager.<init>(MenuManager.java:16)
org.View.PlaylistCreationMenu_ESTest$11.run(PlaylistCreationMenu_ESTest.java:247)
java.util.concurrent.Executors$RunnableAdapter.call(Executors.java:511)
java.util.concurrent.FutureTask.run(FutureTask.java:266)
java.util.concurrent.ThreadPoolExecutor.runWorker(ThreadPoolExecutor.java:1149)
java.util.concurrent.ThreadPoolExecutor$Worker.run(ThreadPoolExecutor.java:624)
java.lang.Thread.run(Thread.java:750)

Erro ao limpar o terminal: Security manager blocks ("java.io.FilePermission" "<<ALL FILES>>" "execute")
java.lang.Thread.getStackTrace(Thread.java:1564)
org.evosuite.runtime.sandbox.MSecurityManager.checkPermission(MSecurityManager.java:434)
java.lang.SecurityManager.checkExec(SecurityManager.java:799)
java.lang.ProcessBuilder.start(ProcessBuilder.java:1018)
org.View.Menu.cleanTerminal(Menu.java:113)
org.View.Menu.<init>(Menu.java:29)
org.View.PlaylistCreationMenu.<init>(PlaylistCreationMenu.java:17)
org.View.PlaylistCreationMenu_ESTest$11.run(PlaylistCreationMenu_ESTest.java:248)
java.util.concurrent.Executors$RunnableAdapter.call(Executors.java:511)
java.util.concurrent.FutureTask.run(FutureTask.java:266)
java.util.concurrent.ThreadPoolExecutor.runWorker(ThreadPoolExecutor.java:1149)
java.util.concurrent.ThreadPoolExecutor$Worker.run(ThreadPoolExecutor.java:624)
java.lang.Thread.run(Thread.java:750)

📝 Nome da nova playlist: ]]></system-out>
  </testcase>
</testsuite>