<?xml version="1.0" encoding="UTF-8"?>
<testsuite name="org.spotifumtp37.delegate.SpotifUMUI_ESTest" tests="16" skipped="0" failures="0" errors="0" timestamp="2026-05-08T21:23:36" hostname="gongas-Legion-Y540-15IRH-PG0" time="0.039">
  <properties/>
  <testcase name="test03" classname="org.spotifumtp37.delegate.SpotifUMUI_ESTest" time="0.002"/>
  <testcase name="test14" classname="org.spotifumtp37.delegate.SpotifUMUI_ESTest" time="0.003"/>
  <testcase name="test02" classname="org.spotifumtp37.delegate.SpotifUMUI_ESTest" time="0.001"/>
  <testcase name="test13" classname="org.spotifumtp37.delegate.SpotifUMUI_ESTest" time="0.002"/>
  <testcase name="test05" classname="org.spotifumtp37.delegate.SpotifUMUI_ESTest" time="0.002"/>
  <testcase name="test04" classname="org.spotifumtp37.delegate.SpotifUMUI_ESTest" time="0.001"/>
  <testcase name="test15" classname="org.spotifumtp37.delegate.SpotifUMUI_ESTest" time="0.002"/>
  <testcase name="test10" classname="org.spotifumtp37.delegate.SpotifUMUI_ESTest" time="0.002"/>
  <testcase name="test01" classname="org.spotifumtp37.delegate.SpotifUMUI_ESTest" time="0.002"/>
  <testcase name="test12" classname="org.spotifumtp37.delegate.SpotifUMUI_ESTest" time="0.002"/>
  <testcase name="test00" classname="org.spotifumtp37.delegate.SpotifUMUI_ESTest" time="0.002"/>
  <testcase name="test11" classname="org.spotifumtp37.delegate.SpotifUMUI_ESTest" time="0.002"/>
  <testcase name="test07" classname="org.spotifumtp37.delegate.SpotifUMUI_ESTest" time="0.001"/>
  <testcase name="test06" classname="org.spotifumtp37.delegate.SpotifUMUI_ESTest" time="0.001"/>
  <testcase name="test09" classname="org.spotifumtp37.delegate.SpotifUMUI_ESTest" time="0.001"/>
  <testcase name="test08" classname="org.spotifumtp37.delegate.SpotifUMUI_ESTest" time="0.01"/>
  <system-out><![CDATA[
 *** SpotifUM *** 
1 - Login as User
2 - Sign up as a new User
3 - Log in as Admin
0 - Exit
Input your username:Input your password:Invalid credentials for User!
Sign Up as a New User!
Enter your desired username: Enter your desired password: Confirm your password: Enter your email address: Enter your address: Passwords do not match! Please retry signing up.
Sign Up as a New User!
Input your username:Input your password:Login successful! Redirecting to User Menu...

 *** SpotifUM *** 
1 - Listen to Music
2 - Manage Playlists
3 - Update Subscription
4 - Edit Profile
0 - Exit
Sign Up as a New User!
Enter your desired username: Enter your desired password: Confirm your password: Enter your email address: Enter your address: Account created successfully! You can now log in.
Input admin username: Input admin password: Invalid admin credentials!
Input admin username: Input admin password: Invalid admin credentials!
]]></system-out>
  <system-err><![CDATA[]]></system-err>
</testsuite>
