<?xml version="1.0" encoding="UTF-8"?>
<testsuite name="org.spotifumtp37.util.JsonDataParser_ESTest" tests="13" skipped="0" failures="0" errors="0" timestamp="2026-05-04T22:16:47" hostname="gongas-Legion-Y540-15IRH-PG0" time="0.043">
  <properties/>
  <testcase name="test09" classname="org.spotifumtp37.util.JsonDataParser_ESTest" time="0.007"/>
  <testcase name="test08" classname="org.spotifumtp37.util.JsonDataParser_ESTest" time="0.004"/>
  <testcase name="test07" classname="org.spotifumtp37.util.JsonDataParser_ESTest" time="0.003"/>
  <testcase name="test06" classname="org.spotifumtp37.util.JsonDataParser_ESTest" time="0.003"/>
  <testcase name="test01" classname="org.spotifumtp37.util.JsonDataParser_ESTest" time="0.002"/>
  <testcase name="test12" classname="org.spotifumtp37.util.JsonDataParser_ESTest" time="0.004"/>
  <testcase name="test00" classname="org.spotifumtp37.util.JsonDataParser_ESTest" time="0.004"/>
  <testcase name="test11" classname="org.spotifumtp37.util.JsonDataParser_ESTest" time="0.005"/>
  <testcase name="test10" classname="org.spotifumtp37.util.JsonDataParser_ESTest" time="0.002"/>
  <testcase name="test05" classname="org.spotifumtp37.util.JsonDataParser_ESTest" time="0.001"/>
  <testcase name="test04" classname="org.spotifumtp37.util.JsonDataParser_ESTest" time="0.002"/>
  <testcase name="test03" classname="org.spotifumtp37.util.JsonDataParser_ESTest" time="0.003"/>
  <testcase name="test02" classname="org.spotifumtp37.util.JsonDataParser_ESTest" time="0.003"/>
  <system-out><![CDATA[]]></system-out>
  <system-err><![CDATA[]]></system-err>
</testsuite>
