<?xml version="1.0" encoding="UTF-8"?>
<testsuite name="org.spotifumtp37.util.SubscriptionPlanAdapter_ESTest" tests="9" skipped="0" failures="0" errors="0" timestamp="2026-05-05T09:43:47" hostname="gongas-Legion-Y540-15IRH-PG0" time="0.028">
  <properties/>
  <testcase name="test8" classname="org.spotifumtp37.util.SubscriptionPlanAdapter_ESTest" time="0.009"/>
  <testcase name="test6" classname="org.spotifumtp37.util.SubscriptionPlanAdapter_ESTest" time="0.002"/>
  <testcase name="test7" classname="org.spotifumtp37.util.SubscriptionPlanAdapter_ESTest" time="0.003"/>
  <testcase name="test4" classname="org.spotifumtp37.util.SubscriptionPlanAdapter_ESTest" time="0.002"/>
  <testcase name="test5" classname="org.spotifumtp37.util.SubscriptionPlanAdapter_ESTest" time="0.002"/>
  <testcase name="test2" classname="org.spotifumtp37.util.SubscriptionPlanAdapter_ESTest" time="0.002"/>
  <testcase name="test3" classname="org.spotifumtp37.util.SubscriptionPlanAdapter_ESTest" time="0.002"/>
  <testcase name="test0" classname="org.spotifumtp37.util.SubscriptionPlanAdapter_ESTest" time="0.003"/>
  <testcase name="test1" classname="org.spotifumtp37.util.SubscriptionPlanAdapter_ESTest" time="0.002"/>
  <system-out><![CDATA[]]></system-out>
  <system-err><![CDATA[]]></system-err>
</testsuite>
