-------------------------------------------------------------------------------
Test set: org.Utils.BrowserOpener_ESTest
-------------------------------------------------------------------------------
Tests run: 3, Failures: 1, Errors: 0, Skipped: 0, Time elapsed: 0.066 s <<< FAILURE! - in org.Utils.BrowserOpener_ESTest
test2  Time elapsed: 0.065 s  <<< FAILURE!
java.lang.AssertionError: Exception was not thrown in org.Utils.BrowserOpener but in java.awt.Desktop.getDesktop(Desktop.java:142): java.awt.HeadlessException
	at org.Utils.BrowserOpener_ESTest.test2(BrowserOpener_ESTest.java:61)

